2023-05-02 04:49:40,897 [INFO] Activator:176 - 


2023-05-02 04:49:40,903 [INFO] Activator:177 - !SESSION log4j initialized
2023-05-02 04:49:47,682 [INFO] LogOutputStream:77 - [STDOUT_REDIRECT] 
2023-05-02 04:49:56,093 [INFO] ApplicationProperties:184 - Using Application install path: C:\ST\STM32CubeIDE_1.12.1\STM32CubeIDE\plugins\com.st.stm32cube.common.mx_6.8.1.202304191431
2023-05-02 04:49:56,129 [INFO] DbMcusXml:78 - Set database path to: C:\ST\STM32CubeIDE_1.12.1\STM32CubeIDE\plugins\com.st.stm32cube.common.mx_6.8.1.202304191431\\db\/mcu/
2023-05-02 04:49:56,130 [INFO] ApiDb:274 - Set plugin database path to: C:\ST\STM32CubeIDE_1.12.1\STM32CubeIDE\plugins\com.st.stm32cube.common.mx_6.8.1.202304191431\\db\/plugins/boardmanager/
2023-05-02 04:49:56,135 [WARN] ApiDb:259 - Overriding images path with different value:  => C:\ST\STM32CubeIDE_1.12.1\STM32CubeIDE\plugins\com.st.stm32cube.common.mx_6.8.1.202304191431\\db\/plugins/mcufinder/images/
2023-05-02 04:49:59,377 [WARN] ApiFinderProperties:113 - C:\Users\es-MohamedHAbdelAziz\.stmcufinder\plugins\mcufinder\mcu\mcuFinder.mfd doesn't exist
2023-05-02 04:49:59,379 [INFO] ApiDb:250 - Set database path to: C:\Users\es-MohamedHAbdelAziz\.stmcufinder\plugins\mcufinder//mcu/
2023-05-02 04:49:59,389 [INFO] DbMcusAds:125 - Set database path to: C:\Users\es-MohamedHAbdelAziz\.stmcufinder\plugins\mcufinder//mcu/
2023-05-02 04:49:59,399 [INFO] CrossReferenceDbSqlite:203 - Set database path to: C:\Users\es-MohamedHAbdelAziz\.stmcufinder\plugins\mcufinder//mcu/cs/
2023-05-02 04:49:59,622 [INFO] RulesReader:64 - Compatibility file has been processed (293 Rules)
2023-05-02 04:49:59,813 [INFO] DbMcusXml:78 - Set database path to: C:\ST\STM32CubeIDE_1.12.1\STM32CubeIDE\plugins\com.st.stm32cube.common.mx_6.8.1.202304191431\\db\/mcu/
2023-05-02 04:49:59,813 [INFO] ApiDb:274 - Set plugin database path to: C:\ST\STM32CubeIDE_1.12.1\STM32CubeIDE\plugins\com.st.stm32cube.common.mx_6.8.1.202304191431\\db\/plugins/boardmanager/
2023-05-02 04:49:59,814 [INFO] ApiDb:261 - Set plugin images path to: C:\ST\STM32CubeIDE_1.12.1\STM32CubeIDE\plugins\com.st.stm32cube.common.mx_6.8.1.202304191431\\db\/plugins/mcufinder/images/
2023-05-02 04:49:59,815 [WARN] DbFile:41 - Overriding database path with different value: C:\Users\es-MohamedHAbdelAziz\.stmcufinder\plugins\mcufinder/ => C:\Users\es-MohamedHAbdelAziz\.stmcufinder\plugins\mcufinder
2023-05-02 04:49:59,815 [INFO] ApiDb:250 - Set database path to: C:\Users\es-MohamedHAbdelAziz\.stmcufinder\plugins\mcufinder//mcu/
2023-05-02 04:49:59,815 [WARN] DbFile:41 - Overriding database path with different value: C:\Users\es-MohamedHAbdelAziz\.stmcufinder\plugins\mcufinder/ => C:\Users\es-MohamedHAbdelAziz\.stmcufinder\plugins\mcufinder
2023-05-02 04:49:59,816 [INFO] DbMcusAds:125 - Set database path to: C:\Users\es-MohamedHAbdelAziz\.stmcufinder\plugins\mcufinder//mcu/
2023-05-02 04:49:59,816 [WARN] DbFile:41 - Overriding database path with different value: C:\Users\es-MohamedHAbdelAziz\.stmcufinder\plugins\mcufinder/ => C:\Users\es-MohamedHAbdelAziz\.stmcufinder\plugins\mcufinder
2023-05-02 04:49:59,816 [WARN] DbFile:41 - Overriding database path with different value: C:\Users\es-MohamedHAbdelAziz\.stmcufinder\plugins\mcufinder/ => C:\Users\es-MohamedHAbdelAziz\.stmcufinder\plugins\mcufinder
2023-05-02 04:49:59,816 [INFO] CrossReferenceDbSqlite:203 - Set database path to: C:\Users\es-MohamedHAbdelAziz\.stmcufinder\plugins\mcufinder//mcu/cs/
2023-05-02 04:49:59,983 [INFO] MainPanel:253 - HeapMemory: 268435456
2023-05-02 04:50:00,192 [INFO] DbMcusXml:78 - Set database path to: C:\ST\STM32CubeIDE_1.12.1\STM32CubeIDE\plugins\com.st.stm32cube.common.mx_6.8.1.202304191431\\db\/mcu/
2023-05-02 04:50:00,192 [INFO] ApiDb:274 - Set plugin database path to: C:\ST\STM32CubeIDE_1.12.1\STM32CubeIDE\plugins\com.st.stm32cube.common.mx_6.8.1.202304191431\\db\/plugins/boardmanager/
2023-05-02 04:50:00,193 [INFO] ApiDb:261 - Set plugin images path to: C:\ST\STM32CubeIDE_1.12.1\STM32CubeIDE\plugins\com.st.stm32cube.common.mx_6.8.1.202304191431\\db\/plugins/mcufinder/images/
2023-05-02 04:50:00,194 [WARN] DbFile:41 - Overriding database path with different value: C:\Users\es-MohamedHAbdelAziz\.stmcufinder\plugins\mcufinder/ => C:\Users\es-MohamedHAbdelAziz\.stmcufinder\plugins\mcufinder
2023-05-02 04:50:00,194 [INFO] ApiDb:250 - Set database path to: C:\Users\es-MohamedHAbdelAziz\.stmcufinder\plugins\mcufinder//mcu/
2023-05-02 04:50:00,195 [WARN] DbFile:41 - Overriding database path with different value: C:\Users\es-MohamedHAbdelAziz\.stmcufinder\plugins\mcufinder/ => C:\Users\es-MohamedHAbdelAziz\.stmcufinder\plugins\mcufinder
2023-05-02 04:50:00,195 [INFO] DbMcusAds:125 - Set database path to: C:\Users\es-MohamedHAbdelAziz\.stmcufinder\plugins\mcufinder//mcu/
2023-05-02 04:50:00,195 [WARN] DbFile:41 - Overriding database path with different value: C:\Users\es-MohamedHAbdelAziz\.stmcufinder\plugins\mcufinder/ => C:\Users\es-MohamedHAbdelAziz\.stmcufinder\plugins\mcufinder
2023-05-02 04:50:00,196 [WARN] DbFile:41 - Overriding database path with different value: C:\Users\es-MohamedHAbdelAziz\.stmcufinder\plugins\mcufinder/ => C:\Users\es-MohamedHAbdelAziz\.stmcufinder\plugins\mcufinder
2023-05-02 04:50:00,196 [INFO] CrossReferenceDbSqlite:203 - Set database path to: C:\Users\es-MohamedHAbdelAziz\.stmcufinder\plugins\mcufinder//mcu/cs/
2023-05-02 04:50:00,241 [INFO] ApplicationProperties:184 - Using Application install path: C:\ST\STM32CubeIDE_1.12.1\STM32CubeIDE\plugins\com.st.stm32cube.common.mx_6.8.1.202304191431
2023-05-02 04:50:00,244 [INFO] PluginManage:196 - Search for loadable plugins [exclusion list=, ]
2023-05-02 04:50:00,248 [INFO] PluginManage:310 - Check plugin analytics
2023-05-02 04:50:00,572 [INFO] AnalyticsPlugin:253 - Accepted Software Licenses: 
2023-05-02 04:50:00,573 [INFO] AnalyticsPlugin:255 - Accepted CMSIS Pack Licenses: 
2023-05-02 04:50:00,574 [INFO] AnalyticsPlugin:257 - Accepted Firmware Licenses: 
2023-05-02 04:50:00,592 [INFO] PluginManage:359 - Loaded plugin analytics (category:tool,tabindex:-1)
2023-05-02 04:50:00,593 [INFO] PluginManage:310 - Check plugin cadmodel
2023-05-02 04:50:00,632 [INFO] CADModel:105 - Init CAD model plugin
2023-05-02 04:50:00,633 [INFO] PluginManage:359 - Loaded plugin cadmodel (category:power,tabindex:5)
2023-05-02 04:50:00,633 [INFO] PluginManage:310 - Check plugin clock
2023-05-02 04:50:00,679 [INFO] PluginManage:359 - Loaded plugin clock (category:base,tabindex:2)
2023-05-02 04:50:00,680 [INFO] PluginManage:310 - Check plugin ddr
2023-05-02 04:50:00,687 [INFO] PluginManage:359 - Loaded plugin ddr (category:tool,tabindex:6)
2023-05-02 04:50:00,687 [INFO] PluginManage:310 - Check plugin filemanager
2023-05-02 04:50:00,968 [INFO] PluginManage:359 - Loaded plugin filemanager (category:base,tabindex:10)
2023-05-02 04:50:00,969 [INFO] PluginManage:310 - Check plugin ipmanager
2023-05-02 04:50:00,995 [INFO] PluginManage:359 - Loaded plugin ipmanager (category:base,tabindex:5)
2023-05-02 04:50:00,995 [INFO] PluginManage:310 - Check plugin lpbam
2023-05-02 04:50:01,042 [INFO] PluginManage:359 - Loaded plugin lpbam (category:base,tabindex:0)
2023-05-02 04:50:01,043 [INFO] PluginManage:310 - Check plugin pinoutandconfiguration
2023-05-02 04:50:01,091 [INFO] PluginManage:359 - Loaded plugin pinoutandconfiguration (category:base,tabindex:1)
2023-05-02 04:50:01,092 [INFO] PluginManage:310 - Check plugin pinoutconfig
2023-05-02 04:50:01,253 [WARN] SupportedApi:132 - Cannot load RTOS API schema: s4s-elt-must-match.1: The content of 'definitions' must match (annotation?, (simpleType | complexType)?, (unique | key | keyref)*)). A problem was found starting at: attribute.
2023-05-02 04:50:01,628 [INFO] PluginManage:359 - Loaded plugin pinoutconfig (category:base,tabindex:0)
2023-05-02 04:50:01,628 [INFO] PluginManage:310 - Check plugin power
2023-05-02 04:50:01,663 [INFO] PluginManage:359 - Loaded plugin power (category:power,tabindex:4)
2023-05-02 04:50:01,663 [INFO] PluginManage:310 - Check plugin projectmanager
2023-05-02 04:50:01,691 [INFO] PluginManage:359 - Loaded plugin projectmanager (category:projectmanager,tabindex:3)
2023-05-02 04:50:01,691 [INFO] PluginManage:310 - Check plugin thirdparty
2023-05-02 04:50:02,093 [INFO] PluginManage:359 - Loaded plugin thirdparty (category:base,tabindex:-1)
2023-05-02 04:50:02,093 [WARN] IntegrityCheckThread:84 - waiting for thirdparty lock release [integrity check]
2023-05-02 04:50:02,093 [INFO] IntegrityCheckThread:86 - entering critical section [integrity check]
2023-05-02 04:50:02,093 [INFO] PluginManage:310 - Check plugin tools
2023-05-02 04:50:02,097 [INFO] ThirdPartyUpdaterWithRetryManager:70 - Updater plugin not ready yet. [1/15]
2023-05-02 04:50:02,157 [INFO] PluginManage:359 - Loaded plugin tools (category:base,tabindex:7)
2023-05-02 04:50:02,157 [INFO] PluginManage:310 - Check plugin tutovideos
2023-05-02 04:50:02,532 [INFO] PluginManage:359 - Loaded plugin tutovideos (category:base,tabindex:-1)
2023-05-02 04:50:02,532 [INFO] PluginManage:310 - Check plugin updater
2023-05-02 04:50:02,565 [INFO] PluginManage:359 - Loaded plugin updater (category:base,tabindex:12)
2023-05-02 04:50:02,565 [INFO] PluginManage:283 - PluginManage : Loaded plugins [15]
2023-05-02 04:50:03,113 [INFO] PinOutPanel:1499 - setPackage(No Configuration,No Configuration)
2023-05-02 04:50:03,256 [INFO] CADModel:165 - CPN selected for project level
2023-05-02 04:50:03,257 [INFO] CADModel:114 - Register for checkConnection events
2023-05-02 04:50:03,299 [INFO] IPUIPlugin:80 - create IPUIPlugin
2023-05-02 04:50:03,300 [INFO] PluginManager:220 - loadIPPluginJar : add adc
2023-05-02 04:50:03,352 [INFO] IPUIPlugin:80 - create IPUIPlugin
2023-05-02 04:50:03,353 [INFO] PluginManager:220 - loadIPPluginJar : add aes
2023-05-02 04:50:03,419 [INFO] IPUIPlugin:80 - create IPUIPlugin
2023-05-02 04:50:03,420 [INFO] PluginManager:220 - loadIPPluginJar : add can
2023-05-02 04:50:03,458 [INFO] IPUIPlugin:80 - create IPUIPlugin
2023-05-02 04:50:03,458 [INFO] PluginManager:220 - loadIPPluginJar : add comp
2023-05-02 04:50:03,516 [INFO] IPUIPlugin:80 - create IPUIPlugin
2023-05-02 04:50:03,516 [INFO] PluginManager:220 - loadIPPluginJar : add cryp
2023-05-02 04:50:03,577 [INFO] IPUIPlugin:80 - create IPUIPlugin
2023-05-02 04:50:03,577 [INFO] PluginManager:220 - loadIPPluginJar : add dfsdm
2023-05-02 04:50:03,612 [INFO] IPUIPlugin:80 - create IPUIPlugin
2023-05-02 04:50:03,614 [INFO] PluginManager:220 - loadIPPluginJar : add dma
2023-05-02 04:50:03,685 [INFO] IPUIPlugin:80 - create IPUIPlugin
2023-05-02 04:50:03,685 [INFO] PluginManager:220 - loadIPPluginJar : add dma3
2023-05-02 04:50:03,722 [INFO] IPUIPlugin:80 - create IPUIPlugin
2023-05-02 04:50:03,723 [INFO] PluginManager:220 - loadIPPluginJar : add fatfs
2023-05-02 04:50:03,789 [INFO] IPUIPlugin:80 - create IPUIPlugin
2023-05-02 04:50:03,789 [INFO] PluginManager:220 - loadIPPluginJar : add fmc
2023-05-02 04:50:03,820 [INFO] IPUIPlugin:80 - create IPUIPlugin
2023-05-02 04:50:03,820 [INFO] PluginManager:220 - loadIPPluginJar : add freertos
2023-05-02 04:50:03,849 [INFO] IPUIPlugin:80 - create IPUIPlugin
2023-05-02 04:50:03,849 [INFO] PluginManager:220 - loadIPPluginJar : add genericplugin
2023-05-02 04:50:03,985 [INFO] IPUIPlugin:80 - create IPUIPlugin
2023-05-02 04:50:03,985 [INFO] PluginManager:220 - loadIPPluginJar : add gfxmmu
2023-05-02 04:50:04,177 [INFO] IPUIPlugin:80 - create IPUIPlugin
2023-05-02 04:50:04,177 [INFO] PluginManager:220 - loadIPPluginJar : add gic
2023-05-02 04:50:04,202 [INFO] IPUIPlugin:80 - create IPUIPlugin
2023-05-02 04:50:04,202 [INFO] PluginManager:220 - loadIPPluginJar : add gpio
2023-05-02 04:50:04,335 [INFO] IPUIPlugin:80 - create IPUIPlugin
2023-05-02 04:50:04,336 [INFO] PluginManager:220 - loadIPPluginJar : add gtzc
2023-05-02 04:50:04,389 [INFO] IPUIPlugin:80 - create IPUIPlugin
2023-05-02 04:50:04,389 [INFO] PluginManager:220 - loadIPPluginJar : add hash
2023-05-02 04:50:04,481 [INFO] IPUIPlugin:80 - create IPUIPlugin
2023-05-02 04:50:04,482 [INFO] PluginManager:220 - loadIPPluginJar : add i2c
2023-05-02 04:50:04,546 [INFO] IPUIPlugin:80 - create IPUIPlugin
2023-05-02 04:50:04,546 [INFO] PluginManager:220 - loadIPPluginJar : add i2s
2023-05-02 04:50:04,613 [INFO] IPUIPlugin:80 - create IPUIPlugin
2023-05-02 04:50:04,613 [INFO] PluginManager:220 - loadIPPluginJar : add i3c
2023-05-02 04:50:04,783 [INFO] IPUIPlugin:80 - create IPUIPlugin
2023-05-02 04:50:04,783 [INFO] PluginManager:220 - loadIPPluginJar : add ipddr
2023-05-02 04:50:04,921 [INFO] IPUIPlugin:80 - create IPUIPlugin
2023-05-02 04:50:04,921 [INFO] PluginManager:220 - loadIPPluginJar : add linkedlist
2023-05-02 04:50:04,969 [INFO] IPUIPlugin:80 - create IPUIPlugin
2023-05-02 04:50:04,969 [INFO] PluginManager:220 - loadIPPluginJar : add lorawan
2023-05-02 04:50:05,028 [INFO] IPUIPlugin:80 - create IPUIPlugin
2023-05-02 04:50:05,029 [INFO] PluginManager:220 - loadIPPluginJar : add ltdc
2023-05-02 04:50:05,058 [INFO] IPUIPlugin:80 - create IPUIPlugin
2023-05-02 04:50:05,059 [INFO] PluginManager:220 - loadIPPluginJar : add mdma
2023-05-02 04:50:05,086 [INFO] IPUIPlugin:80 - create IPUIPlugin
2023-05-02 04:50:05,087 [INFO] PluginManager:220 - loadIPPluginJar : add nvic
2023-05-02 04:50:05,108 [INFO] ThirdPartyUpdaterWithRetryManager:70 - Updater plugin not ready yet. [2/15]
2023-05-02 04:50:05,148 [INFO] IPUIPlugin:80 - create IPUIPlugin
2023-05-02 04:50:05,148 [INFO] PluginManager:220 - loadIPPluginJar : add opamp
2023-05-02 04:50:05,252 [INFO] IPUIPlugin:80 - create IPUIPlugin
2023-05-02 04:50:05,252 [INFO] PluginManager:220 - loadIPPluginJar : add openamp
2023-05-02 04:50:05,326 [INFO] IPUIPlugin:80 - create IPUIPlugin
2023-05-02 04:50:05,327 [INFO] PluginManager:220 - loadIPPluginJar : add pdm2pcm
2023-05-02 04:50:05,351 [INFO] IPUIPlugin:80 - create IPUIPlugin
2023-05-02 04:50:05,356 [INFO] PluginManager:220 - loadIPPluginJar : add plateformsettings
2023-05-02 04:50:05,390 [INFO] IPUIPlugin:80 - create IPUIPlugin
2023-05-02 04:50:05,390 [INFO] PluginManager:220 - loadIPPluginJar : add quadspi
2023-05-02 04:50:05,412 [INFO] IPUIPlugin:80 - create IPUIPlugin
2023-05-02 04:50:05,412 [INFO] PluginManager:220 - loadIPPluginJar : add resmgrutility
2023-05-02 04:50:05,497 [INFO] IPUIPlugin:80 - create IPUIPlugin
2023-05-02 04:50:05,497 [INFO] PluginManager:220 - loadIPPluginJar : add sai
2023-05-02 04:50:05,570 [INFO] IPUIPlugin:80 - create IPUIPlugin
2023-05-02 04:50:05,570 [INFO] PluginManager:220 - loadIPPluginJar : add spi
2023-05-02 04:50:05,690 [INFO] IPUIPlugin:80 - create IPUIPlugin
2023-05-02 04:50:05,690 [INFO] PluginManager:220 - loadIPPluginJar : add stm32_wpan
2023-05-02 04:50:05,730 [INFO] IPUIPlugin:80 - create IPUIPlugin
2023-05-02 04:50:05,730 [INFO] PluginManager:220 - loadIPPluginJar : add tim
2023-05-02 04:50:05,815 [INFO] IPUIPlugin:80 - create IPUIPlugin
2023-05-02 04:50:05,815 [INFO] PluginManager:220 - loadIPPluginJar : add touchsensing
2023-05-02 04:50:05,855 [INFO] IPUIPlugin:80 - create IPUIPlugin
2023-05-02 04:50:05,855 [INFO] PluginManager:220 - loadIPPluginJar : add tracer_emb
2023-05-02 04:50:05,893 [INFO] IPUIPlugin:80 - create IPUIPlugin
2023-05-02 04:50:05,893 [INFO] PluginManager:220 - loadIPPluginJar : add ts
2023-05-02 04:50:05,930 [INFO] IPUIPlugin:80 - create IPUIPlugin
2023-05-02 04:50:05,930 [INFO] PluginManager:220 - loadIPPluginJar : add tsc
2023-05-02 04:50:05,967 [INFO] IPUIPlugin:80 - create IPUIPlugin
2023-05-02 04:50:05,968 [INFO] PluginManager:220 - loadIPPluginJar : add ucpd
2023-05-02 04:50:06,035 [INFO] IPUIPlugin:80 - create IPUIPlugin
2023-05-02 04:50:06,035 [INFO] PluginManager:220 - loadIPPluginJar : add usart
2023-05-02 04:50:06,103 [INFO] IPUIPlugin:80 - create IPUIPlugin
2023-05-02 04:50:06,104 [INFO] PluginManager:220 - loadIPPluginJar : add usbx
2023-05-02 04:50:06,293 [INFO] CADModel:165 - CPN selected for project level
2023-05-02 04:50:06,293 [INFO] CADModel:114 - Register for checkConnection events
2023-05-02 04:50:06,293 [FATAL] Updater:308 - Updater called before beeing initialized
2023-05-02 04:50:06,294 [ERROR] CADModel:125 - Updater not yet initialized, retry later 
2023-05-02 04:50:06,547 [INFO] CADModel:165 - CPN selected for project level
2023-05-02 04:50:06,548 [INFO] CADModel:114 - Register for checkConnection events
2023-05-02 04:50:06,548 [FATAL] Updater:308 - Updater called before beeing initialized
2023-05-02 04:50:06,548 [ERROR] CADModel:125 - Updater not yet initialized, retry later 
2023-05-02 04:50:06,555 [FATAL] Updater:308 - Updater called before beeing initialized
2023-05-02 04:50:06,787 [FATAL] Updater:308 - Updater called before beeing initialized
2023-05-02 04:50:06,798 [INFO] DbMcusAds:53 - JSON generation date=Thu Sep 30 08:55:09 EET 2021 (1632984909247)
2023-05-02 04:50:06,799 [FATAL] Updater:308 - Updater called before beeing initialized
2023-05-02 04:50:06,918 [WARN] DetailPanel:346 - Failed to get advertising image, set to default
2023-05-02 04:50:07,143 [FATAL] Updater:308 - Updater called before beeing initialized
2023-05-02 04:50:07,154 [FATAL] Updater:308 - Updater called before beeing initialized
2023-05-02 04:50:07,154 [FATAL] Updater:308 - Updater called before beeing initialized
2023-05-02 04:50:07,154 [WARN] DetailPanel:346 - Failed to get advertising image, set to default
2023-05-02 04:50:07,156 [FATAL] Updater:308 - Updater called before beeing initialized
2023-05-02 04:50:07,279 [ERROR] Updater:1120 - MainUpdater not yet initialized. External WinMGr cannot be set.
2023-05-02 04:50:07,294 [INFO] Updater:1056 - Updater Version found : 6.8.1
2023-05-02 04:50:07,321 [INFO] ApplicationProperties:184 - Using Application install path: C:\ST\STM32CubeIDE_1.12.1\STM32CubeIDE\plugins\com.st.stm32cube.common.mx_6.8.1.202304191431
2023-05-02 04:50:07,383 [INFO] MainUpdater:519 - Copy updater definitions from MX database
2023-05-02 04:50:07,455 [INFO] MainUpdater:552 - Copy flag file definitions from MX database
2023-05-02 04:50:07,470 [INFO] MainUpdater:568 - Copy thirdparty index definitions from MX database
2023-05-02 04:50:07,489 [INFO] MainUpdater:587 - Copy default thirdparty db definitions from MX database
2023-05-02 04:50:07,713 [INFO] MainUpdater:2854 - connection check result : 10
2023-05-02 04:50:07,714 [INFO] MainUpdater:3548 - Updater definition file requires update
2023-05-02 04:50:07,724 [INFO] MainUpdater:283 - Updater Check For Update Now.
2023-05-02 04:50:07,725 [INFO] MicroXplorer:498 - Change Database Version : DB.6.0.81
2023-05-02 04:50:07,801 [INFO] ServerAccessManage:473 - Download File updaters.zip
2023-05-02 04:50:08,007 [INFO] FileExtend:240 - Unzip File : updaters.zip
2023-05-02 04:50:08,007 [INFO] FileExtend:255 - Standard Zip Deflate
2023-05-02 04:50:08,203 [WARN] MainUpdater:1187 - Updater busy. Cannot search thirdparties
2023-05-02 04:50:08,203 [INFO] ThirdPartyUpdaterWithRetryManager:96 - Updater plugin is busy. [1/15]
2023-05-02 04:50:08,962 [INFO] ServerAccessManage:473 - Download File PacksControlFlags.xml
2023-05-02 04:50:09,281 [INFO] ServerAccessManage:473 - Download File cubemx.pidx
2023-05-02 04:50:09,708 [INFO] ServerAccessManage:473 - Download File STMicroelectronics.FP-ATR-ASTRA1.pdsc
2023-05-02 04:50:10,152 [INFO] ServerAccessManage:473 - Download File STMicroelectronics.FP-ATR-SIGFOX1.pdsc
2023-05-02 04:50:10,464 [INFO] ServerAccessManage:473 - Download File STMicroelectronics.X-CUBE-AI.pdsc
2023-05-02 04:50:11,256 [WARN] MainUpdater:1187 - Updater busy. Cannot search thirdparties
2023-05-02 04:50:11,256 [INFO] ThirdPartyUpdaterWithRetryManager:96 - Updater plugin is busy. [2/15]
2023-05-02 04:50:11,396 [ERROR] LogOutputStream:75 - [STDERR_REDIRECT] [Fatal Error] :22087:13: Premature end of file.
2023-05-02 04:50:11,398 [ERROR] LogOutputStream:75 - [STDERR_REDIRECT] 
2023-05-02 04:50:11,856 [ERROR] LogOutputStream:75 - [STDERR_REDIRECT] [Fatal Error] :22087:13: Premature end of file.
2023-05-02 04:50:11,857 [ERROR] LogOutputStream:75 - [STDERR_REDIRECT] 
2023-05-02 04:50:11,875 [INFO] ServerAccessManage:473 - Download File STMicroelectronics.X-CUBE-ALS.pdsc
2023-05-02 04:50:12,122 [ERROR] LogOutputStream:75 - [STDERR_REDIRECT] [Fatal Error] :22087:13: Premature end of file.
2023-05-02 04:50:12,122 [ERROR] LogOutputStream:75 - [STDERR_REDIRECT] 
2023-05-02 04:50:12,287 [INFO] ServerAccessManage:473 - Download File STMicroelectronics.X-CUBE-BLE1.pdsc
2023-05-02 04:50:12,408 [ERROR] LogOutputStream:75 - [STDERR_REDIRECT] [Fatal Error] :22087:13: Premature end of file.
2023-05-02 04:50:12,409 [ERROR] LogOutputStream:75 - [STDERR_REDIRECT] 
2023-05-02 04:50:13,783 [ERROR] ServerAccessManage:1089 - Problem, file not found on Server
2023-05-02 04:50:13,865 [INFO] ServerAccessManage:473 - Download File STMicroelectronics.X-CUBE-BLE2.pdsc
2023-05-02 04:50:14,261 [WARN] MainUpdater:1187 - Updater busy. Cannot search thirdparties
2023-05-02 04:50:14,262 [INFO] ThirdPartyUpdaterWithRetryManager:96 - Updater plugin is busy. [3/15]
2023-05-02 04:50:14,693 [INFO] ServerAccessManage:473 - Download File STMicroelectronics.X-CUBE-BLEMGR.pdsc
2023-05-02 04:50:15,221 [INFO] ServerAccessManage:473 - Download File STMicroelectronics.X-CUBE-DISPLAY.pdsc
2023-05-02 04:50:15,868 [INFO] ServerAccessManage:473 - Download File STMicroelectronics.X-CUBE-EEPRMA1.pdsc
2023-05-02 04:50:16,171 [ERROR] ServerAccessManage:1089 - Problem, file not found on Server
2023-05-02 04:50:16,578 [INFO] ServerAccessManage:473 - Download File STMicroelectronics.X-CUBE-FREERTOS.pdsc
2023-05-02 04:50:16,811 [INFO] ServerAccessManage:473 - Download File STMicroelectronics.X-CUBE-GNSS1.pdsc
2023-05-02 04:50:17,273 [WARN] MainUpdater:1187 - Updater busy. Cannot search thirdparties
2023-05-02 04:50:17,273 [INFO] ThirdPartyUpdaterWithRetryManager:96 - Updater plugin is busy. [4/15]
2023-05-02 04:50:17,669 [ERROR] ServerAccessManage:1089 - Problem, file not found on Server
2023-05-02 04:50:17,826 [ERROR] ServerAccessManage:1089 - Problem, file not found on Server
2023-05-02 04:50:17,983 [ERROR] ServerAccessManage:1089 - Problem, file not found on Server
2023-05-02 04:50:18,152 [ERROR] ServerAccessManage:1089 - Problem, file not found on Server
2023-05-02 04:50:18,311 [ERROR] ServerAccessManage:1089 - Problem, file not found on Server
2023-05-02 04:50:18,457 [ERROR] ServerAccessManage:1089 - Problem, file not found on Server
2023-05-02 04:50:18,543 [INFO] ServerAccessManage:473 - Download File STMicroelectronics.X-CUBE-ISPU.pdsc
2023-05-02 04:50:18,905 [INFO] ServerAccessManage:473 - Download File STMicroelectronics.X-CUBE-MEMS1.pdsc
2023-05-02 04:50:20,275 [WARN] MainUpdater:1187 - Updater busy. Cannot search thirdparties
2023-05-02 04:50:20,275 [INFO] ThirdPartyUpdaterWithRetryManager:96 - Updater plugin is busy. [5/15]
2023-05-02 04:50:22,869 [INFO] ServerAccessManage:473 - Download File STMicroelectronics.X-CUBE-NFC4.pdsc
2023-05-02 04:50:23,282 [WARN] MainUpdater:1187 - Updater busy. Cannot search thirdparties
2023-05-02 04:50:23,282 [INFO] ThirdPartyUpdaterWithRetryManager:96 - Updater plugin is busy. [6/15]
2023-05-02 04:50:24,030 [INFO] ServerAccessManage:473 - Download File STMicroelectronics.X-CUBE-NFC7.pdsc
2023-05-02 04:50:24,226 [INFO] ServerAccessManage:473 - Download File STMicroelectronics.X-CUBE-SFXS2LP1.pdsc
2023-05-02 04:50:24,699 [INFO] ServerAccessManage:473 - Download File STMicroelectronics.X-CUBE-SUBG2.pdsc
2023-05-02 04:50:25,539 [INFO] ServerAccessManage:473 - Download File STMicroelectronics.X-CUBE-SMBUS.pdsc
2023-05-02 04:50:25,821 [ERROR] ServerAccessManage:1089 - Problem, file not found on Server
2023-05-02 04:50:25,890 [INFO] ServerAccessManage:473 - Download File STMicroelectronics.X-CUBE-TOF1.pdsc
2023-05-02 04:50:26,290 [WARN] MainUpdater:1187 - Updater busy. Cannot search thirdparties
2023-05-02 04:50:26,290 [INFO] ThirdPartyUpdaterWithRetryManager:96 - Updater plugin is busy. [7/15]
2023-05-02 04:50:26,464 [ERROR] ServerAccessManage:1089 - Problem, file not found on Server
2023-05-02 04:50:26,650 [INFO] ServerAccessManage:473 - Download File STMicroelectronics.X-CUBE-TOUCHGFX.pdsc
2023-05-02 04:50:27,981 [INFO] ServerAccessManage:473 - Download File STMicroelectronics.X-CUBE-ALGOBUILD.pdsc
2023-05-02 04:50:28,489 [INFO] ServerAccessManage:473 - Download File STMicroelectronics.X-CUBE-AZRTOS-H7.pdsc
2023-05-02 04:50:28,643 [INFO] MainUpdater:2854 - connection check result : 10
2023-05-02 04:50:29,130 [INFO] ServerAccessManage:473 - Download File STMicroelectronics.X-CUBE-AZRTOS-F4.pdsc
2023-05-02 04:50:29,291 [WARN] MainUpdater:1187 - Updater busy. Cannot search thirdparties
2023-05-02 04:50:29,291 [INFO] ThirdPartyUpdaterWithRetryManager:96 - Updater plugin is busy. [8/15]
2023-05-02 04:50:29,487 [INFO] ServerAccessManage:473 - Download File STMicroelectronics.X-CUBE-AZRTOS-F7.pdsc
2023-05-02 04:50:29,845 [INFO] ServerAccessManage:473 - Download File STMicroelectronics.X-CUBE-AZRTOS-L4.pdsc
2023-05-02 04:50:30,134 [INFO] ServerAccessManage:473 - Download File STMicroelectronics.X-CUBE-AZRTOS-L5.pdsc
2023-05-02 04:50:30,455 [INFO] ServerAccessManage:473 - Download File STMicroelectronics.X-CUBE-AZRTOS-G0.pdsc
2023-05-02 04:50:30,907 [INFO] ServerAccessManage:473 - Download File STMicroelectronics.X-CUBE-AZRTOS-G4.pdsc
2023-05-02 04:50:31,391 [INFO] ServerAccessManage:473 - Download File STMicroelectronics.X-CUBE-AZRTOS-WB.pdsc
2023-05-02 04:50:31,623 [INFO] ServerAccessManage:473 - Download File STMicroelectronics.X-CUBE-AZRTOS-WL.pdsc
2023-05-02 04:50:32,295 [WARN] MainUpdater:1187 - Updater busy. Cannot search thirdparties
2023-05-02 04:50:32,295 [INFO] ThirdPartyUpdaterWithRetryManager:96 - Updater plugin is busy. [9/15]
2023-05-02 04:50:32,406 [INFO] ServerAccessManage:473 - Download File wolfSSL.I-CUBE-wolfSSL.pdsc
2023-05-02 04:50:35,309 [WARN] MainUpdater:1187 - Updater busy. Cannot search thirdparties
2023-05-02 04:50:35,309 [INFO] ThirdPartyUpdaterWithRetryManager:96 - Updater plugin is busy. [10/15]
2023-05-02 04:50:36,057 [ERROR] ServerAccessManage:1089 - Problem, file not found on Server
2023-05-02 04:50:36,524 [ERROR] ServerAccessManage:1089 - Problem, file not found on Server
2023-05-02 04:50:36,992 [ERROR] ServerAccessManage:1089 - Problem, file not found on Server
2023-05-02 04:50:37,723 [ERROR] ServerAccessManage:1096 - Problem, Http access forbiden
2023-05-02 04:50:37,724 [ERROR] ServerAccessManage:651 - Problem, Http access forbiden : RoweBots.I-CUBE-UNISONRTOS.pdsc.
2023-05-02 04:50:38,127 [INFO] ServerAccessManage:473 - Download File SEGGER.I-CUBE-embOS.pdsc
2023-05-02 04:50:38,313 [WARN] MainUpdater:1187 - Updater busy. Cannot search thirdparties
2023-05-02 04:50:38,313 [INFO] ThirdPartyUpdaterWithRetryManager:96 - Updater plugin is busy. [11/15]
2023-05-02 04:50:39,309 [INFO] ServerAccessManage:473 - Download File portGmbH.I-Cube-SoM-uGOAL.pdsc
2023-05-02 04:50:39,999 [ERROR] ServerAccessManage:1089 - Problem, file not found on Server
2023-05-02 04:50:40,070 [ERROR] ServerAccessManage:1089 - Problem, file not found on Server
2023-05-02 04:50:40,140 [ERROR] ServerAccessManage:1089 - Problem, file not found on Server
2023-05-02 04:50:40,531 [INFO] ServerAccessManage:473 - Download File emotas.I-CUBE-CANOPEN.pdsc
2023-05-02 04:50:41,324 [WARN] MainUpdater:1187 - Updater busy. Cannot search thirdparties
2023-05-02 04:50:41,324 [INFO] ThirdPartyUpdaterWithRetryManager:96 - Updater plugin is busy. [12/15]
2023-05-02 04:50:41,925 [INFO] ServerAccessManage:473 - Download File WES.I-CUBE-Cesium.pdsc
2023-05-02 04:50:44,097 [ERROR] ServerAccessManage:1089 - Problem, file not found on Server
2023-05-02 04:50:44,326 [WARN] MainUpdater:1187 - Updater busy. Cannot search thirdparties
2023-05-02 04:50:44,326 [INFO] ThirdPartyUpdaterWithRetryManager:96 - Updater plugin is busy. [13/15]
2023-05-02 04:50:44,859 [ERROR] ServerAccessManage:1089 - Problem, file not found on Server
2023-05-02 04:50:45,058 [WARN] CheckServerUpdateThread:151 - Open CheckUpdateFile Fail
2023-05-02 04:50:45,104 [WARN] PackLoader:240 - Cannot read IP mode file for STMicroelectronics.FP-ATR-ASTRA1.2.0.0
2023-05-02 04:50:45,120 [WARN] PackLoader:240 - Cannot read IP mode file for STMicroelectronics.FP-ATR-SIGFOX1.3.2.0
2023-05-02 04:50:45,155 [WARN] PackLoader:240 - Cannot read IP mode file for STMicroelectronics.X-CUBE-AI.8.0.0
2023-05-02 04:50:45,172 [WARN] PackLoader:240 - Cannot read IP mode file for STMicroelectronics.X-CUBE-ALS.1.0.1
2023-05-02 04:50:45,198 [WARN] PackLoader:240 - Cannot read IP mode file for STMicroelectronics.X-CUBE-BLE1.6.2.4
2023-05-02 04:50:45,217 [WARN] PackLoader:240 - Cannot read IP mode file for STMicroelectronics.X-CUBE-BLE2.3.3.0
2023-05-02 04:50:45,254 [WARN] PackLoader:240 - Cannot read IP mode file for STMicroelectronics.X-CUBE-BLEMGR.2.0.0
2023-05-02 04:50:45,292 [WARN] PackLoader:240 - Cannot read IP mode file for STMicroelectronics.X-CUBE-DISPLAY.3.0.0
2023-05-02 04:50:45,326 [INFO] CheckServerUpdateThread:120 - End of CheckServer Thread
2023-05-02 04:50:45,353 [WARN] PackLoader:240 - Cannot read IP mode file for STMicroelectronics.X-CUBE-EEPRMA1.4.1.0
2023-05-02 04:50:45,380 [WARN] PackLoader:240 - Cannot read IP mode file for STMicroelectronics.X-CUBE-FREERTOS.1.0.1
2023-05-02 04:50:45,402 [WARN] PackLoader:240 - Cannot read IP mode file for STMicroelectronics.X-CUBE-GNSS1.6.0.0
2023-05-02 04:50:45,416 [WARN] PackLoader:240 - Cannot read IP mode file for STMicroelectronics.X-CUBE-ISPU.1.1.0
2023-05-02 04:50:45,437 [INFO] McuFinderGlobals:66 - Set McuFinderConnectedMode to true
2023-05-02 04:50:45,722 [WARN] PackLoader:240 - Cannot read IP mode file for STMicroelectronics.X-CUBE-MEMS1.9.6.0
2023-05-02 04:50:46,281 [INFO] ServerAccessManage:473 - Download File mcusAds.json._tmp_
2023-05-02 04:50:46,320 [WARN] PackLoader:240 - Cannot read IP mode file for STMicroelectronics.X-CUBE-NFC4.3.0.0
2023-05-02 04:50:46,333 [WARN] PackLoader:240 - Cannot read IP mode file for STMicroelectronics.X-CUBE-NFC7.1.0.0
2023-05-02 04:50:46,352 [WARN] PackLoader:240 - Cannot read IP mode file for STMicroelectronics.X-CUBE-SFXS2LP1.4.0.0
2023-05-02 04:50:46,381 [WARN] PackLoader:240 - Cannot read IP mode file for STMicroelectronics.X-CUBE-SUBG2.5.0.0
2023-05-02 04:50:46,408 [INFO] LoadUrlFilesThread:156 - End of LoadUrlFiles Thread
2023-05-02 04:50:46,414 [WARN] PackLoader:240 - Cannot read IP mode file for STMicroelectronics.X-CUBE-SMBUS.2.1.0
2023-05-02 04:50:46,470 [WARN] PackLoader:240 - Cannot read IP mode file for STMicroelectronics.X-CUBE-TOF1.3.3.0
2023-05-02 04:50:46,516 [WARN] PackLoader:240 - Cannot read IP mode file for STMicroelectronics.X-CUBE-TOUCHGFX.4.21.3
2023-05-02 04:50:46,531 [WARN] PackLoader:240 - Cannot read IP mode file for STMicroelectronics.X-CUBE-ALGOBUILD.1.3.0
2023-05-02 04:50:46,621 [WARN] ConditionMgr:438 - getConditionDescription Invalid condition id : UX DEVICE CLASS RTOS Condition cause : null
2023-05-02 04:50:46,621 [WARN] ConditionMgr:438 - getConditionDescription Invalid condition id : UX DEVICE CLASS RTOS Condition cause : null
2023-05-02 04:50:46,632 [WARN] PackLoader:240 - Cannot read IP mode file for STMicroelectronics.X-CUBE-AZRTOS-H7.3.1.0
2023-05-02 04:50:46,634 [WARN] ConditionMgr:1039 - genDependencies : Invalid condition id : UX DEVICE CLASS RTOS Condition cause : null
2023-05-02 04:50:46,635 [WARN] ConditionMgr:1039 - genDependencies : Invalid condition id : UX DEVICE CLASS RTOS Condition cause : null
2023-05-02 04:50:46,637 [WARN] ConditionMgr:1039 - genDependencies : Invalid condition id : UX DEVICE CLASS RTOS Condition cause : null
2023-05-02 04:50:46,638 [WARN] ConditionMgr:1039 - genDependencies : Invalid condition id : UX DEVICE CLASS RTOS Condition cause : null
2023-05-02 04:50:46,638 [WARN] ConditionMgr:1039 - genDependencies : Invalid condition id : UX DEVICE CLASS RTOS Condition cause : null
2023-05-02 04:50:46,685 [WARN] PackLoader:240 - Cannot read IP mode file for STMicroelectronics.X-CUBE-AZRTOS-F4.1.1.0
2023-05-02 04:50:46,750 [WARN] PackLoader:240 - Cannot read IP mode file for STMicroelectronics.X-CUBE-AZRTOS-F7.1.1.0
2023-05-02 04:50:46,792 [WARN] PackLoader:240 - Cannot read IP mode file for STMicroelectronics.X-CUBE-AZRTOS-L4.1.0.0
2023-05-02 04:50:46,829 [WARN] PackLoader:240 - Cannot read IP mode file for STMicroelectronics.X-CUBE-AZRTOS-L5.1.1.0
2023-05-02 04:50:46,862 [WARN] PackLoader:240 - Cannot read IP mode file for STMicroelectronics.X-CUBE-AZRTOS-G0.1.1.0
2023-05-02 04:50:46,955 [WARN] PackLoader:240 - Cannot read IP mode file for STMicroelectronics.X-CUBE-AZRTOS-G4.2.0.0
2023-05-02 04:50:46,985 [WARN] PackLoader:240 - Cannot read IP mode file for STMicroelectronics.X-CUBE-AZRTOS-WB.1.1.0
2023-05-02 04:50:47,019 [WARN] PackLoader:240 - Cannot read IP mode file for STMicroelectronics.X-CUBE-AZRTOS-WL.1.0.0
2023-05-02 04:50:47,029 [WARN] PackLoader:240 - Cannot read IP mode file for wolfSSL.I-CUBE-wolfSSL.5.6.0
2023-05-02 04:50:47,064 [INFO] ServerAccessManage:473 - Download File cube-finder-db.zip
2023-05-02 04:50:47,126 [WARN] PackLoader:240 - Cannot read IP mode file for SEGGER.I-CUBE-embOS.1.3.1
2023-05-02 04:50:47,258 [WARN] PackLoader:240 - Cannot read IP mode file for portGmbH.I-Cube-SoM-uGOAL.1.1.0
2023-05-02 04:50:47,272 [WARN] PackLoader:240 - Cannot read IP mode file for emotas.I-CUBE-CANOPEN.1.1.3
2023-05-02 04:50:47,285 [WARN] PackLoader:240 - Cannot read IP mode file for WES.I-CUBE-Cesium.1.3.0
2023-05-02 04:50:47,286 [INFO] PopulateThirdPartyThread:66 - Ending populate Thread
2023-05-02 04:50:47,294 [INFO] ThirdParty:1030 - CMSIS Pack Vendor :STMicroelectronics X-CUBE-ISPU 1.1.0
2023-05-02 04:50:47,295 [INFO] ThirdParty:1030 - CMSIS Pack Vendor :STMicroelectronics X-CUBE-DISPLAY 3.0.0
2023-05-02 04:50:47,295 [INFO] ThirdParty:1030 - CMSIS Pack Vendor :STMicroelectronics X-CUBE-GNSS1 6.0.0
2023-05-02 04:50:47,295 [INFO] ThirdParty:1030 - CMSIS Pack Vendor :STMicroelectronics X-CUBE-AZRTOS-F4 1.1.0
2023-05-02 04:50:47,295 [INFO] ThirdParty:1030 - CMSIS Pack Vendor :STMicroelectronics FP-ATR-SIGFOX1 3.2.0
2023-05-02 04:50:47,295 [INFO] ThirdParty:1030 - CMSIS Pack Vendor :STMicroelectronics X-CUBE-SMBUS 2.1.0
2023-05-02 04:50:47,295 [INFO] ThirdParty:1030 - CMSIS Pack Vendor :STMicroelectronics X-CUBE-AZRTOS-L4 1.0.0
2023-05-02 04:50:47,295 [INFO] ThirdParty:1030 - CMSIS Pack Vendor :wolfSSL I-CUBE-wolfSSL 5.6.0
2023-05-02 04:50:47,295 [INFO] ThirdParty:1030 - CMSIS Pack Vendor :STMicroelectronics X-CUBE-AI 8.0.0
2023-05-02 04:50:47,295 [INFO] ThirdParty:1030 - CMSIS Pack Vendor :STMicroelectronics X-CUBE-FREERTOS 1.0.1
2023-05-02 04:50:47,296 [INFO] ThirdParty:1030 - CMSIS Pack Vendor :STMicroelectronics X-CUBE-NFC7 1.0.0
2023-05-02 04:50:47,296 [INFO] ThirdParty:1030 - CMSIS Pack Vendor :STMicroelectronics X-CUBE-TOUCHGFX 4.21.3
2023-05-02 04:50:47,296 [INFO] ThirdParty:1030 - CMSIS Pack Vendor :STMicroelectronics X-CUBE-AZRTOS-WL 1.0.0
2023-05-02 04:50:47,296 [INFO] ThirdParty:1030 - CMSIS Pack Vendor :STMicroelectronics X-CUBE-AZRTOS-F7 1.1.0
2023-05-02 04:50:47,296 [INFO] ThirdParty:1030 - CMSIS Pack Vendor :STMicroelectronics X-CUBE-ALS 1.0.1
2023-05-02 04:50:47,296 [INFO] ThirdParty:1030 - CMSIS Pack Vendor :STMicroelectronics X-CUBE-EEPRMA1 4.1.0
2023-05-02 04:50:47,296 [INFO] ThirdParty:1030 - CMSIS Pack Vendor :portGmbH I-Cube-SoM-uGOAL 1.1.0
2023-05-02 04:50:47,296 [INFO] ThirdParty:1030 - CMSIS Pack Vendor :STMicroelectronics X-CUBE-MEMS1 9.6.0
2023-05-02 04:50:47,296 [INFO] ThirdParty:1030 - CMSIS Pack Vendor :STMicroelectronics X-CUBE-AZRTOS-WB 1.1.0
2023-05-02 04:50:47,296 [INFO] ThirdParty:1030 - CMSIS Pack Vendor :STMicroelectronics X-CUBE-ALGOBUILD 1.3.0
2023-05-02 04:50:47,297 [INFO] ThirdParty:1030 - CMSIS Pack Vendor :SEGGER I-CUBE-embOS 1.3.1
2023-05-02 04:50:47,297 [INFO] ThirdParty:1030 - CMSIS Pack Vendor :STMicroelectronics X-CUBE-BLE1 6.2.4
2023-05-02 04:50:47,297 [INFO] ThirdParty:1030 - CMSIS Pack Vendor :STMicroelectronics X-CUBE-AZRTOS-L5 1.1.0
2023-05-02 04:50:47,297 [INFO] ThirdParty:1030 - CMSIS Pack Vendor :STMicroelectronics X-CUBE-AZRTOS-G0 1.1.0
2023-05-02 04:50:47,297 [INFO] ThirdParty:1030 - CMSIS Pack Vendor :emotas I-CUBE-CANOPEN 1.1.3
2023-05-02 04:50:47,297 [INFO] ThirdParty:1030 - CMSIS Pack Vendor :STMicroelectronics X-CUBE-BLEMGR 2.0.0
2023-05-02 04:50:47,297 [INFO] ThirdParty:1030 - CMSIS Pack Vendor :STMicroelectronics X-CUBE-NFC4 3.0.0
2023-05-02 04:50:47,297 [INFO] ThirdParty:1030 - CMSIS Pack Vendor :STMicroelectronics X-CUBE-SUBG2 5.0.0
2023-05-02 04:50:47,297 [INFO] ThirdParty:1030 - CMSIS Pack Vendor :STMicroelectronics FP-ATR-ASTRA1 2.0.0
2023-05-02 04:50:47,298 [INFO] ThirdParty:1030 - CMSIS Pack Vendor :WES I-CUBE-Cesium 1.3.0
2023-05-02 04:50:47,298 [INFO] ThirdParty:1030 - CMSIS Pack Vendor :STMicroelectronics X-CUBE-SFXS2LP1 4.0.0
2023-05-02 04:50:47,298 [INFO] ThirdParty:1030 - CMSIS Pack Vendor :STMicroelectronics X-CUBE-BLE2 3.3.0
2023-05-02 04:50:47,298 [INFO] ThirdParty:1030 - CMSIS Pack Vendor :STMicroelectronics X-CUBE-AZRTOS-G4 2.0.0
2023-05-02 04:50:47,298 [INFO] ThirdParty:1030 - CMSIS Pack Vendor :STMicroelectronics X-CUBE-TOF1 3.3.0
2023-05-02 04:50:47,298 [INFO] ThirdParty:1030 - CMSIS Pack Vendor :STMicroelectronics X-CUBE-AZRTOS-H7 3.1.0
2023-05-02 04:50:47,300 [INFO] LoadServerUpdatesThread:373 - End of LoadServerUpdate Thread
2023-05-02 04:50:47,335 [WARN] MainUpdater:1187 - Updater busy. Cannot search thirdparties
2023-05-02 04:50:47,336 [INFO] ThirdPartyUpdaterWithRetryManager:96 - Updater plugin is busy. [14/15]
2023-05-02 04:50:50,337 [WARN] MainUpdater:1187 - Updater busy. Cannot search thirdparties
2023-05-02 04:50:50,337 [INFO] ThirdPartyUpdaterWithRetryManager:96 - Updater plugin is busy. [15/15]
2023-05-02 04:50:50,338 [ERROR] IntegrityCheckThread:130 - Cannot retrieve database content from updater: error -1
2023-05-02 04:50:50,338 [INFO] ThirdParty:978 - Integrity check success = false
2023-05-02 04:50:50,338 [INFO] IntegrityCheckThread:100 - exiting critical section [integrity check]
2023-05-02 04:50:50,338 [INFO] IntegrityCheckThread:103 - End integrity checks thread
2023-05-02 04:51:05,962 [INFO] FileExtend:240 - Unzip File : cube-finder-db.zip
2023-05-02 04:51:05,963 [INFO] FileExtend:255 - Standard Zip Deflate
2023-05-02 04:51:07,253 [INFO] LoadUrlFilesThread:156 - End of LoadUrlFiles Thread
2023-05-02 04:51:07,612 [INFO] ServerAccessManage:473 - Download File crdb.zip
2023-05-02 04:51:08,096 [INFO] FileExtend:240 - Unzip File : crdb.zip
2023-05-02 04:51:08,097 [INFO] FileExtend:255 - Standard Zip Deflate
2023-05-02 04:51:08,264 [INFO] LoadUrlFilesThread:156 - End of LoadUrlFiles Thread
2023-05-02 04:51:08,951 [INFO] ServerAccessManage:473 - Download File tutoVideoDB.zip
2023-05-02 04:51:09,047 [INFO] FileExtend:240 - Unzip File : tutoVideoDB.zip
2023-05-02 04:51:09,048 [INFO] FileExtend:255 - Standard Zip Deflate
2023-05-02 04:51:09,177 [INFO] LoadUrlFilesThread:156 - End of LoadUrlFiles Thread
2023-05-02 04:51:09,184 [WARN] DbFile:41 - Overriding database path with different value: C:\Users\es-MohamedHAbdelAziz\.stmcufinder\plugins\mcufinder/ => C:\Users\es-MohamedHAbdelAziz\.stmcufinder\plugins\mcufinder
2023-05-02 04:51:09,551 [INFO] ServerAccessManage:473 - Download File api_config.json
2023-05-02 04:51:09,671 [INFO] LoadUrlFilesThread:156 - End of LoadUrlFiles Thread
2023-05-02 04:51:09,672 [INFO] DbMcusAds:53 - JSON generation date=Tue Mar 07 10:50:55 EET 2023 (1678179055335)
2023-05-02 04:51:09,941 [INFO] ServerAccessManage:473 - Download File 
2023-05-02 04:51:10,011 [INFO] LoadUrlFilesThread:185 - End of LoadServerUrlFiles without Thread
2023-05-02 04:51:10,011 [INFO] TargetSelectorAdapter:259 - Refresh data is successful
2023-05-02 04:51:10,199 [INFO] ApiDb:581 - Connected to CubeFinder SQLite database (C:\Users\es-MohamedHAbdelAziz\.stmcufinder\plugins\mcufinder\mcu\cube-finder-db.db)
2023-05-02 04:51:10,307 [INFO] ApiDb:668 - CubeFinder database Data Model version=2.1
2023-05-02 04:51:10,307 [INFO] ApiDb:669 - CubeFinder database Configuration version=3.0.35
2023-05-02 04:51:10,308 [INFO] ApiDb:670 - CubeFinder database generation date=2023-04-03 (1680511692)
2023-05-02 04:51:10,308 [INFO] ApiDb:671 - CubeFinder database FW Pack versions=[FP-ATR-ASTRA1_V2.0.0, STM32Cube_FW_C0_V1.0.1, STM32Cube_FW_F0_V1.11.4, STM32Cube_FW_F3_V1.11.4, STM32Cube_FW_F4_V1.27.1, STM32Cube_FW_F7_V1.17.0, STM32Cube_FW_G0_V1.6.1, STM32Cube_FW_G4_V1.5.1, STM32Cube_FW_H5_V0.5.1, STM32Cube_FW_H5_V1.0.0, STM32Cube_FW_H7_V1.11.0, STM32Cube_FW_L0_V1.12.2, STM32Cube_FW_L5_V1.5.0, STM32Cube_FW_U5_V1.2.0, STM32Cube_FW_WBA_V1.0.0, STM32Cube_FW_WBA_V1.0.0RC1, STM32Cube_FW_WBA_V1.0.0RC3, STM32Cube_FW_WB_V1.15.0RC1, STM32Cube_FW_WB_V1.16.0, STM32Cube_FW_WB_V1.16.0RC2, STM32Cube_FW_WL_V1.3.0, X-CUBE-ALGOBUILD_V1.3.0, X-CUBE-ALS_V1.0.1, X-CUBE-AZRTOS-F4_V1.1.0, X-CUBE-AZRTOS-F7_V1.1.0, X-CUBE-AZRTOS-G0_V1.1.0, X-CUBE-AZRTOS-G4_V1.0.0, X-CUBE-AZRTOS-H7_V3.0.0, X-CUBE-AZRTOS-L4_V1.0.0, X-CUBE-AZRTOS-L5_V1.1.0, X-CUBE-AZRTOS-WB_V1.1.0, X-CUBE-AZRTOS-WL_V1.0.0, X-CUBE-BLE1_V6.2.4, X-CUBE-BLE2_V3.3.0, X-CUBE-BLEMGR_V1.3.0, X-CUBE-EEPRMA1_V4.1.0, X-CUBE-FREERTOS_V1.0.1, X-CUBE-GNSS1_V6.0.0, X-CUBE-MEMS1_V9.1.0, X-CUBE-MEMS1_V9.4.0, X-CUBE-MEMS1_V9.5.0, X-CUBE-NFC4_V3.0.0, X-CUBE-NFC7_V1.0.0, X-CUBE-SFXS2LP1_V4.0.0, X-CUBE-SUBG2_V5.0.0]
2023-05-02 04:51:13,880 [INFO] ApiDb:240 - Found 297 in-development CPN: [B-G473E-ZEST1S, B-WB1M-WPAN1, B-WL5M-SUBG1, NUCLEO-C031C6, NUCLEO-H503RB, NUCLEO-H563ZI, NUCLEO-U545RE-Q, NUCLEO-U5A5ZJ-Q, NUCLEO-WBA52CG, STEVAL-PROTEUS1, STEVAL-STWINBX1, STM320518-EVAL, STM32C0116-DK, STM32C011D6Y3TR, STM32C011D6Y6TR, STM32C011F4P3, STM32C011F4P6, STM32C011F4U3, STM32C011F4U6TR, STM32C011F6P3, STM32C011F6P6, STM32C011F6U3, STM32C011F6U6TR, STM32C011J4M3, STM32C011J4M6, STM32C011J6M3, STM32C011J6M6, STM32C0316-DK, STM32C031C4T3, STM32C031C4T6, STM32C031C4U3, STM32C031C4U6, STM32C031C6T3, STM32C031C6T6, STM32C031C6U3, STM32C031C6U6, STM32C031F4P3, STM32C031F4P6, STM32C031F6P3, STM32C031F6P6, STM32C031G4U3, STM32C031G4U6, STM32C031G6U3, STM32C031G6U6, STM32C031K4T3, STM32C031K4T6, STM32C031K4U3, STM32C031K4U6, STM32C031K6T3, STM32C031K6T6, STM32C031K6U3, STM32C031K6U6, STM32G071K8TXN, STM32G071K8UXN, STM32G081GBU6N, STM32G081KBT6N, STM32G081KBUXN, STM32G0B1CCT6N, STM32G0B1KCT6, STM32G0B1NEY6TR, STM32G0B1RCT6N, STM32G0C1CCT6, STM32G0C1CCT6N, STM32G0C1CCU6N, STM32G0C1CET6N, STM32G0C1CEU6N, STM32G0C1KCT6, STM32G0C1NEY6TR, STM32G0C1RCI6N, STM32G0C1RCT6N, STM32G0C1REI6N, STM32G0C1RET6N, STM32G0C1VCI6, STM32G0C1VEI6, STM32G471CCT6, STM32G471CCU6, STM32G471CET3, STM32G471CET6, STM32G471CEU3, STM32G471CEU6, STM32G471MCT6, STM32G471MET3, STM32G471MET6, STM32G471MEY6TR, STM32G471QCT6, STM32G471QET3, STM32G471RCT6, STM32G471RET3, STM32G471RET6, STM32G471VCH6, STM32G471VCI6, STM32G471VCT6, STM32G471VEH3, STM32G471VEH6, STM32G471VEI3, STM32G471VEI6, STM32G471VET3, STM32G471VET6, STM32G474CCT6, STM32H503CBT6, STM32H503CBU6, STM32H503EBY6TR, STM32H503KBU6, STM32H503RBT6, STM32H562AGI6, STM32H562AII6, STM32H562IGK6, STM32H562IGT6, STM32H562IIK6, STM32H562IIT6, STM32H562RGT6, STM32H562RGV6, STM32H562RIT6, STM32H562RIV6, STM32H562VGT6, STM32H562VIT6, STM32H562ZGT6, STM32H562ZIT6, STM32H563AGI6, STM32H563AII3Q, STM32H563AII6, STM32H563IGK6, STM32H563IGT6, STM32H563IIK3Q, STM32H563IIK6, STM32H563IIT3Q, STM32H563IIT6, STM32H563MIY3QTR, STM32H563RGT6, STM32H563RGV6, STM32H563RIT6, STM32H563RIV6, STM32H563VGT6, STM32H563VIT3Q, STM32H563VIT6, STM32H563ZGT6, STM32H563ZIT3Q, STM32H563ZIT6, STM32H573AII3Q, STM32H573AII6, STM32H573I-DK, STM32H573IIK3Q, STM32H573IIK6, STM32H573IIT3Q, STM32H573IIT6, STM32H573MIY3QTR, STM32H573RIT6, STM32H573RIV6, STM32H573VIT3Q, STM32H573VIT6, STM32H573ZIT3Q, STM32H573ZIT6, STM32L4R5QGI6STR, STM32MP131AAE3, STM32MP131AAF3, STM32MP131AAG3, STM32MP131CAE3, STM32MP131CAF3, STM32MP131CAG3, STM32MP131DAE7, STM32MP131DAF7, STM32MP131DAG7, STM32MP131FAE7, STM32MP131FAF7, STM32MP131FAG7, STM32MP133AAE3, STM32MP133AAF3, STM32MP133AAG3, STM32MP133CAE3, STM32MP133CAF3, STM32MP133CAG3, STM32MP133DAE7, STM32MP133DAF7, STM32MP133DAG7, STM32MP133FAE7, STM32MP133FAF7, STM32MP133FAG7, STM32MP135AAE3, STM32MP135AAF3, STM32MP135AAG3, STM32MP135CAE3, STM32MP135CAF3, STM32MP135CAG3, STM32MP135DAE7, STM32MP135DAF7, STM32MP135DAG7, STM32MP135F-DK, STM32MP135FAE7, STM32MP135FAF7, STM32MP135FAF7T, STM32MP135FAF7U, STM32MP135FAG7, STM32U535CBT6, STM32U535CBT6Q, STM32U535CBU6, STM32U535CBU6Q, STM32U535CCT6, STM32U535CCT6Q, STM32U535CCU6, STM32U535CCU6Q, STM32U535CET6, STM32U535CET6Q, STM32U535CEU6, STM32U535CEU6Q, STM32U535JEY6QTR, STM32U535NCY6QTR, STM32U535NEY6QTR, STM32U535RBI6, STM32U535RBI6Q, STM32U535RBT6, STM32U535RBT6Q, STM32U535RCI6, STM32U535RCI6Q, STM32U535RCT6, STM32U535RCT6Q, STM32U535REI6, STM32U535REI6Q, STM32U535RET6, STM32U535RET6Q, STM32U535VCI6, STM32U535VCI6Q, STM32U535VCT6, STM32U535VCT6Q, STM32U535VEI6, STM32U535VEI6Q, STM32U535VET6, STM32U535VET6Q, STM32U545CET6, STM32U545CET6Q, STM32U545CEU6, STM32U545CEU6Q, STM32U545JEY6QTR, STM32U545NEY6QTR, STM32U545REI6, STM32U545REI6Q, STM32U545RET6, STM32U545RET6Q, STM32U545VEI6, STM32U545VEI6Q, STM32U545VET6, STM32U545VET6Q, STM32U595AIH6, STM32U595AIH6Q, STM32U595AJH6, STM32U595AJH6Q, STM32U595QII6, STM32U595QII6Q, STM32U595QJI6, STM32U595QJI6Q, STM32U595RIT6, STM32U595RIT6Q, STM32U595RJT6, STM32U595RJT6Q, STM32U595VIT6, STM32U595VIT6Q, STM32U595VJT6, STM32U595VJT6Q, STM32U595ZIT6, STM32U595ZIT6Q, STM32U595ZIY6QTR, STM32U595ZJT6, STM32U595ZJT6Q, STM32U595ZJY6QTR, STM32U599BJY6QTR, STM32U599NIH6Q, STM32U599NJH6Q, STM32U599VIT6Q, STM32U599VJT6, STM32U599VJT6Q, STM32U599ZIT6Q, STM32U599ZIY6QTR, STM32U599ZJT6Q, STM32U599ZJY6QTR, STM32U5A5AJH6, STM32U5A5AJH6Q, STM32U5A5QJI6, STM32U5A5QJI6Q, STM32U5A5RJT6, STM32U5A5RJT6Q, STM32U5A5VJT6, STM32U5A5VJT6Q, STM32U5A5ZJT6, STM32U5A5ZJT6Q, STM32U5A5ZJY6QTR, STM32U5A9BJY6QTR, STM32U5A9J-DK, STM32U5A9NJH6Q, STM32U5A9VJT6Q, STM32U5A9ZJT6Q, STM32U5A9ZJY6QTR, STM32WB1MMCH6, STM32WBA52CEU6, STM32WBA52CEU6T, STM32WBA52CGU6, STM32WBA52CGU6T, STM32WL5MOCH6, STM32WL5MOCH6TR]
2023-05-02 04:51:13,893 [INFO] DbMcus:216 - Found 3775 MCUs, 3775 are supported
2023-05-02 04:51:13,902 [INFO] ApiDb:414 - User favorites file not found: C:\Users\es-MohamedHAbdelAziz/.stm32cubeide/favorites.mcus.txt
2023-05-02 04:51:13,903 [INFO] DbMcus:222 - Set 0 / 0 favorites MCUs
2023-05-02 04:51:14,396 [INFO] ApiDb:668 - CubeFinder database Data Model version=2.1
2023-05-02 04:51:14,396 [INFO] ApiDb:669 - CubeFinder database Configuration version=3.0.35
2023-05-02 04:51:14,396 [INFO] ApiDb:670 - CubeFinder database generation date=2023-04-03 (1680511692)
2023-05-02 04:51:14,397 [INFO] ApiDb:671 - CubeFinder database FW Pack versions=[FP-ATR-ASTRA1_V2.0.0, STM32Cube_FW_C0_V1.0.1, STM32Cube_FW_F0_V1.11.4, STM32Cube_FW_F3_V1.11.4, STM32Cube_FW_F4_V1.27.1, STM32Cube_FW_F7_V1.17.0, STM32Cube_FW_G0_V1.6.1, STM32Cube_FW_G4_V1.5.1, STM32Cube_FW_H5_V0.5.1, STM32Cube_FW_H5_V1.0.0, STM32Cube_FW_H7_V1.11.0, STM32Cube_FW_L0_V1.12.2, STM32Cube_FW_L5_V1.5.0, STM32Cube_FW_U5_V1.2.0, STM32Cube_FW_WBA_V1.0.0, STM32Cube_FW_WBA_V1.0.0RC1, STM32Cube_FW_WBA_V1.0.0RC3, STM32Cube_FW_WB_V1.15.0RC1, STM32Cube_FW_WB_V1.16.0, STM32Cube_FW_WB_V1.16.0RC2, STM32Cube_FW_WL_V1.3.0, X-CUBE-ALGOBUILD_V1.3.0, X-CUBE-ALS_V1.0.1, X-CUBE-AZRTOS-F4_V1.1.0, X-CUBE-AZRTOS-F7_V1.1.0, X-CUBE-AZRTOS-G0_V1.1.0, X-CUBE-AZRTOS-G4_V1.0.0, X-CUBE-AZRTOS-H7_V3.0.0, X-CUBE-AZRTOS-L4_V1.0.0, X-CUBE-AZRTOS-L5_V1.1.0, X-CUBE-AZRTOS-WB_V1.1.0, X-CUBE-AZRTOS-WL_V1.0.0, X-CUBE-BLE1_V6.2.4, X-CUBE-BLE2_V3.3.0, X-CUBE-BLEMGR_V1.3.0, X-CUBE-EEPRMA1_V4.1.0, X-CUBE-FREERTOS_V1.0.1, X-CUBE-GNSS1_V6.0.0, X-CUBE-MEMS1_V9.1.0, X-CUBE-MEMS1_V9.4.0, X-CUBE-MEMS1_V9.5.0, X-CUBE-NFC4_V3.0.0, X-CUBE-NFC7_V1.0.0, X-CUBE-SFXS2LP1_V4.0.0, X-CUBE-SUBG2_V5.0.0]
2023-05-02 04:51:14,502 [INFO] DbBoardsSqlite:226 - include board P-NUCLEO-WB55-NUCLEO as a kit item of type 'Nucleo-64'
2023-05-02 04:51:14,502 [INFO] DbBoardsSqlite:226 - include board P-NUCLEO-WB55-USBDONGLE as a kit item of type 'Nucleo USB Dongle'
2023-05-02 04:51:14,503 [INFO] DbBoardsSqlite:226 - include board STEVAL-IDP005V1 as a kit item of type 'Evaluation Board'
2023-05-02 04:51:14,503 [INFO] DbBoardsSqlite:226 - include board STEVAL-IDP005V2 as a kit item of type 'Evaluation Board'
2023-05-02 04:51:14,593 [INFO] ApiDb:240 - Found 297 in-development CPN: [B-G473E-ZEST1S, B-WB1M-WPAN1, B-WL5M-SUBG1, NUCLEO-C031C6, NUCLEO-H503RB, NUCLEO-H563ZI, NUCLEO-U545RE-Q, NUCLEO-U5A5ZJ-Q, NUCLEO-WBA52CG, STEVAL-PROTEUS1, STEVAL-STWINBX1, STM320518-EVAL, STM32C0116-DK, STM32C011D6Y3TR, STM32C011D6Y6TR, STM32C011F4P3, STM32C011F4P6, STM32C011F4U3, STM32C011F4U6TR, STM32C011F6P3, STM32C011F6P6, STM32C011F6U3, STM32C011F6U6TR, STM32C011J4M3, STM32C011J4M6, STM32C011J6M3, STM32C011J6M6, STM32C0316-DK, STM32C031C4T3, STM32C031C4T6, STM32C031C4U3, STM32C031C4U6, STM32C031C6T3, STM32C031C6T6, STM32C031C6U3, STM32C031C6U6, STM32C031F4P3, STM32C031F4P6, STM32C031F6P3, STM32C031F6P6, STM32C031G4U3, STM32C031G4U6, STM32C031G6U3, STM32C031G6U6, STM32C031K4T3, STM32C031K4T6, STM32C031K4U3, STM32C031K4U6, STM32C031K6T3, STM32C031K6T6, STM32C031K6U3, STM32C031K6U6, STM32G071K8TXN, STM32G071K8UXN, STM32G081GBU6N, STM32G081KBT6N, STM32G081KBUXN, STM32G0B1CCT6N, STM32G0B1KCT6, STM32G0B1NEY6TR, STM32G0B1RCT6N, STM32G0C1CCT6, STM32G0C1CCT6N, STM32G0C1CCU6N, STM32G0C1CET6N, STM32G0C1CEU6N, STM32G0C1KCT6, STM32G0C1NEY6TR, STM32G0C1RCI6N, STM32G0C1RCT6N, STM32G0C1REI6N, STM32G0C1RET6N, STM32G0C1VCI6, STM32G0C1VEI6, STM32G471CCT6, STM32G471CCU6, STM32G471CET3, STM32G471CET6, STM32G471CEU3, STM32G471CEU6, STM32G471MCT6, STM32G471MET3, STM32G471MET6, STM32G471MEY6TR, STM32G471QCT6, STM32G471QET3, STM32G471RCT6, STM32G471RET3, STM32G471RET6, STM32G471VCH6, STM32G471VCI6, STM32G471VCT6, STM32G471VEH3, STM32G471VEH6, STM32G471VEI3, STM32G471VEI6, STM32G471VET3, STM32G471VET6, STM32G474CCT6, STM32H503CBT6, STM32H503CBU6, STM32H503EBY6TR, STM32H503KBU6, STM32H503RBT6, STM32H562AGI6, STM32H562AII6, STM32H562IGK6, STM32H562IGT6, STM32H562IIK6, STM32H562IIT6, STM32H562RGT6, STM32H562RGV6, STM32H562RIT6, STM32H562RIV6, STM32H562VGT6, STM32H562VIT6, STM32H562ZGT6, STM32H562ZIT6, STM32H563AGI6, STM32H563AII3Q, STM32H563AII6, STM32H563IGK6, STM32H563IGT6, STM32H563IIK3Q, STM32H563IIK6, STM32H563IIT3Q, STM32H563IIT6, STM32H563MIY3QTR, STM32H563RGT6, STM32H563RGV6, STM32H563RIT6, STM32H563RIV6, STM32H563VGT6, STM32H563VIT3Q, STM32H563VIT6, STM32H563ZGT6, STM32H563ZIT3Q, STM32H563ZIT6, STM32H573AII3Q, STM32H573AII6, STM32H573I-DK, STM32H573IIK3Q, STM32H573IIK6, STM32H573IIT3Q, STM32H573IIT6, STM32H573MIY3QTR, STM32H573RIT6, STM32H573RIV6, STM32H573VIT3Q, STM32H573VIT6, STM32H573ZIT3Q, STM32H573ZIT6, STM32L4R5QGI6STR, STM32MP131AAE3, STM32MP131AAF3, STM32MP131AAG3, STM32MP131CAE3, STM32MP131CAF3, STM32MP131CAG3, STM32MP131DAE7, STM32MP131DAF7, STM32MP131DAG7, STM32MP131FAE7, STM32MP131FAF7, STM32MP131FAG7, STM32MP133AAE3, STM32MP133AAF3, STM32MP133AAG3, STM32MP133CAE3, STM32MP133CAF3, STM32MP133CAG3, STM32MP133DAE7, STM32MP133DAF7, STM32MP133DAG7, STM32MP133FAE7, STM32MP133FAF7, STM32MP133FAG7, STM32MP135AAE3, STM32MP135AAF3, STM32MP135AAG3, STM32MP135CAE3, STM32MP135CAF3, STM32MP135CAG3, STM32MP135DAE7, STM32MP135DAF7, STM32MP135DAG7, STM32MP135F-DK, STM32MP135FAE7, STM32MP135FAF7, STM32MP135FAF7T, STM32MP135FAF7U, STM32MP135FAG7, STM32U535CBT6, STM32U535CBT6Q, STM32U535CBU6, STM32U535CBU6Q, STM32U535CCT6, STM32U535CCT6Q, STM32U535CCU6, STM32U535CCU6Q, STM32U535CET6, STM32U535CET6Q, STM32U535CEU6, STM32U535CEU6Q, STM32U535JEY6QTR, STM32U535NCY6QTR, STM32U535NEY6QTR, STM32U535RBI6, STM32U535RBI6Q, STM32U535RBT6, STM32U535RBT6Q, STM32U535RCI6, STM32U535RCI6Q, STM32U535RCT6, STM32U535RCT6Q, STM32U535REI6, STM32U535REI6Q, STM32U535RET6, STM32U535RET6Q, STM32U535VCI6, STM32U535VCI6Q, STM32U535VCT6, STM32U535VCT6Q, STM32U535VEI6, STM32U535VEI6Q, STM32U535VET6, STM32U535VET6Q, STM32U545CET6, STM32U545CET6Q, STM32U545CEU6, STM32U545CEU6Q, STM32U545JEY6QTR, STM32U545NEY6QTR, STM32U545REI6, STM32U545REI6Q, STM32U545RET6, STM32U545RET6Q, STM32U545VEI6, STM32U545VEI6Q, STM32U545VET6, STM32U545VET6Q, STM32U595AIH6, STM32U595AIH6Q, STM32U595AJH6, STM32U595AJH6Q, STM32U595QII6, STM32U595QII6Q, STM32U595QJI6, STM32U595QJI6Q, STM32U595RIT6, STM32U595RIT6Q, STM32U595RJT6, STM32U595RJT6Q, STM32U595VIT6, STM32U595VIT6Q, STM32U595VJT6, STM32U595VJT6Q, STM32U595ZIT6, STM32U595ZIT6Q, STM32U595ZIY6QTR, STM32U595ZJT6, STM32U595ZJT6Q, STM32U595ZJY6QTR, STM32U599BJY6QTR, STM32U599NIH6Q, STM32U599NJH6Q, STM32U599VIT6Q, STM32U599VJT6, STM32U599VJT6Q, STM32U599ZIT6Q, STM32U599ZIY6QTR, STM32U599ZJT6Q, STM32U599ZJY6QTR, STM32U5A5AJH6, STM32U5A5AJH6Q, STM32U5A5QJI6, STM32U5A5QJI6Q, STM32U5A5RJT6, STM32U5A5RJT6Q, STM32U5A5VJT6, STM32U5A5VJT6Q, STM32U5A5ZJT6, STM32U5A5ZJT6Q, STM32U5A5ZJY6QTR, STM32U5A9BJY6QTR, STM32U5A9J-DK, STM32U5A9NJH6Q, STM32U5A9VJT6Q, STM32U5A9ZJT6Q, STM32U5A9ZJY6QTR, STM32WB1MMCH6, STM32WBA52CEU6, STM32WBA52CEU6T, STM32WBA52CGU6, STM32WBA52CGU6T, STM32WL5MOCH6, STM32WL5MOCH6TR]
2023-05-02 04:51:14,895 [INFO] BoardInfo:880 - No configuration file found for board P-NUCLEO-WB55
2023-05-02 04:51:14,895 [INFO] DbBoards:157 - Kit is not supported: P-NUCLEO-WB55
2023-05-02 04:51:14,905 [INFO] BoardInfo:880 - No configuration file found for board STEVAL-BFA001V1B
2023-05-02 04:51:14,905 [INFO] DbBoards:157 - Kit is not supported: STEVAL-BFA001V1B
2023-05-02 04:51:14,909 [INFO] BoardInfo:880 - No configuration file found for board STEVAL-BFA001V2B
2023-05-02 04:51:14,909 [INFO] DbBoards:157 - Kit is not supported: STEVAL-BFA001V2B
2023-05-02 04:51:15,146 [INFO] DbBoards:161 - Found 187 boards, 184 are supported
2023-05-02 04:51:15,150 [INFO] ApiDb:414 - User favorites file not found: C:\Users\es-MohamedHAbdelAziz/.stm32cubeide/favorites.boards.txt
2023-05-02 04:51:15,151 [INFO] DbBoards:190 - Set 0 / 0 favorites Boards
2023-05-02 04:51:15,156 [INFO] ApiDb:668 - CubeFinder database Data Model version=2.1
2023-05-02 04:51:15,156 [INFO] ApiDb:669 - CubeFinder database Configuration version=3.0.35
2023-05-02 04:51:15,156 [INFO] ApiDb:670 - CubeFinder database generation date=2023-04-03 (1680511692)
2023-05-02 04:51:15,156 [INFO] ApiDb:671 - CubeFinder database FW Pack versions=[FP-ATR-ASTRA1_V2.0.0, STM32Cube_FW_C0_V1.0.1, STM32Cube_FW_F0_V1.11.4, STM32Cube_FW_F3_V1.11.4, STM32Cube_FW_F4_V1.27.1, STM32Cube_FW_F7_V1.17.0, STM32Cube_FW_G0_V1.6.1, STM32Cube_FW_G4_V1.5.1, STM32Cube_FW_H5_V0.5.1, STM32Cube_FW_H5_V1.0.0, STM32Cube_FW_H7_V1.11.0, STM32Cube_FW_L0_V1.12.2, STM32Cube_FW_L5_V1.5.0, STM32Cube_FW_U5_V1.2.0, STM32Cube_FW_WBA_V1.0.0, STM32Cube_FW_WBA_V1.0.0RC1, STM32Cube_FW_WBA_V1.0.0RC3, STM32Cube_FW_WB_V1.15.0RC1, STM32Cube_FW_WB_V1.16.0, STM32Cube_FW_WB_V1.16.0RC2, STM32Cube_FW_WL_V1.3.0, X-CUBE-ALGOBUILD_V1.3.0, X-CUBE-ALS_V1.0.1, X-CUBE-AZRTOS-F4_V1.1.0, X-CUBE-AZRTOS-F7_V1.1.0, X-CUBE-AZRTOS-G0_V1.1.0, X-CUBE-AZRTOS-G4_V1.0.0, X-CUBE-AZRTOS-H7_V3.0.0, X-CUBE-AZRTOS-L4_V1.0.0, X-CUBE-AZRTOS-L5_V1.1.0, X-CUBE-AZRTOS-WB_V1.1.0, X-CUBE-AZRTOS-WL_V1.0.0, X-CUBE-BLE1_V6.2.4, X-CUBE-BLE2_V3.3.0, X-CUBE-BLEMGR_V1.3.0, X-CUBE-EEPRMA1_V4.1.0, X-CUBE-FREERTOS_V1.0.1, X-CUBE-GNSS1_V6.0.0, X-CUBE-MEMS1_V9.1.0, X-CUBE-MEMS1_V9.4.0, X-CUBE-MEMS1_V9.5.0, X-CUBE-NFC4_V3.0.0, X-CUBE-NFC7_V1.0.0, X-CUBE-SFXS2LP1_V4.0.0, X-CUBE-SUBG2_V5.0.0]
2023-05-02 04:51:16,913 [INFO] DbExamplesSqlite:376 - Ignored 46 examples not supported by CubeIDE
2023-05-02 04:51:16,913 [INFO] DbExamplesSqlite:377 - Found 7336 examples active
2023-05-02 04:51:16,914 [INFO] DbExamplesSqlite:378 - Found 1095 examples obsolete
2023-05-02 04:51:16,914 [INFO] DbExamplesSqlite:379 - Found 0 examples under development
2023-05-02 04:51:16,914 [INFO] DbExamplesSqlite:380 - Found 77 examples not building
2023-05-02 04:51:16,917 [INFO] DbExamples:125 - Found 7367 examples
2023-05-02 04:51:16,947 [INFO] DbExamples:222 - Found 92 boards with related examples
2023-05-02 04:51:16,949 [INFO] DbExamples:235 - Found 78 MCUs with related examples
2023-05-02 04:51:17,003 [INFO] ApiDb:414 - User favorites file not found: C:\Users\es-MohamedHAbdelAziz/.stm32cubeide/favorites.examples.txt
2023-05-02 04:51:17,004 [INFO] DbExamples:250 - Set 0 / 0 favorites Examples
2023-05-02 04:51:19,153 [INFO] McuFinderGlobals:66 - Set McuFinderConnectedMode to true
2023-05-02 04:51:19,176 [INFO] MultiScanPanel:200 - Auto-refresh data requested => check proxy status ongoing
2023-05-02 04:51:19,183 [INFO] FinderPluginLoader:95 - Searching for filters in installed packs
2023-05-02 04:51:22,694 [INFO] LoadUrlFilesThread:185 - End of LoadServerUrlFiles without Thread
2023-05-02 04:51:22,790 [INFO] DetailPanel:341 - Set advertising image to C:/Users/es-MohamedHAbdelAziz/STM32Cube/Repository/\en.prom-stm32h5-mcu-finder.jpg
2023-05-02 04:51:46,463 [ERROR] DetailPanel:751 - Image file not found for MCU package WLCSP 12 1.7x1.42x0.6 P 0.35 mm: C:\ST\STM32CubeIDE_1.12.1\STM32CubeIDE\plugins\com.st.stm32cube.common.mx_6.8.1.202304191431\\db\/plugins/mcufinder/images/packages/WLCSP12.jpg
2023-05-02 04:52:45,307 [INFO] MainUpdater:2854 - connection check result : 10
2023-05-02 04:52:45,307 [INFO] MainUpdater:2854 - connection check result : 10
2023-05-02 04:52:45,394 [INFO] MicroXplorer:468 - Change Database Path : 
2023-05-02 04:52:45,394 [INFO] MicroXplorer:498 - Change Database Version : DB.6.0.81
2023-05-02 04:52:45,394 [WARN] ThirdParty:871 - waiting for thirdparty lock release [close project]
2023-05-02 04:52:45,395 [INFO] ThirdParty:873 - entering critical section [close project]
2023-05-02 04:52:45,397 [INFO] ThirdParty:883 - exiting critical section [close project]
2023-05-02 04:52:45,410 [INFO] PinOutPanel:1499 - setPackage(No Configuration,No Configuration)
2023-05-02 04:52:45,422 [INFO] UtilMem:75 - Begin LoadConfig() Used Memory: 169347880 Bytes (313524224)
2023-05-02 04:52:45,424 [INFO] MicroXplorer:468 - Change Database Path : 
2023-05-02 04:52:45,424 [INFO] MicroXplorer:498 - Change Database Version : DB.6.0.81
2023-05-02 04:52:45,424 [INFO] OpenFileManager:308 - Change cursor
2023-05-02 04:52:45,497 [WARN] IntegrityCheckThread:84 - waiting for thirdparty lock release [integrity check]
2023-05-02 04:52:45,498 [INFO] IntegrityCheckThread:86 - entering critical section [integrity check]
2023-05-02 04:52:46,044 [WARN] PackLoader:240 - Cannot read IP mode file for STMicroelectronics.X-CUBE-GNSS1.6.0.0
2023-05-02 04:52:46,070 [WARN] PackLoader:240 - Cannot read IP mode file for STMicroelectronics.X-CUBE-AZRTOS-F4.1.1.0
2023-05-02 04:52:46,089 [WARN] PackLoader:240 - Cannot read IP mode file for STMicroelectronics.X-CUBE-SMBUS.2.1.0
2023-05-02 04:52:46,097 [WARN] PackLoader:240 - Cannot read IP mode file for wolfSSL.I-CUBE-wolfSSL.5.6.0
2023-05-02 04:52:46,123 [WARN] PackLoader:240 - Cannot read IP mode file for STMicroelectronics.X-CUBE-AZRTOS-F7.1.1.0
2023-05-02 04:52:46,207 [WARN] PackLoader:240 - Cannot read IP mode file for STMicroelectronics.X-CUBE-MEMS1.9.6.0
2023-05-02 04:52:46,575 [WARN] PackLoader:240 - Cannot read IP mode file for STMicroelectronics.X-CUBE-BLE1.6.2.4
2023-05-02 04:52:46,592 [WARN] PackLoader:240 - Cannot read IP mode file for emotas.I-CUBE-CANOPEN.1.1.3
2023-05-02 04:52:46,610 [WARN] PackLoader:240 - Cannot read IP mode file for STMicroelectronics.X-CUBE-BLEMGR.2.0.0
2023-05-02 04:52:46,659 [WARN] ConditionMgr:438 - getConditionDescription Invalid condition id : UX DEVICE CLASS RTOS Condition cause : null
2023-05-02 04:52:46,660 [WARN] ConditionMgr:438 - getConditionDescription Invalid condition id : UX DEVICE CLASS RTOS Condition cause : null
2023-05-02 04:52:46,671 [WARN] PackLoader:240 - Cannot read IP mode file for STMicroelectronics.X-CUBE-AZRTOS-H7.3.1.0
2023-05-02 04:52:46,674 [WARN] ConditionMgr:1039 - genDependencies : Invalid condition id : UX DEVICE CLASS RTOS Condition cause : null
2023-05-02 04:52:46,674 [WARN] ConditionMgr:1039 - genDependencies : Invalid condition id : UX DEVICE CLASS RTOS Condition cause : null
2023-05-02 04:52:46,676 [WARN] ConditionMgr:1039 - genDependencies : Invalid condition id : UX DEVICE CLASS RTOS Condition cause : null
2023-05-02 04:52:46,677 [WARN] ConditionMgr:1039 - genDependencies : Invalid condition id : UX DEVICE CLASS RTOS Condition cause : null
2023-05-02 04:52:46,677 [WARN] ConditionMgr:1039 - genDependencies : Invalid condition id : UX DEVICE CLASS RTOS Condition cause : null
2023-05-02 04:52:46,702 [WARN] PackLoader:240 - Cannot read IP mode file for STMicroelectronics.X-CUBE-DISPLAY.3.0.0
2023-05-02 04:52:46,720 [WARN] PackLoader:240 - Cannot read IP mode file for STMicroelectronics.X-CUBE-NFC7.1.0.0
2023-05-02 04:52:46,735 [WARN] PackLoader:240 - Cannot read IP mode file for STMicroelectronics.X-CUBE-EEPRMA1.4.1.0
2023-05-02 04:52:46,785 [WARN] PackLoader:240 - Cannot read IP mode file for WES.I-CUBE-Cesium.1.3.0
2023-05-02 04:52:46,798 [WARN] PackLoader:240 - Cannot read IP mode file for STMicroelectronics.X-CUBE-SFXS2LP1.4.0.0
2023-05-02 04:52:46,828 [WARN] PackLoader:240 - Cannot read IP mode file for STMicroelectronics.X-CUBE-BLE2.3.3.0
2023-05-02 04:52:46,837 [WARN] PackLoader:240 - Cannot read IP mode file for STMicroelectronics.X-CUBE-ISPU.1.1.0
2023-05-02 04:52:46,847 [WARN] PackLoader:240 - Cannot read IP mode file for STMicroelectronics.X-CUBE-AI.8.0.0
2023-05-02 04:52:46,856 [WARN] PackLoader:240 - Cannot read IP mode file for STMicroelectronics.X-CUBE-FREERTOS.1.0.1
2023-05-02 04:52:46,864 [WARN] PackLoader:240 - Cannot read IP mode file for STMicroelectronics.X-CUBE-TOUCHGFX.4.21.3
2023-05-02 04:52:46,876 [WARN] PackLoader:240 - Cannot read IP mode file for STMicroelectronics.X-CUBE-ALGOBUILD.1.3.0
2023-05-02 04:52:46,968 [WARN] PackLoader:240 - Cannot read IP mode file for STMicroelectronics.X-CUBE-AZRTOS-L5.1.1.0
2023-05-02 04:52:47,025 [WARN] PackLoader:240 - Cannot read IP mode file for STMicroelectronics.X-CUBE-AZRTOS-G0.1.1.0
2023-05-02 04:52:47,057 [WARN] PackLoader:240 - Cannot read IP mode file for STMicroelectronics.X-CUBE-SUBG2.5.0.0
2023-05-02 04:52:47,077 [WARN] PackLoader:240 - Cannot read IP mode file for STMicroelectronics.X-CUBE-NFC4.3.0.0
2023-05-02 04:52:47,114 [WARN] PackLoader:240 - Cannot read IP mode file for STMicroelectronics.X-CUBE-AZRTOS-G4.2.0.0
2023-05-02 04:52:47,141 [WARN] PackLoader:240 - Cannot read IP mode file for STMicroelectronics.X-CUBE-TOF1.3.3.0
2023-05-02 04:52:47,170 [WARN] PackLoader:240 - Cannot read IP mode file for STMicroelectronics.FP-ATR-SIGFOX1.3.2.0
2023-05-02 04:52:47,209 [WARN] PackLoader:240 - Cannot read IP mode file for STMicroelectronics.X-CUBE-AZRTOS-L4.1.0.0
2023-05-02 04:52:47,239 [WARN] PackLoader:240 - Cannot read IP mode file for STMicroelectronics.X-CUBE-AZRTOS-WL.1.0.0
2023-05-02 04:52:47,252 [WARN] PackLoader:240 - Cannot read IP mode file for portGmbH.I-Cube-SoM-uGOAL.1.1.0
2023-05-02 04:52:47,261 [WARN] PackLoader:240 - Cannot read IP mode file for STMicroelectronics.X-CUBE-ALS.1.0.1
2023-05-02 04:52:47,290 [WARN] PackLoader:240 - Cannot read IP mode file for STMicroelectronics.X-CUBE-AZRTOS-WB.1.1.0
2023-05-02 04:52:47,359 [WARN] PackLoader:240 - Cannot read IP mode file for SEGGER.I-CUBE-embOS.1.3.1
2023-05-02 04:52:47,443 [WARN] PackLoader:240 - Cannot read IP mode file for STMicroelectronics.FP-ATR-ASTRA1.2.0.0
2023-05-02 04:52:47,444 [INFO] ThirdParty:978 - Integrity check success = true
2023-05-02 04:52:47,444 [INFO] IntegrityCheckThread:100 - exiting critical section [integrity check]
2023-05-02 04:52:47,444 [INFO] IntegrityCheckThread:103 - End integrity checks thread
2023-05-02 04:52:47,645 [INFO] Mcu:1937 - Initializing MCU STM32F103C8Tx STM32F103C8Tx 
2023-05-02 04:52:47,647 [INFO] Mcu:1950 - No CPN specified => set CPN to STM32F103C8T6
2023-05-02 04:52:50,075 [INFO] Context:659 - Trying to add GPIOservice into a context  which must be forbidden
2023-05-02 04:52:50,935 [INFO] ImportTextPane:194 - (OptionalMessage_ERROR) Unable to find key (Mcu.ThirdPartyNb) in loaded IOC file
2023-05-02 04:52:50,935 [INFO] ImportTextPane:194 - (OptionalMessage_ERROR) Unable to find key (Mcu.PinsNb) in loaded IOC file
2023-05-02 04:52:50,935 [INFO] ImportTextPane:194 - (OptionalMessage_ERROR) Unable to find key (Mcu.IPNb) in loaded IOC file
2023-05-02 04:52:51,489 [INFO] RtosManager:555 - Registered RTOS mode: class=CMSIS, group=RTOS, mode=CMSIS_V1, owner=FREERTOS
2023-05-02 04:52:51,490 [INFO] RtosManager:555 - Registered RTOS mode: class=CMSIS, group=RTOS2, mode=CMSIS_V2, owner=FREERTOS
2023-05-02 04:52:51,490 [INFO] RtosManager:555 - Registered RTOS mode: class=RTOS, group=Core, mode=CMSIS_V1, owner=FREERTOS
2023-05-02 04:52:51,490 [INFO] RtosManager:555 - Registered RTOS mode: class=RTOS, group=Core, mode=CMSIS_V2, owner=FREERTOS
2023-05-02 04:52:51,491 [WARN] ModelIntegratedComponent:184 - Missing modes for component STMicroelectronics:FreeRTOS:0.0.1:STMicroelectronics:RTOS:FreeRTOS:Core:::10.2.0:
2023-05-02 04:52:51,522 [WARN] ModelIntegratedComponent:63 - No mode defined for component null
2023-05-02 04:52:51,523 [WARN] ModelIntegratedComponent:63 - No mode defined for component null
2023-05-02 04:52:51,523 [WARN] ModelIntegratedComponent:63 - No mode defined for component null
2023-05-02 04:52:51,523 [WARN] ModelIntegratedComponent:63 - No mode defined for component null
2023-05-02 04:52:51,523 [WARN] ModelIntegratedComponent:63 - No mode defined for component null
2023-05-02 04:52:51,523 [WARN] ModelIntegratedComponent:63 - No mode defined for component null
2023-05-02 04:52:51,524 [WARN] ModelIntegratedComponent:63 - No mode defined for component null
2023-05-02 04:52:51,525 [WARN] ModelIntegratedComponent:63 - No mode defined for component null
2023-05-02 04:52:51,525 [WARN] ModelIntegratedComponent:63 - No mode defined for component null
2023-05-02 04:52:51,525 [WARN] ModelIntegratedComponent:63 - No mode defined for component null
2023-05-02 04:52:51,525 [WARN] ModelIntegratedComponent:63 - No mode defined for component null
2023-05-02 04:52:51,525 [WARN] ModelIntegratedComponent:63 - No mode defined for component null
2023-05-02 04:52:51,526 [WARN] ModelIntegratedComponent:63 - No mode defined for component null
2023-05-02 04:52:51,526 [WARN] ModelIntegratedComponent:63 - No mode defined for component null
2023-05-02 04:52:51,526 [WARN] ModelIntegratedComponent:63 - No mode defined for component null
2023-05-02 04:52:51,526 [WARN] ModelIntegratedComponent:63 - No mode defined for component null
2023-05-02 04:52:51,526 [WARN] ModelIntegratedComponent:63 - No mode defined for component null
2023-05-02 04:52:51,527 [WARN] ModelIntegratedComponent:63 - No mode defined for component null
2023-05-02 04:52:51,527 [WARN] ModelIntegratedComponent:63 - No mode defined for component null
2023-05-02 04:52:51,527 [WARN] ModelIntegratedComponent:63 - No mode defined for component null
2023-05-02 04:52:51,527 [WARN] ModelIntegratedComponent:63 - No mode defined for component null
2023-05-02 04:52:51,527 [WARN] ModelIntegratedComponent:63 - No mode defined for component null
2023-05-02 04:52:51,527 [WARN] ModelIntegratedComponent:63 - No mode defined for component null
2023-05-02 04:52:51,528 [WARN] ModelIntegratedComponent:63 - No mode defined for component null
2023-05-02 04:52:51,528 [WARN] ModelIntegratedComponent:63 - No mode defined for component null
2023-05-02 04:52:51,528 [WARN] ModelIntegratedComponent:63 - No mode defined for component null
2023-05-02 04:52:51,528 [WARN] ModelIntegratedComponent:63 - No mode defined for component null
2023-05-02 04:52:51,528 [WARN] ModelIntegratedComponent:63 - No mode defined for component null
2023-05-02 04:52:51,528 [WARN] ModelIntegratedComponent:63 - No mode defined for component null
2023-05-02 04:52:51,529 [WARN] ModelIntegratedComponent:63 - No mode defined for component null
2023-05-02 04:52:51,530 [WARN] ModelIntegratedComponent:63 - No mode defined for component null
2023-05-02 04:52:51,530 [WARN] ModelIntegratedComponent:63 - No mode defined for component null
2023-05-02 04:52:51,530 [WARN] ModelIntegratedComponent:63 - No mode defined for component null
2023-05-02 04:52:51,570 [INFO] ThirdPartyModel:298 - Start build external matchings
2023-05-02 04:52:52,180 [INFO] ThirdPartyModel:316 - End build external matchings
2023-05-02 04:52:52,607 [INFO] UtilMem:75 - End LoadConfig() Used Memory: 156509944 Bytes (313524224)
2023-05-02 04:52:52,701 [WARN] ThirdParty:833 - waiting for thirdparty lock release [change project]
2023-05-02 04:52:52,701 [INFO] ThirdParty:835 - entering critical section [change project]
2023-05-02 04:52:52,702 [INFO] ThirdParty:1030 - CMSIS Pack Vendor :STMicroelectronics X-CUBE-ISPU 1.1.0
2023-05-02 04:52:52,702 [INFO] ThirdParty:1030 - CMSIS Pack Vendor :STMicroelectronics X-CUBE-GNSS1 6.0.0
2023-05-02 04:52:52,702 [INFO] ThirdParty:1030 - CMSIS Pack Vendor :STMicroelectronics USB_HOST 2.0.0
2023-05-02 04:52:52,702 [INFO] ThirdParty:1030 - CMSIS Pack Vendor :STMicroelectronics X-CUBE-AZRTOS-F4 1.1.0
2023-05-02 04:52:52,702 [INFO] ThirdParty:1030 - CMSIS Pack Vendor :STMicroelectronics LIBJPEG 8.0.0
2023-05-02 04:52:52,702 [INFO] ThirdParty:1030 - CMSIS Pack Vendor :STMicroelectronics X-CUBE-SMBUS 2.1.0
2023-05-02 04:52:52,702 [INFO] ThirdParty:1030 - CMSIS Pack Vendor :wolfSSL I-CUBE-wolfSSL 5.6.0
2023-05-02 04:52:52,702 [INFO] ThirdParty:1030 - CMSIS Pack Vendor :STMicroelectronics USB_DEVICE 3.0.0
2023-05-02 04:52:52,703 [INFO] ThirdParty:1030 - CMSIS Pack Vendor :STMicroelectronics X-CUBE-AI 8.0.0
2023-05-02 04:52:52,703 [INFO] ThirdParty:1030 - CMSIS Pack Vendor :STMicroelectronics X-CUBE-FREERTOS 1.0.1
2023-05-02 04:52:52,703 [INFO] ThirdParty:1030 - CMSIS Pack Vendor :STMicroelectronics X-CUBE-TOUCHGFX 4.21.3
2023-05-02 04:52:52,703 [INFO] ThirdParty:1030 - CMSIS Pack Vendor :STMicroelectronics X-CUBE-AZRTOS-F7 1.1.0
2023-05-02 04:52:52,703 [INFO] ThirdParty:1030 - CMSIS Pack Vendor :STMicroelectronics USB_DEVICE 2.0.0
2023-05-02 04:52:52,703 [INFO] ThirdParty:1030 - CMSIS Pack Vendor :STMicroelectronics X-CUBE-MEMS1 9.6.0
2023-05-02 04:52:52,703 [INFO] ThirdParty:1030 - CMSIS Pack Vendor :STMicroelectronics X-CUBE-ALGOBUILD 1.3.0
2023-05-02 04:52:52,703 [INFO] ThirdParty:1030 - CMSIS Pack Vendor :STMicroelectronics X-CUBE-BLE1 6.2.4
2023-05-02 04:52:52,704 [INFO] ThirdParty:1030 - CMSIS Pack Vendor :STMicroelectronics X-CUBE-AZRTOS-L5 1.1.0
2023-05-02 04:52:52,704 [INFO] ThirdParty:1030 - CMSIS Pack Vendor :STMicroelectronics FreeRTOS 0.0.1
2023-05-02 04:52:52,704 [INFO] ThirdParty:1030 - CMSIS Pack Vendor :emotas I-CUBE-CANOPEN 1.1.3
2023-05-02 04:52:52,704 [INFO] ThirdParty:1030 - CMSIS Pack Vendor :STMicroelectronics X-CUBE-AZRTOS-G0 1.1.0
2023-05-02 04:52:52,704 [INFO] ThirdParty:1030 - CMSIS Pack Vendor :STMicroelectronics X-CUBE-BLEMGR 2.0.0
2023-05-02 04:52:52,704 [INFO] ThirdParty:1030 - CMSIS Pack Vendor :STMicroelectronics X-CUBE-SUBG2 5.0.0
2023-05-02 04:52:52,704 [INFO] ThirdParty:1030 - CMSIS Pack Vendor :STMicroelectronics X-CUBE-NFC4 3.0.0
2023-05-02 04:52:52,704 [INFO] ThirdParty:1030 - CMSIS Pack Vendor :STMicroelectronics STM32_WPAN 1.0.0
2023-05-02 04:52:52,705 [INFO] ThirdParty:1030 - CMSIS Pack Vendor :STMicroelectronics lwIP 2.0.3
2023-05-02 04:52:52,705 [INFO] ThirdParty:1030 - CMSIS Pack Vendor :STMicroelectronics USB_HOST 1.0.0
2023-05-02 04:52:52,705 [INFO] ThirdParty:1030 - CMSIS Pack Vendor :STMicroelectronics X-CUBE-AZRTOS-G4 2.0.0
2023-05-02 04:52:52,705 [INFO] ThirdParty:1030 - CMSIS Pack Vendor :STMicroelectronics PDM2PCM 3.1.0
2023-05-02 04:52:52,705 [INFO] ThirdParty:1030 - CMSIS Pack Vendor :STMicroelectronics X-CUBE-AZRTOS-H7 3.1.0
2023-05-02 04:52:52,705 [INFO] ThirdParty:1030 - CMSIS Pack Vendor :STMicroelectronics X-CUBE-TOF1 3.3.0
2023-05-02 04:52:52,705 [INFO] ThirdParty:1030 - CMSIS Pack Vendor :STMicroelectronics PDM2PCM 3.3.0
2023-05-02 04:52:52,705 [INFO] ThirdParty:1030 - CMSIS Pack Vendor :STMicroelectronics X-CUBE-DISPLAY 3.0.0
2023-05-02 04:52:52,706 [INFO] ThirdParty:1030 - CMSIS Pack Vendor :STMicroelectronics FP-ATR-SIGFOX1 3.2.0
2023-05-02 04:52:52,706 [INFO] ThirdParty:1030 - CMSIS Pack Vendor :STMicroelectronics X-CUBE-AZRTOS-L4 1.0.0
2023-05-02 04:52:52,706 [INFO] ThirdParty:1030 - CMSIS Pack Vendor :STMicroelectronics HAL Drivers 0.0.0
2023-05-02 04:52:52,706 [INFO] ThirdParty:1030 - CMSIS Pack Vendor :STMicroelectronics MBEDTLS 2.16.2
2023-05-02 04:52:52,706 [INFO] ThirdParty:1030 - CMSIS Pack Vendor :STMicroelectronics MBEDTLS 2.14.1
2023-05-02 04:52:52,706 [INFO] ThirdParty:1030 - CMSIS Pack Vendor :STMicroelectronics X-CUBE-NFC7 1.0.0
2023-05-02 04:52:52,706 [INFO] ThirdParty:1030 - CMSIS Pack Vendor :STMicroelectronics X-CUBE-AZRTOS-WL 1.0.0
2023-05-02 04:52:52,706 [INFO] ThirdParty:1030 - CMSIS Pack Vendor :STMicroelectronics X-CUBE-EEPRMA1 4.1.0
2023-05-02 04:52:52,706 [INFO] ThirdParty:1030 - CMSIS Pack Vendor :portGmbH I-Cube-SoM-uGOAL 1.1.0
2023-05-02 04:52:52,707 [INFO] ThirdParty:1030 - CMSIS Pack Vendor :STMicroelectronics X-CUBE-ALS 1.0.1
2023-05-02 04:52:52,707 [INFO] ThirdParty:1030 - CMSIS Pack Vendor :STMicroelectronics ThreadX 1.0.0
2023-05-02 04:52:52,707 [INFO] ThirdParty:1030 - CMSIS Pack Vendor :STMicroelectronics X-CUBE-AZRTOS-WB 1.1.0
2023-05-02 04:52:52,707 [INFO] ThirdParty:1030 - CMSIS Pack Vendor :SEGGER I-CUBE-embOS 1.3.1
2023-05-02 04:52:52,707 [INFO] ThirdParty:1030 - CMSIS Pack Vendor :STMicroelectronics USB_DEVICE 1.0.0
2023-05-02 04:52:52,708 [INFO] ThirdParty:1030 - CMSIS Pack Vendor :STMicroelectronics ThreadX 0.0.2
2023-05-02 04:52:52,708 [INFO] ThirdParty:1030 - CMSIS Pack Vendor :WES I-CUBE-Cesium 1.3.0
2023-05-02 04:52:52,708 [INFO] ThirdParty:1030 - CMSIS Pack Vendor :STMicroelectronics FP-ATR-ASTRA1 2.0.0
2023-05-02 04:52:52,708 [INFO] ThirdParty:1030 - CMSIS Pack Vendor :STMicroelectronics lwIP 2.1.2
2023-05-02 04:52:52,708 [INFO] ThirdParty:1030 - CMSIS Pack Vendor :STMicroelectronics X-CUBE-SFXS2LP1 4.0.0
2023-05-02 04:52:52,708 [INFO] ThirdParty:1030 - CMSIS Pack Vendor :STMicroelectronics X-CUBE-BLE2 3.3.0
2023-05-02 04:52:52,708 [INFO] ThirdParty:1030 - CMSIS Pack Vendor :STMicroelectronics PDM2PCM 3.2.0
2023-05-02 04:52:52,709 [INFO] ThirdParty:841 - exiting critical section [change project]
2023-05-02 04:52:53,448 [INFO] PinOutPanel:1499 - setPackage(No Configuration,No Configuration)
2023-05-02 04:52:53,451 [INFO] PinOutPanel:1499 - setPackage(STM32F103C8Tx,LQFP48)
2023-05-02 04:52:55,224 [INFO] UtilMem:75 - Before build in PCC Used Memory: 186465688 Bytes (313524224)
2023-05-02 04:52:57,242 [INFO] UtilMem:75 - After build in PCC Used Memory: 202110976 Bytes (313524224)
2023-05-02 04:52:57,300 [INFO] IPUIPlugin:80 - create IPUIPlugin
2023-05-02 04:52:57,301 [INFO] IPUIPlugin:80 - create IPUIPlugin
2023-05-02 04:52:57,301 [INFO] IPUIPlugin:80 - create IPUIPlugin
2023-05-02 04:52:57,301 [INFO] IPUIPlugin:80 - create IPUIPlugin
2023-05-02 04:52:57,302 [INFO] IPUIPlugin:80 - create IPUIPlugin
2023-05-02 04:52:57,302 [INFO] IPUIPlugin:80 - create IPUIPlugin
2023-05-02 04:52:57,302 [INFO] IPUIPlugin:80 - create IPUIPlugin
2023-05-02 04:52:57,302 [INFO] IPUIPlugin:80 - create IPUIPlugin
2023-05-02 04:52:57,303 [INFO] IPUIPlugin:80 - create IPUIPlugin
2023-05-02 04:52:57,303 [INFO] IPUIPlugin:80 - create IPUIPlugin
2023-05-02 04:52:57,304 [INFO] IPUIPlugin:80 - create IPUIPlugin
2023-05-02 04:52:57,304 [INFO] IPUIPlugin:80 - create IPUIPlugin
2023-05-02 04:52:57,305 [INFO] IPUIPlugin:80 - create IPUIPlugin
2023-05-02 04:52:57,305 [INFO] IPUIPlugin:80 - create IPUIPlugin
2023-05-02 04:52:57,307 [INFO] IPUIPlugin:80 - create IPUIPlugin
2023-05-02 04:52:57,307 [INFO] IPUIPlugin:80 - create IPUIPlugin
2023-05-02 04:52:57,309 [INFO] IPUIPlugin:80 - create IPUIPlugin
2023-05-02 04:52:57,309 [INFO] IPUIPlugin:80 - create IPUIPlugin
2023-05-02 04:52:57,310 [INFO] IPUIPlugin:80 - create IPUIPlugin
2023-05-02 04:52:57,311 [INFO] IPUIPlugin:80 - create IPUIPlugin
2023-05-02 04:52:57,311 [INFO] IPUIPlugin:80 - create IPUIPlugin
2023-05-02 04:52:57,314 [INFO] IPUIPlugin:80 - create IPUIPlugin
2023-05-02 04:52:57,315 [INFO] IPUIPlugin:80 - create IPUIPlugin
2023-05-02 04:52:57,316 [INFO] IPUIPlugin:80 - create IPUIPlugin
2023-05-02 04:52:57,316 [INFO] IPUIPlugin:80 - create IPUIPlugin
2023-05-02 04:52:57,317 [INFO] IPUIPlugin:80 - create IPUIPlugin
2023-05-02 04:52:57,318 [INFO] IPUIPlugin:80 - create IPUIPlugin
2023-05-02 04:52:57,708 [INFO] CADModel:165 - CPN selected for project levelSTM32F103C8T6
2023-05-02 04:52:57,708 [INFO] CADModel:114 - Register for checkConnection events
2023-05-02 04:52:57,779 [INFO] OpenFileManager:328 - Restore cursor
2023-05-02 04:53:01,304 [INFO] UtilMem:75 - End SaveConfig() Used Memory: 186267952 Bytes (313524224)
2023-05-02 04:53:01,857 [INFO] ServerAccessManage:473 - Download File stm32cube_fw_f1_v180.zip
2023-05-02 04:53:31,774 [ERROR] FileExtend:455 - File entry not found
2023-05-02 04:53:31,775 [INFO] FileExtend:240 - Unzip File : stm32cube_fw_f1_v180.zip
2023-05-02 04:53:31,776 [INFO] FileExtend:255 - Standard Zip Deflate
2023-05-02 04:54:23,283 [INFO] ServerAccessManage:473 - Download File stm32cube_fw_f1_v184.zip
2023-05-02 04:54:35,348 [INFO] FileExtend:240 - Unzip File : stm32cube_fw_f1_v184.zip
2023-05-02 04:54:35,348 [INFO] FileExtend:255 - Standard Zip Deflate
2023-05-02 04:54:55,911 [INFO] LoadServerPackagesThread:196 - End of LoadServerPackages Thread
2023-05-02 04:54:56,220 [INFO] ThirdPartyModel:298 - Start build external matchings
2023-05-02 04:54:56,227 [INFO] UtilMem:75 - End SaveConfig() Used Memory: 419801920 Bytes (817889280)
2023-05-02 04:54:58,249 [INFO] ThirdPartyModel:316 - End build external matchings
2023-05-02 04:54:58,270 [INFO] CheckServerUpdateThread:120 - End of CheckServer Thread
2023-05-02 04:54:58,712 [INFO] BlockDiagram:2759 - set Specific Code input for plugin: NVIC
2023-05-02 04:54:58,713 [INFO] BlockDiagram:2759 - set Specific Code input for plugin: RCC
2023-05-02 04:54:58,715 [INFO] CodeGenerator:793 - code generatio: config db path: C:\ST\STM32CubeIDE_1.12.1\STM32CubeIDE\plugins\com.st.stm32cube.common.mx_6.8.1.202304191431\\db\
2023-05-02 04:55:00,018 [INFO] CodeEngine:255 - oldGeneratedFile, E:\NTI\COTS\NTI_\MXTmpFiles\license.tmp_save
2023-05-02 04:55:01,417 [INFO] CodeEngine:279 - Generated code: E:\NTI\COTS\NTI_\MXTmpFiles\license.tmp
2023-05-02 04:55:01,473 [INFO] CodeEngine:255 - oldGeneratedFile, E:\NTI\COTS\NTI_\Core\Src\stm32f1xx_it.c_save
2023-05-02 04:55:02,263 [INFO] CodeEngine:279 - Generated code: E:\NTI\COTS\NTI_\Core\Src\stm32f1xx_it.c
2023-05-02 04:55:02,291 [INFO] CodeEngine:255 - oldGeneratedFile, E:\NTI\COTS\NTI_\Core\Inc\stm32f1xx_it.h_save
2023-05-02 04:55:02,686 [INFO] CodeEngine:279 - Generated code: E:\NTI\COTS\NTI_\Core\Inc\stm32f1xx_it.h
2023-05-02 04:55:03,088 [INFO] CodeEngine:255 - oldGeneratedFile, E:\NTI\COTS\NTI_\Core\Src\stm32f1xx_hal_msp.c_save
2023-05-02 04:55:03,714 [INFO] CodeEngine:279 - Generated code: E:\NTI\COTS\NTI_\Core\Src\stm32f1xx_hal_msp.c
2023-05-02 04:55:03,743 [INFO] CodeEngine:255 - oldGeneratedFile, E:\NTI\COTS\NTI_\MXTmpFiles\system.tmp_save
2023-05-02 04:55:04,068 [INFO] CodeEngine:279 - Generated code: E:\NTI\COTS\NTI_\MXTmpFiles\system.tmp
2023-05-02 04:55:04,105 [INFO] CodeEngine:311 - oldGeneratedFile, E:\NTI\COTS\NTI_\Core\Inc\stm32f1xx_hal_conf.h_save
2023-05-02 04:55:04,981 [INFO] CodeEngine:335 - Generated code: E:\NTI\COTS\NTI_\Core\Inc\stm32f1xx_hal_conf.h
2023-05-02 04:55:05,338 [INFO] CodeEngine:255 - oldGeneratedFile, E:\NTI\COTS\NTI_\Core\Inc\main.h_save
2023-05-02 04:55:06,208 [INFO] CodeEngine:279 - Generated code: E:\NTI\COTS\NTI_\Core\Inc\main.h
2023-05-02 04:55:06,227 [INFO] CodeEngine:255 - oldGeneratedFile, E:\NTI\COTS\NTI_\Core\Src\main.c_save
2023-05-02 04:55:06,589 [INFO] CodeEngine:279 - Generated code: E:\NTI\COTS\NTI_\Core\Src\main.c
2023-05-02 04:55:08,691 [INFO] ProjectBuilder:2996 - Time for Copy HAL[1] : 471mS.
2023-05-02 04:55:08,713 [INFO] ProjectBuilder:4304 - Project Generator version: 3.19.2
2023-05-02 04:55:09,702 [INFO] ConfigFileManager:1483 - The Die is : DIE410
2023-05-02 04:55:09,736 [INFO] ApiDbMcu:507 - Load IP Config File for FATFS
2023-05-02 04:55:09,764 [INFO] ApiDbMcu:507 - Load IP Config File for FREERTOS
2023-05-02 04:55:09,796 [INFO] ApiDbMcu:507 - Load IP Config File for USB_DEVICE
2023-05-02 04:55:12,411 [INFO] LogOutputStream:77 - [STDOUT_REDIRECT] 
2023-05-02 04:55:22,655 [INFO] ProjectBuilder:4505 - Time for Generating toolchain IDE Files: 13941mS.
2023-05-02 04:55:22,656 [INFO] ProjectBuilder:2867 - Time for Copy CMSIS : 1mS.
2023-05-02 04:55:22,660 [INFO] ProjectBuilder:2867 - Time for Copy CMSIS : 0mS.
2023-05-02 04:55:24,839 [INFO] McuFinderGlobals:66 - Set McuFinderConnectedMode to true
2023-05-02 04:55:24,851 [INFO] ApiDb:448 - Save user favorites file C:\Users\es-MohamedHAbdelAziz/.stm32cubeide/favorites.mcus.txt: 0 item(s)
2023-05-02 04:55:24,851 [INFO] ApiDb:452 - User favorites MCUs=[]
