2023-05-11 08:57:29,597 [INFO] Activator:176 - 


2023-05-11 08:57:29,640 [INFO] Activator:177 - !SESSION log4j initialized
2023-05-11 08:58:01,742 [INFO] LogOutputStream:77 - [STDOUT_REDIRECT] 
2023-05-11 08:58:25,011 [ERROR] LogOutputStream:75 - [STDERR_REDIRECT] [Fatal Error] :22087:13: Premature end of file.
2023-05-11 08:58:25,013 [ERROR] LogOutputStream:75 - [STDERR_REDIRECT] 
2023-05-11 08:58:25,405 [ERROR] LogOutputStream:75 - [STDERR_REDIRECT] [Fatal Error] :22087:13: Premature end of file.
2023-05-11 08:58:25,406 [ERROR] LogOutputStream:75 - [STDERR_REDIRECT] 
2023-05-11 08:58:25,674 [ERROR] LogOutputStream:75 - [STDERR_REDIRECT] [Fatal Error] :22087:13: Premature end of file.
2023-05-11 08:58:25,674 [ERROR] LogOutputStream:75 - [STDERR_REDIRECT] 
2023-05-11 08:58:25,944 [ERROR] LogOutputStream:75 - [STDERR_REDIRECT] [Fatal Error] :22087:13: Premature end of file.
2023-05-11 08:58:25,947 [ERROR] LogOutputStream:75 - [STDERR_REDIRECT] 
2023-05-11 09:40:59,507 [INFO] ApplicationProperties:184 - Using Application install path: C:\ST\STM32CubeIDE_1.12.1\STM32CubeIDE\plugins\com.st.stm32cube.common.mx_6.8.1.202304191431
2023-05-11 09:40:59,545 [INFO] DbMcusXml:78 - Set database path to: C:\ST\STM32CubeIDE_1.12.1\STM32CubeIDE\plugins\com.st.stm32cube.common.mx_6.8.1.202304191431\\db\/mcu/
2023-05-11 09:40:59,546 [INFO] ApiDb:274 - Set plugin database path to: C:\ST\STM32CubeIDE_1.12.1\STM32CubeIDE\plugins\com.st.stm32cube.common.mx_6.8.1.202304191431\\db\/plugins/boardmanager/
2023-05-11 09:40:59,550 [WARN] ApiDb:259 - Overriding images path with different value:  => C:\ST\STM32CubeIDE_1.12.1\STM32CubeIDE\plugins\com.st.stm32cube.common.mx_6.8.1.202304191431\\db\/plugins/mcufinder/images/
2023-05-11 09:40:59,588 [INFO] ApiDb:250 - Set database path to: C:\Users\es-MohamedHAbdelAziz\.stmcufinder\plugins\mcufinder//mcu/
2023-05-11 09:40:59,590 [INFO] DbMcusAds:125 - Set database path to: C:\Users\es-MohamedHAbdelAziz\.stmcufinder\plugins\mcufinder//mcu/
2023-05-11 09:40:59,815 [INFO] CrossReferenceDbSqlite:203 - Set database path to: C:\Users\es-MohamedHAbdelAziz\.stmcufinder\plugins\mcufinder//mcu/cs/
2023-05-11 09:41:00,097 [INFO] RulesReader:64 - Compatibility file has been processed (293 Rules)
2023-05-11 09:41:00,302 [INFO] DbMcusXml:78 - Set database path to: C:\ST\STM32CubeIDE_1.12.1\STM32CubeIDE\plugins\com.st.stm32cube.common.mx_6.8.1.202304191431\\db\/mcu/
2023-05-11 09:41:00,303 [INFO] ApiDb:274 - Set plugin database path to: C:\ST\STM32CubeIDE_1.12.1\STM32CubeIDE\plugins\com.st.stm32cube.common.mx_6.8.1.202304191431\\db\/plugins/boardmanager/
2023-05-11 09:41:00,304 [INFO] ApiDb:261 - Set plugin images path to: C:\ST\STM32CubeIDE_1.12.1\STM32CubeIDE\plugins\com.st.stm32cube.common.mx_6.8.1.202304191431\\db\/plugins/mcufinder/images/
2023-05-11 09:41:00,304 [WARN] DbFile:41 - Overriding database path with different value: C:\Users\es-MohamedHAbdelAziz\.stmcufinder\plugins\mcufinder/ => C:\Users\es-MohamedHAbdelAziz\.stmcufinder\plugins\mcufinder
2023-05-11 09:41:00,305 [INFO] ApiDb:250 - Set database path to: C:\Users\es-MohamedHAbdelAziz\.stmcufinder\plugins\mcufinder//mcu/
2023-05-11 09:41:00,305 [WARN] DbFile:41 - Overriding database path with different value: C:\Users\es-MohamedHAbdelAziz\.stmcufinder\plugins\mcufinder/ => C:\Users\es-MohamedHAbdelAziz\.stmcufinder\plugins\mcufinder
2023-05-11 09:41:00,305 [INFO] DbMcusAds:125 - Set database path to: C:\Users\es-MohamedHAbdelAziz\.stmcufinder\plugins\mcufinder//mcu/
2023-05-11 09:41:00,306 [WARN] DbFile:41 - Overriding database path with different value: C:\Users\es-MohamedHAbdelAziz\.stmcufinder\plugins\mcufinder/ => C:\Users\es-MohamedHAbdelAziz\.stmcufinder\plugins\mcufinder
2023-05-11 09:41:00,306 [WARN] DbFile:41 - Overriding database path with different value: C:\Users\es-MohamedHAbdelAziz\.stmcufinder\plugins\mcufinder/ => C:\Users\es-MohamedHAbdelAziz\.stmcufinder\plugins\mcufinder
2023-05-11 09:41:00,306 [INFO] CrossReferenceDbSqlite:203 - Set database path to: C:\Users\es-MohamedHAbdelAziz\.stmcufinder\plugins\mcufinder//mcu/cs/
2023-05-11 09:41:00,493 [INFO] MainPanel:253 - HeapMemory: 268435456
2023-05-11 09:41:00,684 [INFO] DbMcusXml:78 - Set database path to: C:\ST\STM32CubeIDE_1.12.1\STM32CubeIDE\plugins\com.st.stm32cube.common.mx_6.8.1.202304191431\\db\/mcu/
2023-05-11 09:41:00,684 [INFO] ApiDb:274 - Set plugin database path to: C:\ST\STM32CubeIDE_1.12.1\STM32CubeIDE\plugins\com.st.stm32cube.common.mx_6.8.1.202304191431\\db\/plugins/boardmanager/
2023-05-11 09:41:00,685 [INFO] ApiDb:261 - Set plugin images path to: C:\ST\STM32CubeIDE_1.12.1\STM32CubeIDE\plugins\com.st.stm32cube.common.mx_6.8.1.202304191431\\db\/plugins/mcufinder/images/
2023-05-11 09:41:00,686 [WARN] DbFile:41 - Overriding database path with different value: C:\Users\es-MohamedHAbdelAziz\.stmcufinder\plugins\mcufinder/ => C:\Users\es-MohamedHAbdelAziz\.stmcufinder\plugins\mcufinder
2023-05-11 09:41:00,686 [INFO] ApiDb:250 - Set database path to: C:\Users\es-MohamedHAbdelAziz\.stmcufinder\plugins\mcufinder//mcu/
2023-05-11 09:41:00,687 [WARN] DbFile:41 - Overriding database path with different value: C:\Users\es-MohamedHAbdelAziz\.stmcufinder\plugins\mcufinder/ => C:\Users\es-MohamedHAbdelAziz\.stmcufinder\plugins\mcufinder
2023-05-11 09:41:00,687 [INFO] DbMcusAds:125 - Set database path to: C:\Users\es-MohamedHAbdelAziz\.stmcufinder\plugins\mcufinder//mcu/
2023-05-11 09:41:00,687 [WARN] DbFile:41 - Overriding database path with different value: C:\Users\es-MohamedHAbdelAziz\.stmcufinder\plugins\mcufinder/ => C:\Users\es-MohamedHAbdelAziz\.stmcufinder\plugins\mcufinder
2023-05-11 09:41:00,687 [WARN] DbFile:41 - Overriding database path with different value: C:\Users\es-MohamedHAbdelAziz\.stmcufinder\plugins\mcufinder/ => C:\Users\es-MohamedHAbdelAziz\.stmcufinder\plugins\mcufinder
2023-05-11 09:41:00,688 [INFO] CrossReferenceDbSqlite:203 - Set database path to: C:\Users\es-MohamedHAbdelAziz\.stmcufinder\plugins\mcufinder//mcu/cs/
2023-05-11 09:41:00,729 [INFO] ApplicationProperties:184 - Using Application install path: C:\ST\STM32CubeIDE_1.12.1\STM32CubeIDE\plugins\com.st.stm32cube.common.mx_6.8.1.202304191431
2023-05-11 09:41:00,732 [INFO] PluginManage:196 - Search for loadable plugins [exclusion list=, ]
2023-05-11 09:41:00,736 [INFO] PluginManage:310 - Check plugin analytics
2023-05-11 09:41:01,086 [INFO] AnalyticsPlugin:253 - Accepted Software Licenses: 
2023-05-11 09:41:01,088 [INFO] AnalyticsPlugin:255 - Accepted CMSIS Pack Licenses: 
2023-05-11 09:41:01,091 [INFO] AnalyticsPlugin:257 - Accepted Firmware Licenses: 
2023-05-11 09:41:01,121 [INFO] PluginManage:359 - Loaded plugin analytics (category:tool,tabindex:-1)
2023-05-11 09:41:01,122 [INFO] PluginManage:310 - Check plugin cadmodel
2023-05-11 09:41:01,163 [INFO] CADModel:105 - Init CAD model plugin
2023-05-11 09:41:01,163 [INFO] PluginManage:359 - Loaded plugin cadmodel (category:power,tabindex:5)
2023-05-11 09:41:01,164 [INFO] PluginManage:310 - Check plugin clock
2023-05-11 09:41:01,197 [INFO] PluginManage:359 - Loaded plugin clock (category:base,tabindex:2)
2023-05-11 09:41:01,198 [INFO] PluginManage:310 - Check plugin ddr
2023-05-11 09:41:01,204 [INFO] PluginManage:359 - Loaded plugin ddr (category:tool,tabindex:6)
2023-05-11 09:41:01,204 [INFO] PluginManage:310 - Check plugin filemanager
2023-05-11 09:41:01,506 [INFO] PluginManage:359 - Loaded plugin filemanager (category:base,tabindex:10)
2023-05-11 09:41:01,506 [INFO] PluginManage:310 - Check plugin ipmanager
2023-05-11 09:41:01,524 [INFO] PluginManage:359 - Loaded plugin ipmanager (category:base,tabindex:5)
2023-05-11 09:41:01,525 [INFO] PluginManage:310 - Check plugin lpbam
2023-05-11 09:41:01,560 [INFO] PluginManage:359 - Loaded plugin lpbam (category:base,tabindex:0)
2023-05-11 09:41:01,560 [INFO] PluginManage:310 - Check plugin pinoutandconfiguration
2023-05-11 09:41:01,599 [INFO] PluginManage:359 - Loaded plugin pinoutandconfiguration (category:base,tabindex:1)
2023-05-11 09:41:01,599 [INFO] PluginManage:310 - Check plugin pinoutconfig
2023-05-11 09:41:01,784 [WARN] SupportedApi:132 - Cannot load RTOS API schema: s4s-elt-must-match.1: The content of 'definitions' must match (annotation?, (simpleType | complexType)?, (unique | key | keyref)*)). A problem was found starting at: attribute.
2023-05-11 09:41:02,167 [INFO] PluginManage:359 - Loaded plugin pinoutconfig (category:base,tabindex:0)
2023-05-11 09:41:02,168 [INFO] PluginManage:310 - Check plugin power
2023-05-11 09:41:02,219 [INFO] PluginManage:359 - Loaded plugin power (category:power,tabindex:4)
2023-05-11 09:41:02,219 [INFO] PluginManage:310 - Check plugin projectmanager
2023-05-11 09:41:02,256 [INFO] PluginManage:359 - Loaded plugin projectmanager (category:projectmanager,tabindex:3)
2023-05-11 09:41:02,256 [INFO] PluginManage:310 - Check plugin thirdparty
2023-05-11 09:41:02,751 [INFO] PluginManage:359 - Loaded plugin thirdparty (category:base,tabindex:-1)
2023-05-11 09:41:02,751 [WARN] IntegrityCheckThread:84 - waiting for thirdparty lock release [integrity check]
2023-05-11 09:41:02,751 [INFO] PluginManage:310 - Check plugin tools
2023-05-11 09:41:02,751 [INFO] IntegrityCheckThread:86 - entering critical section [integrity check]
2023-05-11 09:41:02,754 [INFO] ThirdPartyUpdaterWithRetryManager:70 - Updater plugin not ready yet. [1/15]
2023-05-11 09:41:02,807 [INFO] PluginManage:359 - Loaded plugin tools (category:base,tabindex:7)
2023-05-11 09:41:02,807 [INFO] PluginManage:310 - Check plugin tutovideos
2023-05-11 09:41:03,231 [INFO] PluginManage:359 - Loaded plugin tutovideos (category:base,tabindex:-1)
2023-05-11 09:41:03,232 [INFO] PluginManage:310 - Check plugin updater
2023-05-11 09:41:03,259 [INFO] PluginManage:359 - Loaded plugin updater (category:base,tabindex:12)
2023-05-11 09:41:03,260 [INFO] PluginManage:283 - PluginManage : Loaded plugins [15]
2023-05-11 09:41:03,787 [INFO] PinOutPanel:1499 - setPackage(No Configuration,No Configuration)
2023-05-11 09:41:03,946 [INFO] CADModel:165 - CPN selected for project level
2023-05-11 09:41:03,946 [INFO] CADModel:114 - Register for checkConnection events
2023-05-11 09:41:04,013 [INFO] IPUIPlugin:80 - create IPUIPlugin
2023-05-11 09:41:04,014 [INFO] PluginManager:220 - loadIPPluginJar : add adc
2023-05-11 09:41:04,069 [INFO] IPUIPlugin:80 - create IPUIPlugin
2023-05-11 09:41:04,070 [INFO] PluginManager:220 - loadIPPluginJar : add aes
2023-05-11 09:41:04,156 [INFO] IPUIPlugin:80 - create IPUIPlugin
2023-05-11 09:41:04,156 [INFO] PluginManager:220 - loadIPPluginJar : add can
2023-05-11 09:41:04,201 [INFO] IPUIPlugin:80 - create IPUIPlugin
2023-05-11 09:41:04,201 [INFO] PluginManager:220 - loadIPPluginJar : add comp
2023-05-11 09:41:04,259 [INFO] IPUIPlugin:80 - create IPUIPlugin
2023-05-11 09:41:04,260 [INFO] PluginManager:220 - loadIPPluginJar : add cryp
2023-05-11 09:41:04,312 [INFO] IPUIPlugin:80 - create IPUIPlugin
2023-05-11 09:41:04,313 [INFO] PluginManager:220 - loadIPPluginJar : add dfsdm
2023-05-11 09:41:04,342 [INFO] IPUIPlugin:80 - create IPUIPlugin
2023-05-11 09:41:04,343 [INFO] PluginManager:220 - loadIPPluginJar : add dma
2023-05-11 09:41:04,408 [INFO] IPUIPlugin:80 - create IPUIPlugin
2023-05-11 09:41:04,408 [INFO] PluginManager:220 - loadIPPluginJar : add dma3
2023-05-11 09:41:04,445 [INFO] IPUIPlugin:80 - create IPUIPlugin
2023-05-11 09:41:04,445 [INFO] PluginManager:220 - loadIPPluginJar : add fatfs
2023-05-11 09:41:04,539 [INFO] IPUIPlugin:80 - create IPUIPlugin
2023-05-11 09:41:04,539 [INFO] PluginManager:220 - loadIPPluginJar : add fmc
2023-05-11 09:41:04,570 [INFO] IPUIPlugin:80 - create IPUIPlugin
2023-05-11 09:41:04,571 [INFO] PluginManager:220 - loadIPPluginJar : add freertos
2023-05-11 09:41:04,603 [INFO] IPUIPlugin:80 - create IPUIPlugin
2023-05-11 09:41:04,603 [INFO] PluginManager:220 - loadIPPluginJar : add genericplugin
2023-05-11 09:41:04,764 [INFO] IPUIPlugin:80 - create IPUIPlugin
2023-05-11 09:41:04,764 [INFO] PluginManager:220 - loadIPPluginJar : add gfxmmu
2023-05-11 09:41:04,987 [INFO] IPUIPlugin:80 - create IPUIPlugin
2023-05-11 09:41:04,987 [INFO] PluginManager:220 - loadIPPluginJar : add gic
2023-05-11 09:41:05,018 [INFO] IPUIPlugin:80 - create IPUIPlugin
2023-05-11 09:41:05,018 [INFO] PluginManager:220 - loadIPPluginJar : add gpio
2023-05-11 09:41:05,169 [INFO] IPUIPlugin:80 - create IPUIPlugin
2023-05-11 09:41:05,169 [INFO] PluginManager:220 - loadIPPluginJar : add gtzc
2023-05-11 09:41:05,225 [INFO] IPUIPlugin:80 - create IPUIPlugin
2023-05-11 09:41:05,226 [INFO] PluginManager:220 - loadIPPluginJar : add hash
2023-05-11 09:41:05,313 [INFO] IPUIPlugin:80 - create IPUIPlugin
2023-05-11 09:41:05,313 [INFO] PluginManager:220 - loadIPPluginJar : add i2c
2023-05-11 09:41:05,384 [INFO] IPUIPlugin:80 - create IPUIPlugin
2023-05-11 09:41:05,384 [INFO] PluginManager:220 - loadIPPluginJar : add i2s
2023-05-11 09:41:05,453 [INFO] IPUIPlugin:80 - create IPUIPlugin
2023-05-11 09:41:05,454 [INFO] PluginManager:220 - loadIPPluginJar : add i3c
2023-05-11 09:41:05,648 [INFO] IPUIPlugin:80 - create IPUIPlugin
2023-05-11 09:41:05,648 [INFO] PluginManager:220 - loadIPPluginJar : add ipddr
2023-05-11 09:41:05,757 [INFO] ThirdPartyUpdaterWithRetryManager:70 - Updater plugin not ready yet. [2/15]
2023-05-11 09:41:05,807 [INFO] IPUIPlugin:80 - create IPUIPlugin
2023-05-11 09:41:05,807 [INFO] PluginManager:220 - loadIPPluginJar : add linkedlist
2023-05-11 09:41:05,865 [INFO] IPUIPlugin:80 - create IPUIPlugin
2023-05-11 09:41:05,865 [INFO] PluginManager:220 - loadIPPluginJar : add lorawan
2023-05-11 09:41:05,928 [INFO] IPUIPlugin:80 - create IPUIPlugin
2023-05-11 09:41:05,928 [INFO] PluginManager:220 - loadIPPluginJar : add ltdc
2023-05-11 09:41:05,958 [INFO] IPUIPlugin:80 - create IPUIPlugin
2023-05-11 09:41:05,958 [INFO] PluginManager:220 - loadIPPluginJar : add mdma
2023-05-11 09:41:05,977 [INFO] IPUIPlugin:80 - create IPUIPlugin
2023-05-11 09:41:05,978 [INFO] PluginManager:220 - loadIPPluginJar : add nvic
2023-05-11 09:41:06,032 [INFO] IPUIPlugin:80 - create IPUIPlugin
2023-05-11 09:41:06,032 [INFO] PluginManager:220 - loadIPPluginJar : add opamp
2023-05-11 09:41:06,146 [INFO] IPUIPlugin:80 - create IPUIPlugin
2023-05-11 09:41:06,146 [INFO] PluginManager:220 - loadIPPluginJar : add openamp
2023-05-11 09:41:06,218 [INFO] IPUIPlugin:80 - create IPUIPlugin
2023-05-11 09:41:06,218 [INFO] PluginManager:220 - loadIPPluginJar : add pdm2pcm
2023-05-11 09:41:06,242 [INFO] IPUIPlugin:80 - create IPUIPlugin
2023-05-11 09:41:06,247 [INFO] PluginManager:220 - loadIPPluginJar : add plateformsettings
2023-05-11 09:41:06,279 [INFO] IPUIPlugin:80 - create IPUIPlugin
2023-05-11 09:41:06,279 [INFO] PluginManager:220 - loadIPPluginJar : add quadspi
2023-05-11 09:41:06,306 [INFO] IPUIPlugin:80 - create IPUIPlugin
2023-05-11 09:41:06,306 [INFO] PluginManager:220 - loadIPPluginJar : add resmgrutility
2023-05-11 09:41:06,386 [INFO] IPUIPlugin:80 - create IPUIPlugin
2023-05-11 09:41:06,386 [INFO] PluginManager:220 - loadIPPluginJar : add sai
2023-05-11 09:41:06,462 [INFO] IPUIPlugin:80 - create IPUIPlugin
2023-05-11 09:41:06,463 [INFO] PluginManager:220 - loadIPPluginJar : add spi
2023-05-11 09:41:06,584 [INFO] IPUIPlugin:80 - create IPUIPlugin
2023-05-11 09:41:06,585 [INFO] PluginManager:220 - loadIPPluginJar : add stm32_wpan
2023-05-11 09:41:06,634 [INFO] IPUIPlugin:80 - create IPUIPlugin
2023-05-11 09:41:06,634 [INFO] PluginManager:220 - loadIPPluginJar : add tim
2023-05-11 09:41:06,749 [INFO] IPUIPlugin:80 - create IPUIPlugin
2023-05-11 09:41:06,750 [INFO] PluginManager:220 - loadIPPluginJar : add touchsensing
2023-05-11 09:41:06,792 [INFO] IPUIPlugin:80 - create IPUIPlugin
2023-05-11 09:41:06,792 [INFO] PluginManager:220 - loadIPPluginJar : add tracer_emb
2023-05-11 09:41:06,834 [INFO] IPUIPlugin:80 - create IPUIPlugin
2023-05-11 09:41:06,835 [INFO] PluginManager:220 - loadIPPluginJar : add ts
2023-05-11 09:41:06,866 [INFO] IPUIPlugin:80 - create IPUIPlugin
2023-05-11 09:41:06,866 [INFO] PluginManager:220 - loadIPPluginJar : add tsc
2023-05-11 09:41:06,908 [INFO] IPUIPlugin:80 - create IPUIPlugin
2023-05-11 09:41:06,908 [INFO] PluginManager:220 - loadIPPluginJar : add ucpd
2023-05-11 09:41:06,977 [INFO] IPUIPlugin:80 - create IPUIPlugin
2023-05-11 09:41:06,977 [INFO] PluginManager:220 - loadIPPluginJar : add usart
2023-05-11 09:41:07,051 [INFO] IPUIPlugin:80 - create IPUIPlugin
2023-05-11 09:41:07,051 [INFO] PluginManager:220 - loadIPPluginJar : add usbx
2023-05-11 09:41:07,251 [INFO] CADModel:165 - CPN selected for project level
2023-05-11 09:41:07,252 [INFO] CADModel:114 - Register for checkConnection events
2023-05-11 09:41:07,252 [FATAL] Updater:308 - Updater called before beeing initialized
2023-05-11 09:41:07,252 [ERROR] CADModel:125 - Updater not yet initialized, retry later 
2023-05-11 09:41:07,605 [INFO] CADModel:165 - CPN selected for project level
2023-05-11 09:41:07,605 [INFO] CADModel:114 - Register for checkConnection events
2023-05-11 09:41:07,606 [FATAL] Updater:308 - Updater called before beeing initialized
2023-05-11 09:41:07,606 [ERROR] CADModel:125 - Updater not yet initialized, retry later 
2023-05-11 09:41:07,614 [FATAL] Updater:308 - Updater called before beeing initialized
2023-05-11 09:41:07,949 [FATAL] Updater:308 - Updater called before beeing initialized
2023-05-11 09:41:07,972 [INFO] DbMcusAds:53 - JSON generation date=Tue Mar 07 10:50:54 EET 2023 (1678179054945)
2023-05-11 09:41:07,972 [FATAL] Updater:308 - Updater called before beeing initialized
2023-05-11 09:41:08,102 [WARN] DetailPanel:346 - Failed to get advertising image, set to default
2023-05-11 09:41:08,343 [FATAL] Updater:308 - Updater called before beeing initialized
2023-05-11 09:41:08,355 [FATAL] Updater:308 - Updater called before beeing initialized
2023-05-11 09:41:08,355 [FATAL] Updater:308 - Updater called before beeing initialized
2023-05-11 09:41:08,355 [WARN] DetailPanel:346 - Failed to get advertising image, set to default
2023-05-11 09:41:08,357 [FATAL] Updater:308 - Updater called before beeing initialized
2023-05-11 09:41:08,490 [ERROR] Updater:1120 - MainUpdater not yet initialized. External WinMGr cannot be set.
2023-05-11 09:41:08,506 [INFO] Updater:1056 - Updater Version found : 6.8.1
2023-05-11 09:41:08,536 [INFO] ApplicationProperties:184 - Using Application install path: C:\ST\STM32CubeIDE_1.12.1\STM32CubeIDE\plugins\com.st.stm32cube.common.mx_6.8.1.202304191431
2023-05-11 09:41:08,762 [INFO] ThirdPartyUpdaterWithRetryManager:70 - Updater plugin not ready yet. [3/15]
2023-05-11 09:41:08,965 [INFO] MainUpdater:2854 - connection check result : 10
2023-05-11 09:41:08,966 [INFO] MainUpdater:3548 - Updater definition file requires update
2023-05-11 09:41:08,968 [INFO] MainUpdater:283 - Updater Check For Update Now.
2023-05-11 09:41:08,969 [INFO] MicroXplorer:498 - Change Database Version : DB.6.0.81
2023-05-11 09:41:09,079 [INFO] ServerAccessManage:473 - Download File updaters.zip
2023-05-11 09:41:09,342 [INFO] FileExtend:240 - Unzip File : updaters.zip
2023-05-11 09:41:09,343 [INFO] FileExtend:255 - Standard Zip Deflate
2023-05-11 09:41:10,466 [INFO] ServerAccessManage:473 - Download File PacksControlFlags.xml
2023-05-11 09:41:10,687 [INFO] ServerAccessManage:473 - Download File cubemx.pidx
2023-05-11 09:41:11,782 [WARN] MainUpdater:1187 - Updater busy. Cannot search thirdparties
2023-05-11 09:41:11,783 [INFO] ThirdPartyUpdaterWithRetryManager:96 - Updater plugin is busy. [1/15]
2023-05-11 09:41:11,957 [INFO] LoadServerUpdatesThread:373 - End of LoadServerUpdate Thread
2023-05-11 09:41:12,208 [INFO] CheckServerUpdateThread:120 - End of CheckServer Thread
2023-05-11 09:41:12,265 [INFO] MainUpdater:2854 - connection check result : 10
2023-05-11 09:41:12,310 [INFO] McuFinderGlobals:66 - Set McuFinderConnectedMode to true
2023-05-11 09:41:12,933 [INFO] ServerAccessManage:473 - Download File mcusAds.json._tmp_
2023-05-11 09:41:13,065 [INFO] LoadUrlFilesThread:156 - End of LoadUrlFiles Thread
2023-05-11 09:41:13,193 [INFO] ServerAccessManage:473 - Download File cube-finder-db.zip
2023-05-11 09:41:14,794 [WARN] MainUpdater:1187 - Updater busy. Cannot search thirdparties
2023-05-11 09:41:14,794 [INFO] ThirdPartyUpdaterWithRetryManager:96 - Updater plugin is busy. [2/15]
2023-05-11 09:41:17,798 [WARN] MainUpdater:1187 - Updater busy. Cannot search thirdparties
2023-05-11 09:41:17,798 [INFO] ThirdPartyUpdaterWithRetryManager:96 - Updater plugin is busy. [3/15]
2023-05-11 09:41:20,813 [WARN] MainUpdater:1187 - Updater busy. Cannot search thirdparties
2023-05-11 09:41:20,813 [INFO] ThirdPartyUpdaterWithRetryManager:96 - Updater plugin is busy. [4/15]
2023-05-11 09:41:22,297 [INFO] FileExtend:240 - Unzip File : cube-finder-db.zip
2023-05-11 09:41:22,298 [INFO] FileExtend:255 - Standard Zip Deflate
2023-05-11 09:41:23,817 [INFO] LoadUrlFilesThread:156 - End of LoadUrlFiles Thread
2023-05-11 09:41:23,835 [ERROR] WebUtils:647 - Updater is busy
2023-05-11 09:41:24,431 [WARN] PackLoader:240 - Cannot read IP mode file for STMicroelectronics.X-CUBE-GNSS1.6.0.0
2023-05-11 09:41:24,571 [WARN] PackLoader:240 - Cannot read IP mode file for STMicroelectronics.X-CUBE-AZRTOS-F4.1.1.0
2023-05-11 09:41:24,664 [WARN] PackLoader:240 - Cannot read IP mode file for STMicroelectronics.X-CUBE-SMBUS.2.1.0
2023-05-11 09:41:24,701 [WARN] PackLoader:240 - Cannot read IP mode file for wolfSSL.I-CUBE-wolfSSL.5.6.0
2023-05-11 09:41:24,828 [WARN] PackLoader:240 - Cannot read IP mode file for STMicroelectronics.X-CUBE-AZRTOS-F7.1.1.0
2023-05-11 09:41:25,132 [WARN] PackLoader:240 - Cannot read IP mode file for STMicroelectronics.X-CUBE-MEMS1.9.6.0
2023-05-11 09:41:25,839 [WARN] PackLoader:240 - Cannot read IP mode file for STMicroelectronics.X-CUBE-BLE1.6.2.4
2023-05-11 09:41:25,919 [WARN] PackLoader:240 - Cannot read IP mode file for emotas.I-CUBE-CANOPEN.1.1.3
2023-05-11 09:41:25,998 [WARN] PackLoader:240 - Cannot read IP mode file for STMicroelectronics.X-CUBE-BLEMGR.2.0.0
2023-05-11 09:41:26,114 [WARN] ConditionMgr:438 - getConditionDescription Invalid condition id : UX DEVICE CLASS RTOS Condition cause : null
2023-05-11 09:41:26,115 [WARN] ConditionMgr:438 - getConditionDescription Invalid condition id : UX DEVICE CLASS RTOS Condition cause : null
2023-05-11 09:41:26,139 [WARN] PackLoader:240 - Cannot read IP mode file for STMicroelectronics.X-CUBE-AZRTOS-H7.3.1.0
2023-05-11 09:41:26,145 [WARN] ConditionMgr:1039 - genDependencies : Invalid condition id : UX DEVICE CLASS RTOS Condition cause : null
2023-05-11 09:41:26,146 [WARN] ConditionMgr:1039 - genDependencies : Invalid condition id : UX DEVICE CLASS RTOS Condition cause : null
2023-05-11 09:41:26,148 [WARN] ConditionMgr:1039 - genDependencies : Invalid condition id : UX DEVICE CLASS RTOS Condition cause : null
2023-05-11 09:41:26,150 [WARN] ConditionMgr:1039 - genDependencies : Invalid condition id : UX DEVICE CLASS RTOS Condition cause : null
2023-05-11 09:41:26,150 [WARN] ConditionMgr:1039 - genDependencies : Invalid condition id : UX DEVICE CLASS RTOS Condition cause : null
2023-05-11 09:41:26,235 [WARN] PackLoader:240 - Cannot read IP mode file for STMicroelectronics.X-CUBE-DISPLAY.3.0.0
2023-05-11 09:41:26,336 [WARN] PackLoader:240 - Cannot read IP mode file for STMicroelectronics.X-CUBE-NFC7.1.0.0
2023-05-11 09:41:26,396 [WARN] PackLoader:240 - Cannot read IP mode file for STMicroelectronics.X-CUBE-EEPRMA1.4.1.0
2023-05-11 09:41:26,440 [WARN] PackLoader:240 - Cannot read IP mode file for WES.I-CUBE-Cesium.1.3.0
2023-05-11 09:41:26,472 [WARN] PackLoader:240 - Cannot read IP mode file for STMicroelectronics.X-CUBE-SFXS2LP1.4.0.0
2023-05-11 09:41:26,502 [WARN] PackLoader:240 - Cannot read IP mode file for STMicroelectronics.X-CUBE-BLE2.3.3.0
2023-05-11 09:41:26,529 [WARN] PackLoader:240 - Cannot read IP mode file for STMicroelectronics.X-CUBE-ISPU.1.1.0
2023-05-11 09:41:26,554 [WARN] PackLoader:240 - Cannot read IP mode file for STMicroelectronics.X-CUBE-AI.8.0.0
2023-05-11 09:41:26,581 [WARN] PackLoader:240 - Cannot read IP mode file for STMicroelectronics.X-CUBE-FREERTOS.1.0.1
2023-05-11 09:41:26,607 [WARN] PackLoader:240 - Cannot read IP mode file for STMicroelectronics.X-CUBE-TOUCHGFX.4.21.3
2023-05-11 09:41:26,637 [WARN] PackLoader:240 - Cannot read IP mode file for STMicroelectronics.X-CUBE-ALGOBUILD.1.3.0
2023-05-11 09:41:26,712 [WARN] PackLoader:240 - Cannot read IP mode file for STMicroelectronics.X-CUBE-AZRTOS-L5.1.1.0
2023-05-11 09:41:26,799 [WARN] PackLoader:240 - Cannot read IP mode file for STMicroelectronics.X-CUBE-AZRTOS-G0.1.1.0
2023-05-11 09:41:26,850 [WARN] PackLoader:240 - Cannot read IP mode file for STMicroelectronics.X-CUBE-SUBG2.5.0.0
2023-05-11 09:41:26,929 [WARN] PackLoader:240 - Cannot read IP mode file for STMicroelectronics.X-CUBE-NFC4.3.0.0
2023-05-11 09:41:27,002 [INFO] DbMcusAds:53 - JSON generation date=Tue Mar 07 10:50:54 EET 2023 (1678179054945)
2023-05-11 09:41:27,059 [WARN] PackLoader:240 - Cannot read IP mode file for STMicroelectronics.X-CUBE-AZRTOS-G4.2.0.0
2023-05-11 09:41:27,114 [ERROR] TargetSelectorAdapter:267 - Unable to refresh data
2023-05-11 09:41:27,236 [WARN] PackLoader:240 - Cannot read IP mode file for STMicroelectronics.X-CUBE-TOF1.3.3.0
2023-05-11 09:41:27,335 [WARN] PackLoader:240 - Cannot read IP mode file for STMicroelectronics.FP-ATR-SIGFOX1.3.2.0
2023-05-11 09:41:27,459 [WARN] PackLoader:240 - Cannot read IP mode file for STMicroelectronics.X-CUBE-AZRTOS-L4.1.0.0
2023-05-11 09:41:27,552 [WARN] PackLoader:240 - Cannot read IP mode file for STMicroelectronics.X-CUBE-AZRTOS-WL.1.0.0
2023-05-11 09:41:27,601 [WARN] PackLoader:240 - Cannot read IP mode file for portGmbH.I-Cube-SoM-uGOAL.1.1.0
2023-05-11 09:41:27,636 [WARN] PackLoader:240 - Cannot read IP mode file for STMicroelectronics.X-CUBE-ALS.1.0.1
2023-05-11 09:41:27,712 [WARN] PackLoader:240 - Cannot read IP mode file for STMicroelectronics.X-CUBE-AZRTOS-WB.1.1.0
2023-05-11 09:41:27,851 [WARN] PackLoader:240 - Cannot read IP mode file for SEGGER.I-CUBE-embOS.1.3.1
2023-05-11 09:41:28,117 [WARN] PackLoader:240 - Cannot read IP mode file for STMicroelectronics.FP-ATR-ASTRA1.2.0.0
2023-05-11 09:41:28,119 [INFO] ThirdParty:978 - Integrity check success = true
2023-05-11 09:41:28,119 [INFO] IntegrityCheckThread:100 - exiting critical section [integrity check]
2023-05-11 09:41:28,119 [INFO] IntegrityCheckThread:103 - End integrity checks thread
2023-05-11 09:41:28,316 [INFO] ApiDb:581 - Connected to CubeFinder SQLite database (C:\Users\es-MohamedHAbdelAziz\.stmcufinder\plugins\mcufinder\mcu\cube-finder-db.db)
2023-05-11 09:41:28,526 [INFO] ApiDb:668 - CubeFinder database Data Model version=2.1
2023-05-11 09:41:28,526 [INFO] ApiDb:669 - CubeFinder database Configuration version=3.0.35
2023-05-11 09:41:28,527 [INFO] ApiDb:670 - CubeFinder database generation date=2023-04-03 (1680511692)
2023-05-11 09:41:28,527 [INFO] ApiDb:671 - CubeFinder database FW Pack versions=[FP-ATR-ASTRA1_V2.0.0, STM32Cube_FW_C0_V1.0.1, STM32Cube_FW_F0_V1.11.4, STM32Cube_FW_F3_V1.11.4, STM32Cube_FW_F4_V1.27.1, STM32Cube_FW_F7_V1.17.0, STM32Cube_FW_G0_V1.6.1, STM32Cube_FW_G4_V1.5.1, STM32Cube_FW_H5_V0.5.1, STM32Cube_FW_H5_V1.0.0, STM32Cube_FW_H7_V1.11.0, STM32Cube_FW_L0_V1.12.2, STM32Cube_FW_L5_V1.5.0, STM32Cube_FW_U5_V1.2.0, STM32Cube_FW_WBA_V1.0.0, STM32Cube_FW_WBA_V1.0.0RC1, STM32Cube_FW_WBA_V1.0.0RC3, STM32Cube_FW_WB_V1.15.0RC1, STM32Cube_FW_WB_V1.16.0, STM32Cube_FW_WB_V1.16.0RC2, STM32Cube_FW_WL_V1.3.0, X-CUBE-ALGOBUILD_V1.3.0, X-CUBE-ALS_V1.0.1, X-CUBE-AZRTOS-F4_V1.1.0, X-CUBE-AZRTOS-F7_V1.1.0, X-CUBE-AZRTOS-G0_V1.1.0, X-CUBE-AZRTOS-G4_V1.0.0, X-CUBE-AZRTOS-H7_V3.0.0, X-CUBE-AZRTOS-L4_V1.0.0, X-CUBE-AZRTOS-L5_V1.1.0, X-CUBE-AZRTOS-WB_V1.1.0, X-CUBE-AZRTOS-WL_V1.0.0, X-CUBE-BLE1_V6.2.4, X-CUBE-BLE2_V3.3.0, X-CUBE-BLEMGR_V1.3.0, X-CUBE-EEPRMA1_V4.1.0, X-CUBE-FREERTOS_V1.0.1, X-CUBE-GNSS1_V6.0.0, X-CUBE-MEMS1_V9.1.0, X-CUBE-MEMS1_V9.4.0, X-CUBE-MEMS1_V9.5.0, X-CUBE-NFC4_V3.0.0, X-CUBE-NFC7_V1.0.0, X-CUBE-SFXS2LP1_V4.0.0, X-CUBE-SUBG2_V5.0.0]
2023-05-11 09:41:28,767 [INFO] DbBoardsSqlite:226 - include board P-NUCLEO-WB55-NUCLEO as a kit item of type 'Nucleo-64'
2023-05-11 09:41:28,768 [INFO] DbBoardsSqlite:226 - include board P-NUCLEO-WB55-USBDONGLE as a kit item of type 'Nucleo USB Dongle'
2023-05-11 09:41:28,769 [INFO] DbBoardsSqlite:226 - include board STEVAL-IDP005V1 as a kit item of type 'Evaluation Board'
2023-05-11 09:41:28,770 [INFO] DbBoardsSqlite:226 - include board STEVAL-IDP005V2 as a kit item of type 'Evaluation Board'
2023-05-11 09:41:28,916 [INFO] ApiDb:240 - Found 297 in-development CPN: [B-G473E-ZEST1S, B-WB1M-WPAN1, B-WL5M-SUBG1, NUCLEO-C031C6, NUCLEO-H503RB, NUCLEO-H563ZI, NUCLEO-U545RE-Q, NUCLEO-U5A5ZJ-Q, NUCLEO-WBA52CG, STEVAL-PROTEUS1, STEVAL-STWINBX1, STM320518-EVAL, STM32C0116-DK, STM32C011D6Y3TR, STM32C011D6Y6TR, STM32C011F4P3, STM32C011F4P6, STM32C011F4U3, STM32C011F4U6TR, STM32C011F6P3, STM32C011F6P6, STM32C011F6U3, STM32C011F6U6TR, STM32C011J4M3, STM32C011J4M6, STM32C011J6M3, STM32C011J6M6, STM32C0316-DK, STM32C031C4T3, STM32C031C4T6, STM32C031C4U3, STM32C031C4U6, STM32C031C6T3, STM32C031C6T6, STM32C031C6U3, STM32C031C6U6, STM32C031F4P3, STM32C031F4P6, STM32C031F6P3, STM32C031F6P6, STM32C031G4U3, STM32C031G4U6, STM32C031G6U3, STM32C031G6U6, STM32C031K4T3, STM32C031K4T6, STM32C031K4U3, STM32C031K4U6, STM32C031K6T3, STM32C031K6T6, STM32C031K6U3, STM32C031K6U6, STM32G071K8TXN, STM32G071K8UXN, STM32G081GBU6N, STM32G081KBT6N, STM32G081KBUXN, STM32G0B1CCT6N, STM32G0B1KCT6, STM32G0B1NEY6TR, STM32G0B1RCT6N, STM32G0C1CCT6, STM32G0C1CCT6N, STM32G0C1CCU6N, STM32G0C1CET6N, STM32G0C1CEU6N, STM32G0C1KCT6, STM32G0C1NEY6TR, STM32G0C1RCI6N, STM32G0C1RCT6N, STM32G0C1REI6N, STM32G0C1RET6N, STM32G0C1VCI6, STM32G0C1VEI6, STM32G471CCT6, STM32G471CCU6, STM32G471CET3, STM32G471CET6, STM32G471CEU3, STM32G471CEU6, STM32G471MCT6, STM32G471MET3, STM32G471MET6, STM32G471MEY6TR, STM32G471QCT6, STM32G471QET3, STM32G471RCT6, STM32G471RET3, STM32G471RET6, STM32G471VCH6, STM32G471VCI6, STM32G471VCT6, STM32G471VEH3, STM32G471VEH6, STM32G471VEI3, STM32G471VEI6, STM32G471VET3, STM32G471VET6, STM32G474CCT6, STM32H503CBT6, STM32H503CBU6, STM32H503EBY6TR, STM32H503KBU6, STM32H503RBT6, STM32H562AGI6, STM32H562AII6, STM32H562IGK6, STM32H562IGT6, STM32H562IIK6, STM32H562IIT6, STM32H562RGT6, STM32H562RGV6, STM32H562RIT6, STM32H562RIV6, STM32H562VGT6, STM32H562VIT6, STM32H562ZGT6, STM32H562ZIT6, STM32H563AGI6, STM32H563AII3Q, STM32H563AII6, STM32H563IGK6, STM32H563IGT6, STM32H563IIK3Q, STM32H563IIK6, STM32H563IIT3Q, STM32H563IIT6, STM32H563MIY3QTR, STM32H563RGT6, STM32H563RGV6, STM32H563RIT6, STM32H563RIV6, STM32H563VGT6, STM32H563VIT3Q, STM32H563VIT6, STM32H563ZGT6, STM32H563ZIT3Q, STM32H563ZIT6, STM32H573AII3Q, STM32H573AII6, STM32H573I-DK, STM32H573IIK3Q, STM32H573IIK6, STM32H573IIT3Q, STM32H573IIT6, STM32H573MIY3QTR, STM32H573RIT6, STM32H573RIV6, STM32H573VIT3Q, STM32H573VIT6, STM32H573ZIT3Q, STM32H573ZIT6, STM32L4R5QGI6STR, STM32MP131AAE3, STM32MP131AAF3, STM32MP131AAG3, STM32MP131CAE3, STM32MP131CAF3, STM32MP131CAG3, STM32MP131DAE7, STM32MP131DAF7, STM32MP131DAG7, STM32MP131FAE7, STM32MP131FAF7, STM32MP131FAG7, STM32MP133AAE3, STM32MP133AAF3, STM32MP133AAG3, STM32MP133CAE3, STM32MP133CAF3, STM32MP133CAG3, STM32MP133DAE7, STM32MP133DAF7, STM32MP133DAG7, STM32MP133FAE7, STM32MP133FAF7, STM32MP133FAG7, STM32MP135AAE3, STM32MP135AAF3, STM32MP135AAG3, STM32MP135CAE3, STM32MP135CAF3, STM32MP135CAG3, STM32MP135DAE7, STM32MP135DAF7, STM32MP135DAG7, STM32MP135F-DK, STM32MP135FAE7, STM32MP135FAF7, STM32MP135FAF7T, STM32MP135FAF7U, STM32MP135FAG7, STM32U535CBT6, STM32U535CBT6Q, STM32U535CBU6, STM32U535CBU6Q, STM32U535CCT6, STM32U535CCT6Q, STM32U535CCU6, STM32U535CCU6Q, STM32U535CET6, STM32U535CET6Q, STM32U535CEU6, STM32U535CEU6Q, STM32U535JEY6QTR, STM32U535NCY6QTR, STM32U535NEY6QTR, STM32U535RBI6, STM32U535RBI6Q, STM32U535RBT6, STM32U535RBT6Q, STM32U535RCI6, STM32U535RCI6Q, STM32U535RCT6, STM32U535RCT6Q, STM32U535REI6, STM32U535REI6Q, STM32U535RET6, STM32U535RET6Q, STM32U535VCI6, STM32U535VCI6Q, STM32U535VCT6, STM32U535VCT6Q, STM32U535VEI6, STM32U535VEI6Q, STM32U535VET6, STM32U535VET6Q, STM32U545CET6, STM32U545CET6Q, STM32U545CEU6, STM32U545CEU6Q, STM32U545JEY6QTR, STM32U545NEY6QTR, STM32U545REI6, STM32U545REI6Q, STM32U545RET6, STM32U545RET6Q, STM32U545VEI6, STM32U545VEI6Q, STM32U545VET6, STM32U545VET6Q, STM32U595AIH6, STM32U595AIH6Q, STM32U595AJH6, STM32U595AJH6Q, STM32U595QII6, STM32U595QII6Q, STM32U595QJI6, STM32U595QJI6Q, STM32U595RIT6, STM32U595RIT6Q, STM32U595RJT6, STM32U595RJT6Q, STM32U595VIT6, STM32U595VIT6Q, STM32U595VJT6, STM32U595VJT6Q, STM32U595ZIT6, STM32U595ZIT6Q, STM32U595ZIY6QTR, STM32U595ZJT6, STM32U595ZJT6Q, STM32U595ZJY6QTR, STM32U599BJY6QTR, STM32U599NIH6Q, STM32U599NJH6Q, STM32U599VIT6Q, STM32U599VJT6, STM32U599VJT6Q, STM32U599ZIT6Q, STM32U599ZIY6QTR, STM32U599ZJT6Q, STM32U599ZJY6QTR, STM32U5A5AJH6, STM32U5A5AJH6Q, STM32U5A5QJI6, STM32U5A5QJI6Q, STM32U5A5RJT6, STM32U5A5RJT6Q, STM32U5A5VJT6, STM32U5A5VJT6Q, STM32U5A5ZJT6, STM32U5A5ZJT6Q, STM32U5A5ZJY6QTR, STM32U5A9BJY6QTR, STM32U5A9J-DK, STM32U5A9NJH6Q, STM32U5A9VJT6Q, STM32U5A9ZJT6Q, STM32U5A9ZJY6QTR, STM32WB1MMCH6, STM32WBA52CEU6, STM32WBA52CEU6T, STM32WBA52CGU6, STM32WBA52CGU6T, STM32WL5MOCH6, STM32WL5MOCH6TR]
2023-05-11 09:41:29,303 [INFO] BoardInfo:880 - No configuration file found for board P-NUCLEO-WB55
2023-05-11 09:41:29,304 [INFO] DbBoards:157 - Kit is not supported: P-NUCLEO-WB55
2023-05-11 09:41:29,317 [INFO] BoardInfo:880 - No configuration file found for board STEVAL-BFA001V1B
2023-05-11 09:41:29,318 [INFO] DbBoards:157 - Kit is not supported: STEVAL-BFA001V1B
2023-05-11 09:41:29,320 [INFO] BoardInfo:880 - No configuration file found for board STEVAL-BFA001V2B
2023-05-11 09:41:29,321 [INFO] DbBoards:157 - Kit is not supported: STEVAL-BFA001V2B
2023-05-11 09:41:29,635 [INFO] DbBoards:161 - Found 187 boards, 184 are supported
2023-05-11 09:41:29,643 [INFO] ApiDb:668 - CubeFinder database Data Model version=2.1
2023-05-11 09:41:29,643 [INFO] ApiDb:669 - CubeFinder database Configuration version=3.0.35
2023-05-11 09:41:29,643 [INFO] ApiDb:670 - CubeFinder database generation date=2023-04-03 (1680511692)
2023-05-11 09:41:29,643 [INFO] ApiDb:671 - CubeFinder database FW Pack versions=[FP-ATR-ASTRA1_V2.0.0, STM32Cube_FW_C0_V1.0.1, STM32Cube_FW_F0_V1.11.4, STM32Cube_FW_F3_V1.11.4, STM32Cube_FW_F4_V1.27.1, STM32Cube_FW_F7_V1.17.0, STM32Cube_FW_G0_V1.6.1, STM32Cube_FW_G4_V1.5.1, STM32Cube_FW_H5_V0.5.1, STM32Cube_FW_H5_V1.0.0, STM32Cube_FW_H7_V1.11.0, STM32Cube_FW_L0_V1.12.2, STM32Cube_FW_L5_V1.5.0, STM32Cube_FW_U5_V1.2.0, STM32Cube_FW_WBA_V1.0.0, STM32Cube_FW_WBA_V1.0.0RC1, STM32Cube_FW_WBA_V1.0.0RC3, STM32Cube_FW_WB_V1.15.0RC1, STM32Cube_FW_WB_V1.16.0, STM32Cube_FW_WB_V1.16.0RC2, STM32Cube_FW_WL_V1.3.0, X-CUBE-ALGOBUILD_V1.3.0, X-CUBE-ALS_V1.0.1, X-CUBE-AZRTOS-F4_V1.1.0, X-CUBE-AZRTOS-F7_V1.1.0, X-CUBE-AZRTOS-G0_V1.1.0, X-CUBE-AZRTOS-G4_V1.0.0, X-CUBE-AZRTOS-H7_V3.0.0, X-CUBE-AZRTOS-L4_V1.0.0, X-CUBE-AZRTOS-L5_V1.1.0, X-CUBE-AZRTOS-WB_V1.1.0, X-CUBE-AZRTOS-WL_V1.0.0, X-CUBE-BLE1_V6.2.4, X-CUBE-BLE2_V3.3.0, X-CUBE-BLEMGR_V1.3.0, X-CUBE-EEPRMA1_V4.1.0, X-CUBE-FREERTOS_V1.0.1, X-CUBE-GNSS1_V6.0.0, X-CUBE-MEMS1_V9.1.0, X-CUBE-MEMS1_V9.4.0, X-CUBE-MEMS1_V9.5.0, X-CUBE-NFC4_V3.0.0, X-CUBE-NFC7_V1.0.0, X-CUBE-SFXS2LP1_V4.0.0, X-CUBE-SUBG2_V5.0.0]
2023-05-11 09:41:33,985 [INFO] ApiDb:240 - Found 297 in-development CPN: [B-G473E-ZEST1S, B-WB1M-WPAN1, B-WL5M-SUBG1, NUCLEO-C031C6, NUCLEO-H503RB, NUCLEO-H563ZI, NUCLEO-U545RE-Q, NUCLEO-U5A5ZJ-Q, NUCLEO-WBA52CG, STEVAL-PROTEUS1, STEVAL-STWINBX1, STM320518-EVAL, STM32C0116-DK, STM32C011D6Y3TR, STM32C011D6Y6TR, STM32C011F4P3, STM32C011F4P6, STM32C011F4U3, STM32C011F4U6TR, STM32C011F6P3, STM32C011F6P6, STM32C011F6U3, STM32C011F6U6TR, STM32C011J4M3, STM32C011J4M6, STM32C011J6M3, STM32C011J6M6, STM32C0316-DK, STM32C031C4T3, STM32C031C4T6, STM32C031C4U3, STM32C031C4U6, STM32C031C6T3, STM32C031C6T6, STM32C031C6U3, STM32C031C6U6, STM32C031F4P3, STM32C031F4P6, STM32C031F6P3, STM32C031F6P6, STM32C031G4U3, STM32C031G4U6, STM32C031G6U3, STM32C031G6U6, STM32C031K4T3, STM32C031K4T6, STM32C031K4U3, STM32C031K4U6, STM32C031K6T3, STM32C031K6T6, STM32C031K6U3, STM32C031K6U6, STM32G071K8TXN, STM32G071K8UXN, STM32G081GBU6N, STM32G081KBT6N, STM32G081KBUXN, STM32G0B1CCT6N, STM32G0B1KCT6, STM32G0B1NEY6TR, STM32G0B1RCT6N, STM32G0C1CCT6, STM32G0C1CCT6N, STM32G0C1CCU6N, STM32G0C1CET6N, STM32G0C1CEU6N, STM32G0C1KCT6, STM32G0C1NEY6TR, STM32G0C1RCI6N, STM32G0C1RCT6N, STM32G0C1REI6N, STM32G0C1RET6N, STM32G0C1VCI6, STM32G0C1VEI6, STM32G471CCT6, STM32G471CCU6, STM32G471CET3, STM32G471CET6, STM32G471CEU3, STM32G471CEU6, STM32G471MCT6, STM32G471MET3, STM32G471MET6, STM32G471MEY6TR, STM32G471QCT6, STM32G471QET3, STM32G471RCT6, STM32G471RET3, STM32G471RET6, STM32G471VCH6, STM32G471VCI6, STM32G471VCT6, STM32G471VEH3, STM32G471VEH6, STM32G471VEI3, STM32G471VEI6, STM32G471VET3, STM32G471VET6, STM32G474CCT6, STM32H503CBT6, STM32H503CBU6, STM32H503EBY6TR, STM32H503KBU6, STM32H503RBT6, STM32H562AGI6, STM32H562AII6, STM32H562IGK6, STM32H562IGT6, STM32H562IIK6, STM32H562IIT6, STM32H562RGT6, STM32H562RGV6, STM32H562RIT6, STM32H562RIV6, STM32H562VGT6, STM32H562VIT6, STM32H562ZGT6, STM32H562ZIT6, STM32H563AGI6, STM32H563AII3Q, STM32H563AII6, STM32H563IGK6, STM32H563IGT6, STM32H563IIK3Q, STM32H563IIK6, STM32H563IIT3Q, STM32H563IIT6, STM32H563MIY3QTR, STM32H563RGT6, STM32H563RGV6, STM32H563RIT6, STM32H563RIV6, STM32H563VGT6, STM32H563VIT3Q, STM32H563VIT6, STM32H563ZGT6, STM32H563ZIT3Q, STM32H563ZIT6, STM32H573AII3Q, STM32H573AII6, STM32H573I-DK, STM32H573IIK3Q, STM32H573IIK6, STM32H573IIT3Q, STM32H573IIT6, STM32H573MIY3QTR, STM32H573RIT6, STM32H573RIV6, STM32H573VIT3Q, STM32H573VIT6, STM32H573ZIT3Q, STM32H573ZIT6, STM32L4R5QGI6STR, STM32MP131AAE3, STM32MP131AAF3, STM32MP131AAG3, STM32MP131CAE3, STM32MP131CAF3, STM32MP131CAG3, STM32MP131DAE7, STM32MP131DAF7, STM32MP131DAG7, STM32MP131FAE7, STM32MP131FAF7, STM32MP131FAG7, STM32MP133AAE3, STM32MP133AAF3, STM32MP133AAG3, STM32MP133CAE3, STM32MP133CAF3, STM32MP133CAG3, STM32MP133DAE7, STM32MP133DAF7, STM32MP133DAG7, STM32MP133FAE7, STM32MP133FAF7, STM32MP133FAG7, STM32MP135AAE3, STM32MP135AAF3, STM32MP135AAG3, STM32MP135CAE3, STM32MP135CAF3, STM32MP135CAG3, STM32MP135DAE7, STM32MP135DAF7, STM32MP135DAG7, STM32MP135F-DK, STM32MP135FAE7, STM32MP135FAF7, STM32MP135FAF7T, STM32MP135FAF7U, STM32MP135FAG7, STM32U535CBT6, STM32U535CBT6Q, STM32U535CBU6, STM32U535CBU6Q, STM32U535CCT6, STM32U535CCT6Q, STM32U535CCU6, STM32U535CCU6Q, STM32U535CET6, STM32U535CET6Q, STM32U535CEU6, STM32U535CEU6Q, STM32U535JEY6QTR, STM32U535NCY6QTR, STM32U535NEY6QTR, STM32U535RBI6, STM32U535RBI6Q, STM32U535RBT6, STM32U535RBT6Q, STM32U535RCI6, STM32U535RCI6Q, STM32U535RCT6, STM32U535RCT6Q, STM32U535REI6, STM32U535REI6Q, STM32U535RET6, STM32U535RET6Q, STM32U535VCI6, STM32U535VCI6Q, STM32U535VCT6, STM32U535VCT6Q, STM32U535VEI6, STM32U535VEI6Q, STM32U535VET6, STM32U535VET6Q, STM32U545CET6, STM32U545CET6Q, STM32U545CEU6, STM32U545CEU6Q, STM32U545JEY6QTR, STM32U545NEY6QTR, STM32U545REI6, STM32U545REI6Q, STM32U545RET6, STM32U545RET6Q, STM32U545VEI6, STM32U545VEI6Q, STM32U545VET6, STM32U545VET6Q, STM32U595AIH6, STM32U595AIH6Q, STM32U595AJH6, STM32U595AJH6Q, STM32U595QII6, STM32U595QII6Q, STM32U595QJI6, STM32U595QJI6Q, STM32U595RIT6, STM32U595RIT6Q, STM32U595RJT6, STM32U595RJT6Q, STM32U595VIT6, STM32U595VIT6Q, STM32U595VJT6, STM32U595VJT6Q, STM32U595ZIT6, STM32U595ZIT6Q, STM32U595ZIY6QTR, STM32U595ZJT6, STM32U595ZJT6Q, STM32U595ZJY6QTR, STM32U599BJY6QTR, STM32U599NIH6Q, STM32U599NJH6Q, STM32U599VIT6Q, STM32U599VJT6, STM32U599VJT6Q, STM32U599ZIT6Q, STM32U599ZIY6QTR, STM32U599ZJT6Q, STM32U599ZJY6QTR, STM32U5A5AJH6, STM32U5A5AJH6Q, STM32U5A5QJI6, STM32U5A5QJI6Q, STM32U5A5RJT6, STM32U5A5RJT6Q, STM32U5A5VJT6, STM32U5A5VJT6Q, STM32U5A5ZJT6, STM32U5A5ZJT6Q, STM32U5A5ZJY6QTR, STM32U5A9BJY6QTR, STM32U5A9J-DK, STM32U5A9NJH6Q, STM32U5A9VJT6Q, STM32U5A9ZJT6Q, STM32U5A9ZJY6QTR, STM32WB1MMCH6, STM32WBA52CEU6, STM32WBA52CEU6T, STM32WBA52CGU6, STM32WBA52CGU6T, STM32WL5MOCH6, STM32WL5MOCH6TR]
2023-05-11 09:41:33,990 [INFO] DbMcus:216 - Found 3775 MCUs, 3775 are supported
2023-05-11 09:41:34,004 [INFO] ApiDb:423 - Load user favorites file C:\Users\es-MohamedHAbdelAziz/.stm32cubeide/favorites.mcus.txt: 1 item(s)
2023-05-11 09:41:34,004 [INFO] ApiDb:427 - User favorites MCUs=[STM32F103C6T6A]
2023-05-11 09:41:34,005 [INFO] DbMcus:222 - Set 1 / 1 favorites MCUs
2023-05-11 09:41:34,545 [INFO] ApiDb:423 - Load user favorites file C:\Users\es-MohamedHAbdelAziz/.stm32cubeide/favorites.boards.txt: 0 item(s)
2023-05-11 09:41:34,545 [INFO] ApiDb:427 - User favorites Boards=[]
2023-05-11 09:41:34,546 [INFO] DbBoards:190 - Set 0 / 0 favorites Boards
2023-05-11 09:41:34,546 [INFO] McuFinderGlobals:66 - Set McuFinderConnectedMode to true
2023-05-11 09:41:34,559 [INFO] MultiScanPanel:200 - Auto-refresh data requested => check proxy status ongoing
2023-05-11 09:41:34,564 [INFO] FinderPluginLoader:95 - Searching for filters in installed packs
2023-05-11 09:41:38,058 [INFO] LoadUrlFilesThread:185 - End of LoadServerUrlFiles without Thread
2023-05-11 09:41:38,224 [INFO] DetailPanel:341 - Set advertising image to C:/Users/es-MohamedHAbdelAziz/STM32Cube/Repository/\en.prom-stm32h5-mcu-finder.jpg
2023-05-11 09:42:35,986 [INFO] MainUpdater:2854 - connection check result : 10
2023-05-11 09:42:35,986 [INFO] MainUpdater:2854 - connection check result : 10
2023-05-11 09:42:36,058 [INFO] MicroXplorer:468 - Change Database Path : 
2023-05-11 09:42:36,059 [INFO] MicroXplorer:498 - Change Database Version : DB.6.0.81
2023-05-11 09:42:36,059 [WARN] ThirdParty:871 - waiting for thirdparty lock release [close project]
2023-05-11 09:42:36,059 [INFO] ThirdParty:873 - entering critical section [close project]
2023-05-11 09:42:36,062 [INFO] ThirdParty:883 - exiting critical section [close project]
2023-05-11 09:42:36,082 [INFO] PinOutPanel:1499 - setPackage(No Configuration,No Configuration)
2023-05-11 09:42:36,102 [INFO] UtilMem:75 - Begin LoadConfig() Used Memory: 169001152 Bytes (409993216)
2023-05-11 09:42:36,105 [INFO] MicroXplorer:468 - Change Database Path : 
2023-05-11 09:42:36,106 [INFO] MicroXplorer:498 - Change Database Version : DB.6.0.81
2023-05-11 09:42:36,106 [INFO] OpenFileManager:308 - Change cursor
2023-05-11 09:42:36,448 [INFO] Mcu:1937 - Initializing MCU STM32F103C8Tx STM32F103C8Tx 
2023-05-11 09:42:36,454 [INFO] Mcu:1950 - No CPN specified => set CPN to STM32F103C8T6
2023-05-11 09:42:39,002 [INFO] Context:659 - Trying to add GPIOservice into a context  which must be forbidden
2023-05-11 09:42:39,593 [INFO] ImportTextPane:194 - (OptionalMessage_ERROR) Unable to find key (Mcu.ThirdPartyNb) in loaded IOC file
2023-05-11 09:42:39,594 [INFO] ImportTextPane:194 - (OptionalMessage_ERROR) Unable to find key (Mcu.PinsNb) in loaded IOC file
2023-05-11 09:42:39,594 [INFO] ImportTextPane:194 - (OptionalMessage_ERROR) Unable to find key (Mcu.IPNb) in loaded IOC file
2023-05-11 09:42:40,259 [INFO] RtosManager:555 - Registered RTOS mode: class=CMSIS, group=RTOS, mode=CMSIS_V1, owner=FREERTOS
2023-05-11 09:42:40,259 [INFO] RtosManager:555 - Registered RTOS mode: class=CMSIS, group=RTOS2, mode=CMSIS_V2, owner=FREERTOS
2023-05-11 09:42:40,259 [INFO] RtosManager:555 - Registered RTOS mode: class=RTOS, group=Core, mode=CMSIS_V1, owner=FREERTOS
2023-05-11 09:42:40,260 [INFO] RtosManager:555 - Registered RTOS mode: class=RTOS, group=Core, mode=CMSIS_V2, owner=FREERTOS
2023-05-11 09:42:40,260 [WARN] ModelIntegratedComponent:184 - Missing modes for component STMicroelectronics:FreeRTOS:0.0.1:STMicroelectronics:RTOS:FreeRTOS:Core:::10.2.0:
2023-05-11 09:42:40,308 [WARN] ModelIntegratedComponent:63 - No mode defined for component null
2023-05-11 09:42:40,309 [WARN] ModelIntegratedComponent:63 - No mode defined for component null
2023-05-11 09:42:40,310 [WARN] ModelIntegratedComponent:63 - No mode defined for component null
2023-05-11 09:42:40,311 [WARN] ModelIntegratedComponent:63 - No mode defined for component null
2023-05-11 09:42:40,311 [WARN] ModelIntegratedComponent:63 - No mode defined for component null
2023-05-11 09:42:40,311 [WARN] ModelIntegratedComponent:63 - No mode defined for component null
2023-05-11 09:42:40,311 [WARN] ModelIntegratedComponent:63 - No mode defined for component null
2023-05-11 09:42:40,312 [WARN] ModelIntegratedComponent:63 - No mode defined for component null
2023-05-11 09:42:40,312 [WARN] ModelIntegratedComponent:63 - No mode defined for component null
2023-05-11 09:42:40,312 [WARN] ModelIntegratedComponent:63 - No mode defined for component null
2023-05-11 09:42:40,312 [WARN] ModelIntegratedComponent:63 - No mode defined for component null
2023-05-11 09:42:40,312 [WARN] ModelIntegratedComponent:63 - No mode defined for component null
2023-05-11 09:42:40,312 [WARN] ModelIntegratedComponent:63 - No mode defined for component null
2023-05-11 09:42:40,313 [WARN] ModelIntegratedComponent:63 - No mode defined for component null
2023-05-11 09:42:40,313 [WARN] ModelIntegratedComponent:63 - No mode defined for component null
2023-05-11 09:42:40,313 [WARN] ModelIntegratedComponent:63 - No mode defined for component null
2023-05-11 09:42:40,313 [WARN] ModelIntegratedComponent:63 - No mode defined for component null
2023-05-11 09:42:40,313 [WARN] ModelIntegratedComponent:63 - No mode defined for component null
2023-05-11 09:42:40,313 [WARN] ModelIntegratedComponent:63 - No mode defined for component null
2023-05-11 09:42:40,313 [WARN] ModelIntegratedComponent:63 - No mode defined for component null
2023-05-11 09:42:40,314 [WARN] ModelIntegratedComponent:63 - No mode defined for component null
2023-05-11 09:42:40,314 [WARN] ModelIntegratedComponent:63 - No mode defined for component null
2023-05-11 09:42:40,314 [WARN] ModelIntegratedComponent:63 - No mode defined for component null
2023-05-11 09:42:40,314 [WARN] ModelIntegratedComponent:63 - No mode defined for component null
2023-05-11 09:42:40,315 [WARN] ModelIntegratedComponent:63 - No mode defined for component null
2023-05-11 09:42:40,315 [WARN] ModelIntegratedComponent:63 - No mode defined for component null
2023-05-11 09:42:40,315 [WARN] ModelIntegratedComponent:63 - No mode defined for component null
2023-05-11 09:42:40,315 [WARN] ModelIntegratedComponent:63 - No mode defined for component null
2023-05-11 09:42:40,315 [WARN] ModelIntegratedComponent:63 - No mode defined for component null
2023-05-11 09:42:40,316 [WARN] ModelIntegratedComponent:63 - No mode defined for component null
2023-05-11 09:42:40,316 [WARN] ModelIntegratedComponent:63 - No mode defined for component null
2023-05-11 09:42:40,316 [WARN] ModelIntegratedComponent:63 - No mode defined for component null
2023-05-11 09:42:40,316 [WARN] ModelIntegratedComponent:63 - No mode defined for component null
2023-05-11 09:42:40,469 [INFO] ThirdPartyModel:298 - Start build external matchings
2023-05-11 09:42:41,124 [INFO] ThirdPartyModel:316 - End build external matchings
2023-05-11 09:42:41,556 [INFO] UtilMem:75 - End LoadConfig() Used Memory: 261543464 Bytes (409993216)
2023-05-11 09:42:41,774 [WARN] ThirdParty:833 - waiting for thirdparty lock release [change project]
2023-05-11 09:42:41,774 [INFO] ThirdParty:835 - entering critical section [change project]
2023-05-11 09:42:41,775 [INFO] ThirdParty:1030 - CMSIS Pack Vendor :STMicroelectronics X-CUBE-ISPU 1.1.0
2023-05-11 09:42:41,775 [INFO] ThirdParty:1030 - CMSIS Pack Vendor :STMicroelectronics X-CUBE-GNSS1 6.0.0
2023-05-11 09:42:41,775 [INFO] ThirdParty:1030 - CMSIS Pack Vendor :STMicroelectronics USB_HOST 2.0.0
2023-05-11 09:42:41,775 [INFO] ThirdParty:1030 - CMSIS Pack Vendor :STMicroelectronics X-CUBE-AZRTOS-F4 1.1.0
2023-05-11 09:42:41,775 [INFO] ThirdParty:1030 - CMSIS Pack Vendor :STMicroelectronics LIBJPEG 8.0.0
2023-05-11 09:42:41,775 [INFO] ThirdParty:1030 - CMSIS Pack Vendor :STMicroelectronics X-CUBE-SMBUS 2.1.0
2023-05-11 09:42:41,776 [INFO] ThirdParty:1030 - CMSIS Pack Vendor :wolfSSL I-CUBE-wolfSSL 5.6.0
2023-05-11 09:42:41,776 [INFO] ThirdParty:1030 - CMSIS Pack Vendor :STMicroelectronics USB_DEVICE 3.0.0
2023-05-11 09:42:41,776 [INFO] ThirdParty:1030 - CMSIS Pack Vendor :STMicroelectronics X-CUBE-AI 8.0.0
2023-05-11 09:42:41,776 [INFO] ThirdParty:1030 - CMSIS Pack Vendor :STMicroelectronics X-CUBE-FREERTOS 1.0.1
2023-05-11 09:42:41,776 [INFO] ThirdParty:1030 - CMSIS Pack Vendor :STMicroelectronics X-CUBE-TOUCHGFX 4.21.3
2023-05-11 09:42:41,776 [INFO] ThirdParty:1030 - CMSIS Pack Vendor :STMicroelectronics X-CUBE-AZRTOS-F7 1.1.0
2023-05-11 09:42:41,777 [INFO] ThirdParty:1030 - CMSIS Pack Vendor :STMicroelectronics USB_DEVICE 2.0.0
2023-05-11 09:42:41,777 [INFO] ThirdParty:1030 - CMSIS Pack Vendor :STMicroelectronics X-CUBE-MEMS1 9.6.0
2023-05-11 09:42:41,777 [INFO] ThirdParty:1030 - CMSIS Pack Vendor :STMicroelectronics X-CUBE-ALGOBUILD 1.3.0
2023-05-11 09:42:41,777 [INFO] ThirdParty:1030 - CMSIS Pack Vendor :STMicroelectronics X-CUBE-BLE1 6.2.4
2023-05-11 09:42:41,777 [INFO] ThirdParty:1030 - CMSIS Pack Vendor :STMicroelectronics X-CUBE-AZRTOS-L5 1.1.0
2023-05-11 09:42:41,777 [INFO] ThirdParty:1030 - CMSIS Pack Vendor :STMicroelectronics FreeRTOS 0.0.1
2023-05-11 09:42:41,777 [INFO] ThirdParty:1030 - CMSIS Pack Vendor :emotas I-CUBE-CANOPEN 1.1.3
2023-05-11 09:42:41,778 [INFO] ThirdParty:1030 - CMSIS Pack Vendor :STMicroelectronics X-CUBE-AZRTOS-G0 1.1.0
2023-05-11 09:42:41,780 [INFO] ThirdParty:1030 - CMSIS Pack Vendor :STMicroelectronics X-CUBE-BLEMGR 2.0.0
2023-05-11 09:42:41,780 [INFO] ThirdParty:1030 - CMSIS Pack Vendor :STMicroelectronics X-CUBE-SUBG2 5.0.0
2023-05-11 09:42:41,780 [INFO] ThirdParty:1030 - CMSIS Pack Vendor :STMicroelectronics X-CUBE-NFC4 3.0.0
2023-05-11 09:42:41,780 [INFO] ThirdParty:1030 - CMSIS Pack Vendor :STMicroelectronics STM32_WPAN 1.0.0
2023-05-11 09:42:41,780 [INFO] ThirdParty:1030 - CMSIS Pack Vendor :STMicroelectronics lwIP 2.0.3
2023-05-11 09:42:41,781 [INFO] ThirdParty:1030 - CMSIS Pack Vendor :STMicroelectronics USB_HOST 1.0.0
2023-05-11 09:42:41,781 [INFO] ThirdParty:1030 - CMSIS Pack Vendor :STMicroelectronics X-CUBE-AZRTOS-G4 2.0.0
2023-05-11 09:42:41,781 [INFO] ThirdParty:1030 - CMSIS Pack Vendor :STMicroelectronics PDM2PCM 3.1.0
2023-05-11 09:42:41,781 [INFO] ThirdParty:1030 - CMSIS Pack Vendor :STMicroelectronics X-CUBE-AZRTOS-H7 3.1.0
2023-05-11 09:42:41,781 [INFO] ThirdParty:1030 - CMSIS Pack Vendor :STMicroelectronics X-CUBE-TOF1 3.3.0
2023-05-11 09:42:41,781 [INFO] ThirdParty:1030 - CMSIS Pack Vendor :STMicroelectronics PDM2PCM 3.3.0
2023-05-11 09:42:41,782 [INFO] ThirdParty:1030 - CMSIS Pack Vendor :STMicroelectronics X-CUBE-DISPLAY 3.0.0
2023-05-11 09:42:41,782 [INFO] ThirdParty:1030 - CMSIS Pack Vendor :STMicroelectronics FP-ATR-SIGFOX1 3.2.0
2023-05-11 09:42:41,782 [INFO] ThirdParty:1030 - CMSIS Pack Vendor :STMicroelectronics X-CUBE-AZRTOS-L4 1.0.0
2023-05-11 09:42:41,782 [INFO] ThirdParty:1030 - CMSIS Pack Vendor :STMicroelectronics HAL Drivers 0.0.0
2023-05-11 09:42:41,783 [INFO] ThirdParty:1030 - CMSIS Pack Vendor :STMicroelectronics MBEDTLS 2.16.2
2023-05-11 09:42:41,783 [INFO] ThirdParty:1030 - CMSIS Pack Vendor :STMicroelectronics MBEDTLS 2.14.1
2023-05-11 09:42:41,783 [INFO] ThirdParty:1030 - CMSIS Pack Vendor :STMicroelectronics X-CUBE-NFC7 1.0.0
2023-05-11 09:42:41,783 [INFO] ThirdParty:1030 - CMSIS Pack Vendor :STMicroelectronics X-CUBE-AZRTOS-WL 1.0.0
2023-05-11 09:42:41,784 [INFO] ThirdParty:1030 - CMSIS Pack Vendor :STMicroelectronics X-CUBE-EEPRMA1 4.1.0
2023-05-11 09:42:41,784 [INFO] ThirdParty:1030 - CMSIS Pack Vendor :portGmbH I-Cube-SoM-uGOAL 1.1.0
2023-05-11 09:42:41,784 [INFO] ThirdParty:1030 - CMSIS Pack Vendor :STMicroelectronics X-CUBE-ALS 1.0.1
2023-05-11 09:42:41,784 [INFO] ThirdParty:1030 - CMSIS Pack Vendor :STMicroelectronics ThreadX 1.0.0
2023-05-11 09:42:41,784 [INFO] ThirdParty:1030 - CMSIS Pack Vendor :STMicroelectronics X-CUBE-AZRTOS-WB 1.1.0
2023-05-11 09:42:41,784 [INFO] ThirdParty:1030 - CMSIS Pack Vendor :SEGGER I-CUBE-embOS 1.3.1
2023-05-11 09:42:41,785 [INFO] ThirdParty:1030 - CMSIS Pack Vendor :STMicroelectronics USB_DEVICE 1.0.0
2023-05-11 09:42:41,785 [INFO] ThirdParty:1030 - CMSIS Pack Vendor :STMicroelectronics ThreadX 0.0.2
2023-05-11 09:42:41,785 [INFO] ThirdParty:1030 - CMSIS Pack Vendor :WES I-CUBE-Cesium 1.3.0
2023-05-11 09:42:41,785 [INFO] ThirdParty:1030 - CMSIS Pack Vendor :STMicroelectronics FP-ATR-ASTRA1 2.0.0
2023-05-11 09:42:41,785 [INFO] ThirdParty:1030 - CMSIS Pack Vendor :STMicroelectronics lwIP 2.1.2
2023-05-11 09:42:41,785 [INFO] ThirdParty:1030 - CMSIS Pack Vendor :STMicroelectronics X-CUBE-SFXS2LP1 4.0.0
2023-05-11 09:42:41,785 [INFO] ThirdParty:1030 - CMSIS Pack Vendor :STMicroelectronics X-CUBE-BLE2 3.3.0
2023-05-11 09:42:41,785 [INFO] ThirdParty:1030 - CMSIS Pack Vendor :STMicroelectronics PDM2PCM 3.2.0
2023-05-11 09:42:41,786 [INFO] ThirdParty:841 - exiting critical section [change project]
2023-05-11 09:42:42,838 [INFO] PinOutPanel:1499 - setPackage(No Configuration,No Configuration)
2023-05-11 09:42:42,850 [INFO] PinOutPanel:1499 - setPackage(STM32F103C8Tx,LQFP48)
2023-05-11 09:42:44,392 [INFO] UtilMem:75 - Before build in PCC Used Memory: 217867168 Bytes (409993216)
2023-05-11 09:42:47,947 [INFO] UtilMem:75 - After build in PCC Used Memory: 181159200 Bytes (409993216)
2023-05-11 09:42:48,076 [INFO] IPUIPlugin:80 - create IPUIPlugin
2023-05-11 09:42:48,076 [INFO] IPUIPlugin:80 - create IPUIPlugin
2023-05-11 09:42:48,077 [INFO] IPUIPlugin:80 - create IPUIPlugin
2023-05-11 09:42:48,077 [INFO] IPUIPlugin:80 - create IPUIPlugin
2023-05-11 09:42:48,078 [INFO] IPUIPlugin:80 - create IPUIPlugin
2023-05-11 09:42:48,078 [INFO] IPUIPlugin:80 - create IPUIPlugin
2023-05-11 09:42:48,078 [INFO] IPUIPlugin:80 - create IPUIPlugin
2023-05-11 09:42:48,078 [INFO] IPUIPlugin:80 - create IPUIPlugin
2023-05-11 09:42:48,079 [INFO] IPUIPlugin:80 - create IPUIPlugin
2023-05-11 09:42:48,079 [INFO] IPUIPlugin:80 - create IPUIPlugin
2023-05-11 09:42:48,080 [INFO] IPUIPlugin:80 - create IPUIPlugin
2023-05-11 09:42:48,080 [INFO] IPUIPlugin:80 - create IPUIPlugin
2023-05-11 09:42:48,081 [INFO] IPUIPlugin:80 - create IPUIPlugin
2023-05-11 09:42:48,085 [INFO] IPUIPlugin:80 - create IPUIPlugin
2023-05-11 09:42:48,086 [INFO] IPUIPlugin:80 - create IPUIPlugin
2023-05-11 09:42:48,086 [INFO] IPUIPlugin:80 - create IPUIPlugin
2023-05-11 09:42:48,087 [INFO] IPUIPlugin:80 - create IPUIPlugin
2023-05-11 09:42:48,087 [INFO] IPUIPlugin:80 - create IPUIPlugin
2023-05-11 09:42:48,095 [INFO] IPUIPlugin:80 - create IPUIPlugin
2023-05-11 09:42:48,096 [INFO] IPUIPlugin:80 - create IPUIPlugin
2023-05-11 09:42:48,096 [INFO] IPUIPlugin:80 - create IPUIPlugin
2023-05-11 09:42:48,097 [INFO] IPUIPlugin:80 - create IPUIPlugin
2023-05-11 09:42:48,098 [INFO] IPUIPlugin:80 - create IPUIPlugin
2023-05-11 09:42:48,099 [INFO] IPUIPlugin:80 - create IPUIPlugin
2023-05-11 09:42:48,099 [INFO] IPUIPlugin:80 - create IPUIPlugin
2023-05-11 09:42:48,100 [INFO] IPUIPlugin:80 - create IPUIPlugin
2023-05-11 09:42:48,101 [INFO] IPUIPlugin:80 - create IPUIPlugin
2023-05-11 09:42:48,668 [INFO] CADModel:165 - CPN selected for project levelSTM32F103C8T6
2023-05-11 09:42:48,669 [INFO] CADModel:114 - Register for checkConnection events
2023-05-11 09:42:48,723 [INFO] OpenFileManager:328 - Restore cursor
2023-05-11 09:42:53,604 [INFO] UtilMem:75 - End SaveConfig() Used Memory: 274685216 Bytes (409993216)
2023-05-11 09:42:58,331 [ERROR] FileExtend:455 - File entry not found
2023-05-11 09:42:58,333 [INFO] FileExtend:240 - Unzip File : stm32cube_fw_f1_v180.zip
2023-05-11 09:42:58,333 [INFO] FileExtend:255 - Standard Zip Deflate
2023-05-11 09:43:55,018 [INFO] ServerAccessManage:473 - Download File stm32cube_fw_f1_v185.zip
2023-05-11 09:44:09,907 [INFO] FileExtend:240 - Unzip File : stm32cube_fw_f1_v185.zip
2023-05-11 09:44:09,908 [INFO] FileExtend:255 - Standard Zip Deflate
2023-05-11 09:44:45,750 [INFO] LoadServerPackagesThread:196 - End of LoadServerPackages Thread
2023-05-11 09:44:46,215 [INFO] ThirdPartyModel:298 - Start build external matchings
2023-05-11 09:44:46,223 [INFO] UtilMem:75 - End SaveConfig() Used Memory: 186731072 Bytes (975175680)
2023-05-11 09:44:50,914 [INFO] ThirdPartyModel:316 - End build external matchings
2023-05-11 09:44:50,981 [INFO] CheckServerUpdateThread:120 - End of CheckServer Thread
2023-05-11 09:44:51,397 [INFO] BlockDiagram:2759 - set Specific Code input for plugin: NVIC
2023-05-11 09:44:51,398 [INFO] BlockDiagram:2759 - set Specific Code input for plugin: RCC
2023-05-11 09:44:51,400 [INFO] CodeGenerator:793 - code generatio: config db path: C:\ST\STM32CubeIDE_1.12.1\STM32CubeIDE\plugins\com.st.stm32cube.common.mx_6.8.1.202304191431\\db\
2023-05-11 09:44:54,603 [INFO] CodeEngine:255 - oldGeneratedFile, E:\NTI\STM32\ADC_Referance\MXTmpFiles\license.tmp_save
2023-05-11 09:44:58,815 [INFO] CodeEngine:279 - Generated code: E:\NTI\STM32\ADC_Referance\MXTmpFiles\license.tmp
2023-05-11 09:44:59,058 [INFO] CodeEngine:255 - oldGeneratedFile, E:\NTI\STM32\ADC_Referance\Core\Src\stm32f1xx_it.c_save
2023-05-11 09:45:01,890 [INFO] CodeEngine:279 - Generated code: E:\NTI\STM32\ADC_Referance\Core\Src\stm32f1xx_it.c
2023-05-11 09:45:02,006 [INFO] CodeEngine:255 - oldGeneratedFile, E:\NTI\STM32\ADC_Referance\Core\Inc\stm32f1xx_it.h_save
2023-05-11 09:45:03,795 [INFO] CodeEngine:279 - Generated code: E:\NTI\STM32\ADC_Referance\Core\Inc\stm32f1xx_it.h
2023-05-11 09:45:04,281 [INFO] CodeEngine:255 - oldGeneratedFile, E:\NTI\STM32\ADC_Referance\Core\Src\stm32f1xx_hal_msp.c_save
2023-05-11 09:45:04,928 [INFO] CodeEngine:279 - Generated code: E:\NTI\STM32\ADC_Referance\Core\Src\stm32f1xx_hal_msp.c
2023-05-11 09:45:04,952 [INFO] CodeEngine:255 - oldGeneratedFile, E:\NTI\STM32\ADC_Referance\MXTmpFiles\system.tmp_save
2023-05-11 09:45:05,306 [INFO] CodeEngine:279 - Generated code: E:\NTI\STM32\ADC_Referance\MXTmpFiles\system.tmp
2023-05-11 09:45:05,383 [INFO] CodeEngine:311 - oldGeneratedFile, E:\NTI\STM32\ADC_Referance\Core\Inc\stm32f1xx_hal_conf.h_save
2023-05-11 09:45:05,952 [INFO] CodeEngine:335 - Generated code: E:\NTI\STM32\ADC_Referance\Core\Inc\stm32f1xx_hal_conf.h
2023-05-11 09:45:06,165 [INFO] CodeEngine:255 - oldGeneratedFile, E:\NTI\STM32\ADC_Referance\Core\Inc\main.h_save
2023-05-11 09:45:06,733 [INFO] CodeEngine:279 - Generated code: E:\NTI\STM32\ADC_Referance\Core\Inc\main.h
2023-05-11 09:45:06,767 [INFO] CodeEngine:255 - oldGeneratedFile, E:\NTI\STM32\ADC_Referance\Core\Src\main.c_save
2023-05-11 09:45:07,444 [INFO] CodeEngine:279 - Generated code: E:\NTI\STM32\ADC_Referance\Core\Src\main.c
2023-05-11 09:45:09,754 [INFO] ProjectBuilder:2996 - Time for Copy HAL[1] : 509mS.
2023-05-11 09:45:09,789 [INFO] ProjectBuilder:4304 - Project Generator version: 3.19.2
2023-05-11 09:45:10,613 [INFO] ConfigFileManager:1483 - The Die is : DIE410
2023-05-11 09:45:10,680 [INFO] ApiDbMcu:507 - Load IP Config File for FATFS
2023-05-11 09:45:10,737 [INFO] ApiDbMcu:507 - Load IP Config File for FREERTOS
2023-05-11 09:45:10,780 [INFO] ApiDbMcu:507 - Load IP Config File for USB_DEVICE
2023-05-11 09:45:15,898 [INFO] LogOutputStream:77 - [STDOUT_REDIRECT] 
2023-05-11 09:45:28,175 [INFO] ProjectBuilder:4505 - Time for Generating toolchain IDE Files: 18387mS.
2023-05-11 09:45:28,177 [INFO] ProjectBuilder:2867 - Time for Copy CMSIS : 1mS.
2023-05-11 09:45:28,189 [INFO] ProjectBuilder:2867 - Time for Copy CMSIS : 7mS.
2023-05-11 09:45:29,615 [INFO] McuFinderGlobals:66 - Set McuFinderConnectedMode to true
2023-05-11 09:45:29,619 [INFO] ApiDb:448 - Save user favorites file C:\Users\es-MohamedHAbdelAziz/.stm32cubeide/favorites.mcus.txt: 1 item(s)
2023-05-11 09:45:29,620 [INFO] ApiDb:452 - User favorites MCUs=[STM32F103C6T6A]
